  33.00  312.18  100.00 1023.000   250.9 0.0000 0.0000 6.0912 10.00     0.0 0000002F 41.4640999 -87.0385971   33.00   251.0 0.0 34951600
  32.70  311.24   91.30 1021.658   262.9 0.0000 0.0000 2.3989 16.99     9.9 0000002F 41.4641685 -87.0386734   32.70   263.0 0.0 34951744
  32.40  310.84   91.31 1021.546   263.9 0.0000 0.0000 2.4061 16.98    17.7 0000002F 41.4642105 -87.0387497   32.40   264.0 0.0 34951888
  32.10  310.43   91.14 1021.323   265.9 0.0000 0.0000 2.4142 17.00    22.3 0000002F 41.4642601 -87.0387573   32.10   266.0 0.0 34952032
  31.81  310.04   91.15 1020.541   272.9 0.0000 0.0000 2.4229 17.05    28.6 0000002F 41.4643211 -87.0387726   31.81   273.0 0.0 34952176
  31.51  309.65   91.16 1020.055   277.9 0.0000 0.0000 2.4321 17.13    38.9 0000002F 41.4644012 -87.0388336   31.51   278.0 0.0 34952320
  31.21  309.25   90.84 1019.528   281.9 0.0000 0.0000 2.4419 17.24    50.8 0000002F 41.4644814 -87.0389328   31.21   282.0 0.0 34952464
  30.91  308.88   91.16 1019.102   287.9 0.0000 0.0000 2.4454 17.48    61.1 0000002F 41.4645500 -87.0390167   30.91   288.0 0.0 34952608
  30.61  308.49   91.17 1018.656   291.9 0.0000 0.0000 2.4484 17.74    68.1 0000002F 41.4646111 -87.0390472   30.61   292.0 0.0 34953040
  30.31  308.11   91.17 1018.180   294.9 0.0000 0.0000 2.4558 18.00    73.5 0000002F 41.4646683 -87.0390472   30.31   295.0 0.0 34953472
  30.01  307.73   91.33 1017.728   298.9 0.0000 0.0000 2.4674 18.24    83.1 0000002F 41.4647484 -87.0390930   30.01   299.0 0.0 34953904
  29.71  307.34   91.18 1017.278   302.9 0.0000 0.0000 2.4805 18.45    95.9 0000002F 41.4648514 -87.0391617   29.71   303.0 0.0 34954336
  29.42  306.97   91.36 1016.821   304.9 0.0000 0.0000 2.4904 18.64   108.7 0000002F 41.4649315 -87.0392838   29.42   305.0 0.0 34954768
  29.12  306.59   91.19 1016.377   307.9 0.0000 0.0000 2.4987 18.83   118.2 0000002F 41.4649811 -87.0393906   29.12   308.0 0.0 34955200
  28.82  306.22   91.36 1015.926   312.9 0.0000 0.0000 2.5024 19.04   126.1 0000002F 41.4650192 -87.0394821   28.82   313.0 0.0 34955632
  28.52  305.85   91.52 1015.458   317.6 0.0000 0.0000 2.5046 19.24   133.2 0000002F 41.4650612 -87.0395508   28.52   317.7 0.0 34956064
  28.22  305.48   91.61 1014.983   322.3 0.0000 0.0000 2.5069 19.44   140.3 0000002F 41.4651070 -87.0396118   28.22   322.5 0.0 34956496
  27.92  305.11   91.70 1014.500   327.0 0.0000 0.0000 2.5105 19.64   147.5 0000002F 41.4651489 -87.0396805   27.92   327.2 0.0 34956640
  27.62  304.73   91.62 1013.990   331.8 0.0000 0.0000 2.5147 19.80   155.0 0000002F 41.4651947 -87.0397491   27.62   331.9 0.0 34957072
  27.32  304.36   91.54 1013.464   336.5 0.0000 0.0000 2.5158 19.91   161.9 0000002F 41.4652367 -87.0398102   27.32   336.6 0.0 34957216
  27.03  303.99   91.63 1012.940   341.2 0.0000 0.0000 2.5168 20.00   169.4 0000002F 41.4652824 -87.0398788   27.03   341.4 0.0 34957648
  26.73  303.62   91.72 1012.413   345.9 0.0000 0.0000 2.5183 20.08   176.2 0000002F 41.4653244 -87.0399399   26.73   346.1 0.0 34957792
  26.43  303.25   91.65 1011.884   350.7 0.0000 0.0000 2.5194 20.19   183.8 0000012F 41.4653702 -87.0400085   26.43   350.8 0.0 34958224
  26.13  302.89   91.58 1011.348   355.4 0.0000 0.0000 2.5216 20.32   191.1 0000002F 41.4654121 -87.0400772   26.13   355.5 0.0 34958368
  25.83  302.53   91.73 1010.804   360.1 0.0000 0.0000 2.5239 20.44   198.2 0000002F 41.4654579 -87.0401382   25.83   360.3 0.0 34958800
  25.53  302.16   91.75 1010.254   364.8 0.0000 0.0000 2.5263 20.53   205.5 0000003F 41.4654999 -87.0402069   25.53   365.0 0.0 34963464
  25.23  301.80   91.76 1009.697   369.8 0.0000 0.0000 2.5304 20.59   215.0 0000003F 41.4655533 -87.0402985   25.23   370.0 0.0 34963896
  24.93  301.44   91.76 1009.133   374.8 0.0000 0.0000 2.5341 20.57   225.2 0000002F 41.4656105 -87.0403976   24.93   375.0 0.0 34964040
  24.64  301.07   91.68 1008.562   380.3 0.0000 0.0000 2.5378 20.52   233.2 0000003F 41.4656601 -87.0404663   24.64   380.5 0.0 34964472
  24.34  300.71   91.60 1007.984   385.8 0.0000 0.0000 2.5402 20.53   240.7 0000003F 41.4657097 -87.0405273   24.34   386.0 0.0 34964616
  24.04  300.35   91.61 1007.400   391.3 0.0000 0.0000 2.4379 19.55   252.0 0000013F 41.4658051 -87.0405884   24.04   391.4 0.0 34965048
  23.74  300.00   91.61 1006.810   396.7 0.0000 0.0000 2.4611 19.88   262.6 0000003F 41.4658966 -87.0406418   23.74   396.9 0.0 34965192
  23.44  299.64   91.62 1006.209   402.1 0.0000 0.0000 2.4817 20.28   274.0 0000003F 41.4659920 -87.0407028   23.44   402.3 0.0 34965336
  23.14  299.28   91.54 1005.609   407.5 0.0000 0.0000 2.5014 20.68   285.4 0000002F 41.4660873 -87.0407639   23.14   407.7 0.0 34965768
  22.84  298.92   91.47 1005.014   413.0 0.0000 0.0000 2.5197 21.10   296.8 0000003F 41.4661827 -87.0408249   22.84   413.1 0.0 34965912
  22.55  298.57   91.56 1004.435   418.4 0.0000 0.0000 2.5354 21.55   307.6 0000002F 41.4662743 -87.0408783   22.55   418.6 0.0 34966344
  22.25  298.22   91.65 1003.870   423.8 0.0000 0.0000 2.5478 22.04   319.1 0000002F 41.4663696 -87.0409393   22.25   424.0 0.0 34966488
  21.95  297.87   91.65 1003.319   429.8 0.0000 0.0000 2.5584 22.41   332.1 0004002F 41.4664688 -87.0410233   21.95   430.0 0.0 34966920
  21.65  297.53   91.82 1002.773   434.8 0.0000 0.0000 2.5687 22.77   345.4 0000002F 41.4665718 -87.0411072   21.65   435.0 0.0 34967352
  21.35  297.18   92.00 1002.232   439.8 0.0000 0.0000 2.5783 23.11   359.2 0000003F 41.4666710 -87.0412064   21.35   440.0 0.0 34967784
  21.05  296.83   91.84 1001.706   443.8 0.0000 0.0000 2.5868 23.44   374.5 0000002F 41.4668007 -87.0412827   21.05   444.0 0.0 34968216
  20.75  296.48   92.00 1001.183   447.8 0.0000 0.0000 2.5947 23.72   388.1 0000002F 41.4669189 -87.0413437   20.75   448.0 0.0 34968648
  20.45  296.14   92.18 1000.676   451.8 0.0000 0.0000 2.6007 23.95   401.7 0000002F 41.4670410 -87.0413971   20.45   452.0 0.0 34969080
  20.16  295.78   91.86 1000.179   456.8 0.0000 0.0000 2.6066 24.14   416.1 0000002F 41.4671593 -87.0414734   20.16   457.0 0.0 34969512
  19.86  295.45   92.18 999.691   461.8 0.0000 0.0000 2.6118 24.31   430.6 0000002F 41.4672813 -87.0415421   19.86   462.0 0.0 34969944
  19.56  295.10   92.02 999.204   465.8 0.0000 0.0000 2.6159 24.48   444.7 0000002F 41.4673882 -87.0416336   19.56   466.0 0.0 34970376
  19.26  294.76   92.19 998.718   470.8 0.0000 0.0000 2.6187 24.63   459.5 0000002F 41.4674988 -87.0417328   19.26   471.0 0.0 34970808
  18.96  294.42   92.37 998.231   474.8 0.0000 0.0000 2.6235 24.72   474.6 0000002F 41.4676208 -87.0418167   18.96   475.0 0.0 34971240
  18.66  294.08   92.53 997.735   479.8 0.0000 0.0000 2.6290 24.79   489.1 0000002F 41.4677315 -87.0419083   18.66   480.0 0.0 34976944
  18.36  293.74   92.70 997.249   483.8 0.0000 0.0000 2.6350 24.85   502.1 0000002F 41.4678307 -87.0419922   18.36   484.0 0.0 34977376
  18.06  293.40   92.70 996.763   488.8 0.0000 0.0000 2.6413 24.90   515.5 0000002F 41.4679298 -87.0420837   18.06   489.0 0.0 34977808
  17.77  293.06   92.87 996.258   492.8 0.0000 0.0000 2.6480 24.94   527.9 0000002F 41.4680290 -87.0421524   17.77   493.0 0.0 34978240
  17.47  292.72   93.03 995.773   496.8 0.0000 0.0000 2.6554 24.97   540.2 0000002F 41.4681206 -87.0422363   17.47   497.0 0.0 34978672
  17.17  292.38   93.04 995.288   501.8 0.0000 0.0000 2.6635 24.98   553.6 0000002F 41.4682198 -87.0423279   17.17   502.0 0.0 34979104
  16.87  292.05   93.37 994.813   505.8 0.0000 0.0000 2.6721 24.97   567.7 0000002F 41.4683304 -87.0424118   16.87   506.0 0.0 34979536
  16.57  291.71   93.37 994.328   510.8 0.0000 0.0000 2.6810 24.98   582.2 0000002F 41.4684410 -87.0425034   16.57   511.0 0.0 34979968
  16.27  291.38   93.54 993.844   516.8 0.0000 0.0000 2.6896 25.01   593.9 0000002F 41.4685402 -87.0425568   16.27   517.0 0.0 34980400
  15.97  291.05   93.70 993.360   519.8 0.0000 0.0000 2.6998 25.08   605.1 0002002F 41.4686317 -87.0426178   15.97   520.0 0.0 34980832
  15.68  290.72   94.03 992.866   523.8 0.0000 0.0000 2.7105 25.18   614.7 0000002F 41.4687119 -87.0426636   15.68   524.0 0.0 34981264
  15.38  290.38   94.03 992.382   527.8 0.0000 0.0000 2.7217 25.29   623.9 0000002F 41.4687881 -87.0427094   15.38   528.0 0.0 34981696
  15.08  290.05   94.37 991.909   532.8 0.0000 0.0000 2.7331 25.40   635.5 0000002F 41.4688797 -87.0427780   15.08   533.0 0.0 34982128
  14.78  289.72   94.53 991.445   537.8 0.0000 0.0000 2.7446 25.53   648.9 0000002F 41.4689903 -87.0428467   14.78   538.0 0.0 34982560
  14.48  289.39   94.70 991.002   541.8 0.0000 0.0000 2.7560 25.67   662.3 0000002F 41.4690895 -87.0429382   14.48   542.0 0.0 34982992
  14.18  289.06   94.86 990.548   546.7 0.0000 0.0000 2.7674 25.84   676.8 0000002F 41.4692116 -87.0430069   14.18   547.0 0.0 34983424
  13.88  288.73   95.19 990.095   550.7 0.0000 0.0000 2.7786 26.03   689.6 0000002F 41.4693108 -87.0430832   13.88   551.0 0.0 34983856
  13.58  288.40   95.51 989.643   553.7 0.0000 0.0000 2.7893 26.24   700.9 0000002F 41.4694099 -87.0431290   13.58   554.0 0.0 34984288
  13.29  288.07   95.69 989.190   557.7 0.0000 0.0000 2.7996 26.45   711.9 0000002F 41.4695091 -87.0431671   13.29   558.0 0.0 34984720
  12.99  287.75   96.02 988.748   561.7 0.0000 0.0000 2.8095 26.67   723.9 0000002F 41.4696083 -87.0432281   12.99   562.0 0.0 34985280
  12.69  287.42   96.50 988.296   565.7 0.0000 0.0000 2.8189 26.90   737.1 0000002F 41.4697304 -87.0432663   12.69   566.0 0.0 34985712
  12.39  287.10   96.82 987.824   569.7 0.0000 0.0000 2.8275 27.15   750.3 0000002F 41.4698410 -87.0433273   12.39   570.0 0.0 34986144
  12.09  286.78   97.31 987.448   573.7 0.0000 0.0000 2.8354 27.41   763.5 0000002F 41.4699593 -87.0433731   12.09   574.0 0.0 34986576
  11.79  286.46   97.81 987.156   578.7 0.0000 0.0000 2.8428 27.66   773.6 0000002F 41.4700584 -87.0433884   11.79   579.0 0.0 34987008
  11.49  286.13   98.28 986.960   582.7 0.0000 0.0000 2.8502 27.90   784.8 0000002F 41.4701691 -87.0434036   11.49   583.0 0.0 34987440
  11.19  285.81   98.77 986.859   587.7 0.0000 0.0000 2.8575 28.12   797.4 0000002F 41.4702911 -87.0434265   11.19   588.0 0.0 34987872
  10.90  285.49   99.00 986.853   594.7 0.0000 0.0000 2.8648 28.32   812.6 0000002F 41.4704285 -87.0434723   10.90   595.0 0.0 34988304
  10.60  285.16   99.00 986.943   589.5 0.0000 0.0000 2.8721 28.51   811.3 0000802F 41.4704704 -87.0433426   10.60   589.8 0.0 34988736
  10.30  284.83   99.00 987.127   584.3 0.0000 0.0000 2.8794 28.68   810.1 0000802F 41.4705086 -87.0432205   10.30   584.6 0.0 34988880
  10.00  284.50   99.00 987.417   579.1 0.0000 0.0000 2.8867 28.84   809.2 0000802F 41.4705505 -87.0430908   10.00   579.4 0.0 34989024
   9.70  284.17   99.00 987.801   574.0 0.0000 0.0000 2.8940 28.99   808.4 0000802F 41.4705925 -87.0429611    9.70   574.2 0.0 34989168
   9.40  283.84   99.00 988.291   568.8 0.0000 0.0000 2.9012 29.13   807.8 0000802F 41.4706345 -87.0428314    9.40   569.0 0.0 34989312
   9.10  283.52   99.00 988.905   563.6 0.0000 0.0000 2.9083 29.26   807.2 0000802F 41.4706726 -87.0427094    9.10   563.8 0.0 34989456
   8.81  283.19   99.00 989.520   558.4 0.0000 0.0000 2.9155 29.39   806.9 0000802F 41.4707146 -87.0425797    8.81   558.6 0.0 34989600
   8.51  282.87   99.00 990.135   553.2 0.0000 0.0000 2.9226 29.50   806.8 0000802F 41.4707565 -87.0424500    8.51   553.4 0.0 34989744
   8.21  282.54   99.00 990.750   548.0 0.0000 0.0000 2.9298 29.61   806.8 0000802F 41.4707947 -87.0423279    8.21   548.3 0.0 34989888
   7.91  282.22   99.00 991.366   542.8 0.0000 0.0000 2.9370 29.71   807.0 0000802F 41.4708366 -87.0421982    7.91   543.1 0.0 34990032
   7.61  281.89   99.00 991.982   537.6 0.0000 0.0000 2.9442 29.81   807.4 0000802F 41.4708786 -87.0420685    7.61   537.9 0.0 34990176
   7.31  281.57   99.00 992.599   532.4 0.0000 0.0000 2.9513 29.90   807.5 0000802F 41.4709167 -87.0419388    7.31   532.7 0.0 34990320
   7.01  281.25   99.00 993.215   527.2 0.0000 0.0000 2.9583 29.99   808.5 0000802F 41.4709587 -87.0418167    7.01   527.5 0.0 34990464
   6.71  280.92   99.00 993.833   522.0 0.0000 0.0000 2.9652 30.07   809.4 0000802F 41.4710007 -87.0416870    6.71   522.3 0.0 34990608
   6.42  280.60   99.00 994.450   516.8 0.0000 0.0000 2.9720 30.15   810.5 0000802F 41.4710426 -87.0415573    6.42   517.1 0.0 34990752
   6.12  280.28   99.00 995.068   511.6 0.0000 0.0000 2.9786 30.23   811.3 0000802F 41.4710808 -87.0414276    6.12   511.9 0.0 34990896
   5.82  279.96   99.00 995.687   506.5 0.0000 0.0000 2.9852 30.30   812.9 0000802F 41.4711227 -87.0413055    5.82   506.7 0.0 34991040
   5.52  279.64   99.00 996.305   501.3 0.0000 0.0000 2.9917 30.36   814.5 0000802F 41.4711647 -87.0411758    5.52   501.5 0.0 34991184
   5.22  279.32   99.00 996.925   496.1 0.0000 0.0000 2.9981 30.42   815.8 0000802F 41.4712029 -87.0410461    5.22   496.3 0.0 34991328
   4.92  279.00   99.00 997.544   490.9 0.0000 0.0000 3.0045 30.46   817.8 0000802F 41.4712448 -87.0409241    4.92   491.1 0.0 34991472
   4.62  278.68   99.00 998.164   485.7 0.0000 0.0000 3.0108 30.51   819.9 0000802F 41.4712868 -87.0407944    4.62   485.9 0.0 34991904
   4.32  278.36   99.00 998.784   480.5 0.0000 0.0000 3.0172 30.54   821.7 0000802F 41.4713249 -87.0406647    4.32   480.7 0.0 34992048
   4.03  278.04   99.00 999.405   475.3 0.0000 0.0000 3.0235 30.57   824.1 0000802F 41.4713669 -87.0405350    4.03   475.5 0.0 34992480
   3.73  277.72   99.00 1000.026   470.1 0.0000 0.0000 3.0297 30.58   826.7 0000802F 41.4714088 -87.0404129    3.73   470.3 0.0 34992624
   3.43  277.40   99.00 1000.648   464.9 0.0000 0.0000 3.0359 30.59   829.4 0000802F 41.4714508 -87.0402832    3.43   465.1 0.0 34994784
   3.13  277.09   99.00 1001.270   459.7 0.0000 0.0000 3.0422 30.60   831.8 0000802F 41.4714890 -87.0401535    3.13   459.9 0.0 34994928
   2.83  276.77   99.00 1001.892   454.5 0.0000 0.0000 3.0485 30.59   834.8 0000802F 41.4715309 -87.0400238    2.83   454.8 0.0 34995360
   2.53  276.45   99.00 1002.515   449.3 0.0000 0.0000 3.0549 30.58   838.1 0000802F 41.4715729 -87.0399017    2.53   449.6 0.0 34995504
   2.23  276.14   99.00 1003.138   444.2 0.0000 0.0000 3.0612 30.56   840.9 0000802F 41.4716110 -87.0397720    2.23   444.4 0.0 34995936
   1.93  275.82   99.00 1003.761   439.0 0.0000 0.0000 3.0676 30.54   844.4 0000802F 41.4716530 -87.0396423    1.93   439.2 0.0 34996080
   1.64  275.51   99.00 1004.385   433.8 0.0000 0.0000 3.0740 30.51   848.1 0000802F 41.4716949 -87.0395203    1.64   434.0 0.0 34996512
   1.34  275.19   99.00 1005.009   428.6 0.0000 0.0000 3.0805 30.48   851.8 0000802F 41.4717369 -87.0393906    1.34   428.8 0.0 34996656
   1.04  274.88   99.00 1005.634   423.4 0.0000 0.0000 3.0870 30.45   855.3 0000802F 41.4717751 -87.0392609    1.04   423.6 0.0 34997088
   0.74  274.56   99.00 1006.259   418.2 0.0000 0.0000 3.0937 30.41   859.3 0000802F 41.4718170 -87.0391312    0.74   418.4 0.0 34997232
   0.74  274.56   99.00 1006.884   413.0 0.0000 0.0000 3.1004 30.38   863.5 0000802F 41.4718590 -87.0390091    0.74   413.2 0.0 34997664
   0.75  274.57   99.00 1007.510   407.8 0.0000 0.0000 3.1072 30.34   867.4 0000802F 41.4718971 -87.0388794    0.75   408.0 0.0 34998096
   0.75  274.57   99.00 1008.136   402.6 0.0000 0.0000 3.1140 30.30   871.8 0000802F 41.4719391 -87.0387497    0.75   402.8 0.0 34998528
   0.77  274.59   99.00 1008.763   397.4 0.0000 0.0000 3.1210 30.26   876.4 0000802F 41.4719810 -87.0386276    0.77   397.6 0.0 34998960
   0.76  274.58   99.00 1009.390   392.2 0.0000 0.0000 3.1281 30.21   880.7 0000802F 41.4720192 -87.0384979    0.76   392.4 0.0 34999392
   0.77  274.59   99.00 1010.017   387.0 0.0000 0.0000 3.1353 30.17   885.5 0000802F 41.4720612 -87.0383682    0.77   387.2 0.0 34999824
   0.78  274.60   99.00 1010.645   381.9 0.0000 0.0000 3.1425 30.13   890.5 0000802F 41.4721031 -87.0382385    0.78   382.0 0.0 35000256
   0.78  274.60   99.00 1011.273   376.7 0.0000 0.0000 3.1497 30.10   895.5 0000802F 41.4721451 -87.0381165    0.78   376.8 0.0 35000688
   0.79  274.61   99.00 1011.901   371.5 0.0000 0.0000 3.1569 30.07   900.3 0000802F 41.4721832 -87.0379868    0.79   371.6 0.0 35001120
   0.79  274.61   99.00 1012.530   366.3 0.0000 0.0000 3.1642 30.04   905.6 0000802F 41.4722252 -87.0378571    0.79   366.4 0.0 35001552
   0.82  274.64   99.00 1013.159   361.1 0.0000 0.0000 3.1716 30.01   911.0 0000802F 41.4722672 -87.0377350    0.82   361.3 0.0 35001984
   0.87  274.69   98.58 1013.789   355.9 0.0000 0.0000 3.1790 29.99   916.2 0000802F 41.4723053 -87.0376053    0.87   356.1 0.0 35002416
   0.87  274.69   97.93 1014.419   350.7 0.0000 0.0000 3.1864 29.97   921.8 0000802F 41.4723473 -87.0374756    0.87   350.9 0.0 35002976
   0.87  274.68   97.28 1015.050   345.5 0.0000 0.0000 3.1938 29.96   927.6 0000802F 41.4723892 -87.0373459    0.87   345.7 0.0 35003408
   0.91  274.72   96.79 1015.680   340.3 0.0000 0.0000 3.2012 29.95   933.0 0000802F 41.4724274 -87.0372238    0.91   340.5 0.0 35003840
   0.91  274.71   96.14 1016.312   335.1 0.0000 0.0000 3.2086 29.94   939.1 0000802F 41.4724693 -87.0370941    0.91   335.3 0.0 35004272
   0.89  274.69   95.65 1016.943   329.9 0.0000 0.0000 3.2159 29.93   945.2 0000802F 41.4725113 -87.0369644    0.89   330.1 0.0 35004704
   0.90  274.70   95.32 1017.575   324.7 0.0000 0.0000 3.2233 29.93   951.4 0000802F 41.4725533 -87.0368347    0.90   324.9 0.0 35005136
   0.93  274.73   94.84 1018.208   319.5 0.0000 0.0000 3.2305 29.94   957.2 0000802F 41.4725914 -87.0367126    0.93   319.7 0.0 35005568
   0.93  274.72   94.83 1018.841   314.4 0.0000 0.0000 3.2377 29.94   963.6 0000802F 41.4726334 -87.0365829    0.93   314.5 0.0 35006000
   0.92  274.71   94.36 1019.474   309.2 0.0000 0.0000 3.2448 29.96   970.2 0000802F 41.4726753 -87.0364532    0.92   309.3 0.0 35006432
   0.88  274.67   93.87 1020.107   304.0 0.0000 0.0000 3.2519 29.97   976.3 0000802F 41.4727135 -87.0363312    0.88   304.1 0.0 35006864
   0.86  274.64   93.22 1020.741   298.8 0.0000 0.0000 3.2590 29.98   983.0 0000802F 41.4727554 -87.0362015    0.86   298.9 0.0 35007296
   0.84  274.61   92.57 1021.376   293.6 0.0000 0.0000 3.2660 30.00   989.8 0000802F 41.4727974 -87.0360718    0.84   293.7 0.0 35007728
   0.80  274.57   91.60 1022.010   288.4 0.0000 0.0000 3.2731 30.02   996.7 0000802F 41.4728394 -87.0359421    0.80   288.5 0.0 35008160
   0.81  274.57   90.63 1022.646   283.2 0.0000 0.0000 3.2801 30.04  1003.1 0000802F 41.4728775 -87.0358200    0.81   283.3 0.0 35008592
   0.88  274.64   90.16 1023.281   278.0 0.0000 0.0000 3.2871 30.06  1010.2 0000802F 41.4729195 -87.0356903    0.88   278.1 0.0 35009024
   0.97  274.73   89.83 1023.917   272.8 0.0000 0.0000 3.2942 30.08  1017.4 0000802F 41.4729614 -87.0355606    0.97   272.9 0.0 35009456
   1.07  274.83   89.82 1024.554   267.6 0.0000 0.0000 3.3012 30.10  1024.2 0000802F 41.4729996 -87.0354309    1.07   267.8 0.0 35009888
   1.07  274.83   89.66 1025.190   262.4 0.0000 0.0000 3.3082 30.13  1031.4 0000802F 41.4730415 -87.0353088    1.07   262.6 0.0 35010320
   1.06  274.82   89.51 1025.827   257.2 0.0000 0.0000 3.3152 30.15  1038.8 0000802F 41.4730835 -87.0351791    1.06   257.4 0.0 35010752
   1.03  274.79   89.35 1026.465   252.1 0.0000 0.0000 3.3221 30.18  1045.9 0000802F 41.4731216 -87.0350494    1.03   252.2 0.0 35011312
   1.01  274.76   88.87 1027.103   246.9 0.0000 0.0000 3.3291 30.21  1053.2 0000802F 41.4731636 -87.0349274    1.01   247.0 0.0 35011744
   0.98  274.73   88.70 1027.741   241.7 0.0000 0.0000 3.3360 30.24  1060.9 0000802F 41.4732056 -87.0347977    0.98   241.8 0.0 35012176
   0.95  274.69   87.74 1028.380   236.5 0.0000 0.0000 3.3430 30.27  1068.6 0000802F 41.4732475 -87.0346680    0.95   236.6 0.0 35012608
   0.96  274.70   87.10 1029.019   231.3 0.0000 0.0000 3.3499 30.31  1076.0 0000802F 41.4732857 -87.0345383    0.96   231.4 0.0 35013040
   0.97  274.70   86.46 1029.659   226.1 0.0000 0.0000 3.3568 30.34  1083.6 0000802F 41.4733276 -87.0344162    0.97   226.2 0.0 35013472
   1.00  274.73   86.14 1030.299   220.9 0.0000 0.0000 3.3637 30.38  1091.6 0000802F 41.4733696 -87.0342865    1.00   221.0 0.0 35013904
   1.04  274.77   85.98 1030.939   215.7 0.0000 0.0000 3.3705 30.41  1099.2 0000802F 41.4734077 -87.0341568    1.04   215.8 0.0 35014336
   1.06  274.79   85.81 1031.580   210.5 0.0000 0.0000 3.3774 30.45  1107.0 0000802F 41.4734497 -87.0340347    1.06   210.6 0.0 35014768
   1.10  274.83   85.49 1032.221   205.3 0.0000 0.0000 3.3842 30.49  1115.1 0000802F 41.4734917 -87.0339050    1.10   205.4 0.0 35015200
   1.12  274.85   85.65 1032.862   200.1 0.0000 0.0000 3.3910 30.54  1122.9 0000802F 41.4735298 -87.0337753    1.12   200.2 0.0 35015632
   1.23  274.97   85.81 1033.504   194.9 0.0000 0.0000 3.3978 30.58  1131.2 0000802F 41.4735718 -87.0336456    1.23   195.0 0.0 35016064
   1.27  275.01   85.97 1034.146   189.7 0.0000 0.0000 3.4046 30.63  1139.3 0000802F 41.4736137 -87.0335236    1.27   189.8 0.0 35016496
   1.24  274.98   85.98 1034.789   184.6 0.0000 0.0000 3.4113 30.67  1147.6 0000802F 41.4736557 -87.0333939    1.24   184.6 0.0 35016928
   1.23  274.97   86.30 1035.432   179.4 0.0000 0.0000 3.4181 30.72  1155.7 0000802F 41.4736938 -87.0332642    1.23   179.4 0.0 35017360
   1.22  274.96   86.13 1036.076   174.2 0.0000 0.0000 3.4248 30.77  1163.9 0000802F 41.4737358 -87.0331421    1.22   174.3 0.0 35017792
   1.22  274.96   86.29 1036.720   169.0 0.0000 0.0000 3.4315 30.82  1172.5 0000802F 41.4737778 -87.0330124    1.22   169.1 0.0 35018224
   1.21  274.95   86.30 1037.364   163.8 0.0000 0.0000 3.4382 30.87  1180.7 0000802F 41.4738159 -87.0328827    1.21   163.9 0.0 35018656
   1.22  274.96   86.77 1038.009   158.6 0.0000 0.0000 3.4448 30.92  1189.3 0000802F 41.4738579 -87.0327530    1.22   158.7 0.0 35019088
   1.22  274.96   86.76 1038.654   153.4 0.0000 0.0000 3.4514 30.98  1197.8 0000802F 41.4738998 -87.0326309    1.22   153.5 0.0 35020672
   1.20  274.94   87.08 1039.299   148.2 0.0000 0.0000 3.4580 31.04  1206.5 0000802F 41.4739418 -87.0325012    1.20   148.3 0.0 35021104
   1.18  274.92   87.40 1039.945   143.0 0.0000 0.0000 3.4646 31.09  1215.0 0000802F 41.4739799 -87.0323715    1.18   143.1 0.0 35021248
   1.15  274.89   87.49 1040.592   137.8 0.0000 0.0000 3.4711 31.15  1223.8 0000802F 41.4740219 -87.0322418    1.15   137.9 0.0 35021680
   1.12  274.86   87.57 1041.238   132.6 0.0000 0.0000 3.4777 31.21  1232.4 0000802F 41.4740639 -87.0321198    1.12   132.7 0.0 35021824
   1.09  274.83   87.81 1041.885   127.4 0.0000 0.0000 3.4842 31.27  1241.0 0000802F 41.4741020 -87.0319901    1.09   127.5 0.0 35022256
   1.05  274.79   88.05 1042.533   122.3 0.0000 0.0000 3.4906 31.34  1250.0 0000802F 41.4741440 -87.0318604    1.05   122.3 0.0 35022400
   1.02  274.77   88.29 1043.181   117.1 0.0000 0.0000 3.4970 31.40  1258.8 0000802F 41.4741859 -87.0317383    1.02   117.1 0.0 35022832
   1.00  274.74   88.53 1043.829   111.9 0.0000 0.0000 3.5032 31.46  1267.5 0000802F 41.4742241 -87.0316086    1.00   111.9 0.0 35022976
   0.98  274.72   88.71 1044.478   106.7 0.0000 0.0000 3.5091 31.52  1276.6 0000802F 41.4742661 -87.0314789    0.98   106.7 0.0 35023408
   0.95  274.69   88.88 1045.127   101.5 0.0000 0.0000 3.5148 31.58  1285.8 0000802F 41.4743080 -87.0313492    0.95   101.5 0.0 35023552
   0.93  274.67   89.03 1045.777    96.3 0.0000 0.0000 3.5200 31.64  1294.7 0000812F 41.4743500 -87.0312271    0.93    96.3 0.0 35023984
   0.91  274.65   89.18 1046.427    91.1 0.0000 0.0000 3.5248 31.69  1303.6 0000812F 41.4743881 -87.0310974    0.91    91.1 0.0 35024128
   0.89  274.63   89.33 1047.077    85.9 0.0000 0.0000 3.5291 31.73  1312.9 0000802F 41.4744301 -87.0309677    0.89    85.9 0.0 35024272
   0.87  274.61   89.65 1047.728    80.7 0.0000 0.0000 3.5329 31.77  1322.2 0000812F 41.4744720 -87.0308380    0.87    80.8 0.0 35024704
   0.85  274.59   89.98 1048.379    75.5 0.0000 0.0000 3.5361 31.80  1330.9 0000802F 41.4745102 -87.0307159    0.85    75.6 0.0 35024848
   0.83  274.57   90.31 1049.030    70.3 0.0000 0.0000 3.5386 31.82  1340.3 0000802F 41.4745522 -87.0305862    0.83    70.4 0.0 35025280
   0.80  274.54   90.64 1049.682    65.1 0.0000 0.0000 3.5404 31.83  1349.8 0000802F 41.4745941 -87.0304565    0.80    65.2 0.0 35025424
   0.77  274.51   90.71 1050.335    59.9 0.0000 0.0000 3.5415 31.84  1358.6 0000802F 41.4746323 -87.0303345    0.77    60.0 0.0 35025856
   0.74  274.48   90.79 1050.880    54.8 0.0000 0.0000 3.5418 31.83  1368.1 0000802F 41.4746742 -87.0302048    0.74    54.8 0.0 35026000
   0.71  274.45   91.11 1051.317    49.6 0.0000 0.0000 3.5412 31.81  1377.6 0000802F 41.4747162 -87.0300751    0.71    49.6 0.0 35026432
   0.68  274.42   91.43 1051.647    44.4 0.0000 0.0000 3.5398 31.78  1387.2 0000802F 41.4747581 -87.0299454    0.68    44.4 0.0 35026576
   0.66  274.40   91.76 1051.870    39.2 0.0000 0.0000 3.5376 31.74  1396.1 0000802F 41.4747963 -87.0298233    0.65    39.2 0.0 35027008
   0.64  274.38   92.08 1051.984    34.0 0.0000 0.0000 3.5345 31.68  1405.8 0000802F 41.4748383 -87.0296936    0.63    34.0 0.0 35027152
   0.60  274.35   92.39 1051.992    38.0 0.0000 0.0000 3.5306 31.62  1417.4 0000802F 41.4749756 -87.0297241    0.60    38.1 0.0 35027584
   0.57  274.31   92.70 1051.892    42.1 0.0000 0.0000 3.5261 31.55  1428.8 0000802F 41.4751091 -87.0297546    0.56    42.1 0.0 35027728
   0.54  274.28   92.89 1051.684    46.1 0.0000 0.0000 3.5210 31.47  1440.3 0000802F 41.4752464 -87.0297928    0.53    46.2 0.0 35028160
   0.52  274.26   93.05 1051.369    50.2 0.0000 0.0000 3.5153 31.38  1452.2 0000802F 41.4753838 -87.0298233    0.51    50.2 0.0 35033848
   0.49  274.23   93.39 1050.946    54.3 0.0000 0.0000 3.5093 31.28  1464.1 0000802F 41.4755211 -87.0298538    0.48    54.3 0.0 35034280
   0.45  274.19   93.55 1050.416    58.3 0.0000 0.0000 3.5029 31.18  1475.8 0000802F 41.4756546 -87.0298843    0.44    58.3 0.0 35034712
   0.43  274.17   93.55 1049.886    62.4 0.0000 0.0000 3.4963 31.07  1487.5 0000802F 41.4757919 -87.0299225    0.42    62.4 0.0 35035144
   0.40  274.14   93.90 1049.356    66.4 0.0000 0.0000 3.4896 30.95  1499.7 0000802F 41.4759293 -87.0299530    0.39    66.4 0.0 35035576
   0.38  274.12   94.02 1048.827    70.5 0.0000 0.0000 3.4827 30.83  1511.9 0000802F 41.4760666 -87.0299835    0.37    70.5 0.0 35036008
   0.34  274.09   94.37 1048.297    74.5 0.0000 0.0000 3.4759 30.70  1523.8 0000802F 41.4762001 -87.0300140    0.33    74.6 0.0 35036440
   0.31  274.05   94.37 1047.768    78.6 0.0000 0.0000 3.4691 30.56  1536.1 0000802F 41.4763374 -87.0300446    0.30    78.6 0.0 35036872
   0.28  274.02   94.37 1047.239    82.6 0.0000 0.0000 3.4625 30.42  1548.2 0000802F 41.4764748 -87.0300827    0.27    82.7 0.0 35037304
   0.27  274.02   94.71 1046.711    86.7 0.0000 0.0000 3.4562 30.27  1560.2 0000802F 41.4766083 -87.0301132    0.26    86.7 0.0 35037736
   0.25  274.00   94.86 1046.034    90.7 0.0000 0.0000 3.4501 30.11  1572.7 0000802F 41.4767456 -87.0301437    0.24    90.8 0.0 35038168
   0.23  273.98   95.21 1045.210    94.8 0.0000 0.0000 3.4444 29.95  1585.3 0000802F 41.4768829 -87.0301743    0.22    94.8 0.0 35038600
   0.18  273.93   95.50 1044.237    98.9 0.0000 0.0000 3.4391 29.78  1597.6 0000802F 41.4770203 -87.0302124    0.17    98.9 0.0 35039032
   0.15  273.90   95.52 1043.118   102.9 0.0000 0.0000 3.4343 29.61  1609.8 0000802F 41.4771538 -87.0302429    0.14   102.9 0.0 35039464
   0.12  273.86   95.69 1041.852   107.0 0.0000 0.0000 3.4299 29.43  1622.5 0000802F 41.4772911 -87.0302734    0.11   107.0 0.0 35039896
   0.10  273.85   95.84 1040.440   130.8 0.0000 0.0000 3.4259 29.24  1643.8 0000802E 41.4776115 -87.0305939    0.09   130.9 0.0 35040328
   0.09  273.84   96.34 1038.881   154.7 0.0000 0.0000 3.4224 29.05  1666.2 0000802E 41.4779320 -87.0309067    0.08   154.8 0.0 35040760
   0.06  273.81   96.35 1037.177   178.6 0.0000 0.0000 3.4192 28.85  1689.7 0000802E 41.4782562 -87.0312271    0.05   178.7 0.0 35041192
   0.02  273.77   96.68 1035.328   202.5 0.0000 0.0000 3.4165 28.64  1713.8 0000C02E 41.4785767 -87.0315399    0.01   202.6 0.0 35041624
  -0.01  273.74   96.98 1033.334   226.4 0.0000 0.0000 3.4142 28.44  1738.5 0000802E 41.4788971 -87.0318604   -0.02   226.5 0.0 35042184
  -0.04  273.71   97.01 1031.195   250.3 0.0000 0.0000 3.4123 28.22  1764.2 0000802E 41.4792175 -87.0321732   -0.05   250.4 0.0 35042616
  -0.06  273.70   97.33 1029.061   274.2 0.0000 0.0000 3.4109 28.00  1790.8 0000802E 41.4795418 -87.0324936   -0.07   274.3 0.0 35043048
  -0.09  273.67   97.50 1026.931   298.1 0.0000 0.0000 3.4098 27.78  1817.9 0000802E 41.4798622 -87.0328064   -0.10   298.2 0.0 35043480
  -0.13  273.63   97.99 1024.806   322.0 0.0000 0.0000 3.4091 27.56  1845.5 0000802E 41.4801826 -87.0331268   -0.14   322.2 0.0 35043912
  -0.17  273.59   97.83 1022.685   345.9 0.0000 0.0000 3.4089 27.33  1873.9 0000802E 41.4805031 -87.0334396   -0.18   346.1 0.0 35044344
  -0.21  273.55   98.18 1020.568   369.8 0.0000 0.0000 3.4090 27.10  1902.8 0000802E 41.4808235 -87.0337601   -0.22   370.0 0.0 35044776
  -0.24  273.52   98.46 1018.456   393.7 0.0000 0.0000 3.4096 26.86  1932.7 0000802E 41.4811478 -87.0340805   -0.25   393.9 0.0 35045208
  -0.25  273.51   98.48 1016.348   417.5 0.0000 0.0000 3.4105 26.62  1962.8 0000802E 41.4814682 -87.0343933   -0.26   417.8 0.0 35045640
  -0.27  273.49   98.98 1014.245   441.4 0.0000 0.0000 3.4119 26.38  1993.4 0000802E 41.4817886 -87.0347137   -0.28   441.7 0.0 35046072
  -0.27  273.50   99.00 1012.145   465.3 0.0000 0.0000 3.4136 26.14  2024.6 0000812E 41.4821091 -87.0350266   -0.28   465.6 0.0 35046504
  -0.28  273.49   99.00 1010.051   489.2 0.0000 0.0000 3.4158 25.90  2056.6 0000812E 41.4824333 -87.0353470   -0.29   489.5 0.0 35046936
  -0.29  273.48   99.00 1007.960   513.1 0.0000 0.0000 3.4183 25.65  2088.7 0000802E 41.4827538 -87.0356598   -0.30   513.4 0.0 35047368
  -0.29  273.48   99.00 1005.874   537.0 0.0000 0.0000 3.4213 25.41  2121.2 0000802E 41.4830742 -87.0359802   -0.30   537.3 0.0 35047800
  -0.29  273.48   99.00 1003.792   560.9 0.0000 0.0000 3.4246 25.16  2154.1 0000802E 41.4833946 -87.0362930   -0.30   561.2 0.0 35048232
  -0.30  273.47   99.00 1001.715   584.8 0.0000 0.0000 3.4284 24.91  2187.9 0000802E 41.4837189 -87.0366135   -0.31   585.1 0.0 35048664
  -0.29  273.48   99.00 999.642   608.7 0.0000 0.0000 3.4325 24.66  2221.6 0000802E 41.4840393 -87.0369263   -0.30   609.0 0.0 35049096
  -0.28  273.49   99.00 997.573   632.6 0.0000 0.0000 3.4370 24.41  2255.7 0000802E 41.4843597 -87.0372467   -0.29   632.9 0.0 35049528
  -0.30  273.47   99.00 995.508   656.5 0.0000 0.0000 3.4419 24.17  2290.1 0000802E 41.4846802 -87.0375671   -0.31   656.8 0.0 35051360
  -0.29  273.49   99.00 993.448   680.3 0.0000 0.0000 3.4473 23.92  2324.9 0000802E 41.4850006 -87.0378799   -0.30   680.7 0.0 35051792
  -0.29  273.49   99.00 991.392   704.2 0.0000 0.0000 3.4529 23.67  2360.4 0000802E 41.4853249 -87.0382004   -0.30   704.6 0.0 35052224
  -0.30  273.48   99.00 989.340   728.1 0.0000 0.0000 3.4590 23.43  2395.8 0000802E 41.4856453 -87.0385132   -0.31   728.5 0.0 35052656
  -0.31  273.47   99.00 987.292   752.0 0.0000 0.0000 3.4654 23.18  2431.5 0000802E 41.4859657 -87.0388336   -0.32   752.5 0.0 35053088
  -0.33  273.45   99.00 985.249   775.9 0.0000 0.0000 3.4721 22.94  2467.5 0001002E 41.4862862 -87.0391464   -0.34   776.4 0.0 35053520
  -0.35  273.43   99.00 983.210   799.8 0.0000 0.0000 3.4792 22.70  2504.2 0000002E 41.4866104 -87.0394669   -0.36   800.3 0.0 35053952
  -0.38  273.40   99.00 981.175   823.7 0.0000 0.0000 3.4865 22.46  2540.7 0000002E 41.4869308 -87.0397797   -0.39   824.2 0.0 35054384
  -0.41  273.37   99.00 979.144   847.6 0.0000 0.0000 3.4942 22.22  2577.5 0000002E 41.4872513 -87.0401001   -0.42   848.1 0.0 35054816
  -0.44  273.34   99.00 977.118   871.5 0.0000 0.0000 3.5021 21.99  2614.5 0000002E 41.4875717 -87.0404205   -0.45   872.0 0.0 35054960
  -0.47  273.31   99.00 975.095   895.4 0.0000 0.0000 3.5102 21.75  2651.7 0000002E 41.4878922 -87.0407333   -0.48   895.9 0.0 35055392
  -0.50  273.28   99.00 973.077   919.3 0.0000 0.0000 3.5186 21.52  2689.5 0000002E 41.4882164 -87.0410538   -0.51   919.8 0.0 35055536
  -0.54  273.24   99.00 971.063   943.1 0.0000 0.0000 3.5272 21.29  2727.1 0000002E 41.4885368 -87.0413666   -0.54   943.7 0.0 35055968
  -0.57  273.21   99.00 969.054   967.0 0.0000 0.0000 3.5359 21.06  2765.0 0000002E 41.4888573 -87.0416870   -0.58   967.6 0.0 35056112
  -0.60  273.18   99.00 967.048   990.9 0.0000 0.0000 3.5444 20.88  2803.0 0000002E 41.4891777 -87.0419998   -0.61   991.5 0.0 35056544
  -0.63  273.15   99.00 965.047  1014.8 0.0000 0.0000 3.5511 20.75  2841.7 0000002E 41.4895020 -87.0423203   -0.64  1015.4 0.0 35056976
  -0.68  273.10   99.00 963.049  1038.7 0.0000 0.0000 3.5553 20.68  2880.0 0000002E 41.4898224 -87.0426331   -0.69  1039.3 0.0 35057408
  -0.71  273.07   99.00 961.056  1062.6 0.0000 0.0000 3.5592 20.62  2918.6 0000002E 41.4901428 -87.0429535   -0.72  1063.2 0.0 35057840
  -0.74  273.04   99.00 959.067  1086.5 0.0000 0.0000 3.5640 20.57  2957.3 0000002E 41.4904633 -87.0432663   -0.75  1087.1 0.0 35057984
  -0.74  273.04   99.00 957.082  1110.4 0.0000 0.0000 3.5688 20.55  2996.6 0000002E 41.4907875 -87.0435867   -0.75  1111.0 0.0 35058416
  -0.74  273.04   99.00 955.101  1134.3 0.0000 0.0000 3.5729 20.57  3035.7 0000082E 41.4911079 -87.0439072   -0.75  1134.9 0.0 35058560
  -0.69  273.10   99.00 953.125  1158.2 0.0000 0.0000 3.5756 20.61  3074.8 0000002E 41.4914284 -87.0442200   -0.69  1158.8 0.0 35058992
  -0.63  273.16   99.00 951.152  1182.1 0.0000 0.0000 3.5769 20.67  3114.1 0000002E 41.4917488 -87.0445404   -0.64  1182.8 0.0 35059136
  -0.57  273.23   99.00 949.183  1206.0 0.0000 0.0000 3.5780 20.74  3153.5 0000002E 41.4920692 -87.0448532   -0.57  1206.7 0.0 35060720
  -0.50  273.30   99.00 947.219  1229.8 0.0000 0.0000 3.5805 20.84  3193.6 0000002E 41.4923935 -87.0451736   -0.51  1230.6 0.0 35060864
  -0.40  273.41   99.00 945.258  1253.7 0.0000 0.0000 3.5835 20.99  3233.2 0000002E 41.4927139 -87.0454865   -0.41  1254.5 0.0 35061296
  -0.29  273.52   99.00 943.302  1277.6 0.0000 0.0000 3.5864 21.22  3273.1 0000002E 41.4930344 -87.0458069   -0.30  1278.4 0.0 35061440
  -0.11  273.72   99.00 941.350  1301.5 0.0000 0.0000 3.5888 21.49  3312.9 0000002E 41.4933548 -87.0461197   -0.12  1302.3 0.0 35061872
   0.08  273.91   99.00 939.402  1325.4 0.0000 0.0000 3.5905 21.78  3353.4 0000002E 41.4936790 -87.0464401    0.07  1326.2 0.0 35062016
   0.10  273.94   99.00 937.457  1349.3 0.0000 0.0000 3.5938 22.03  3393.5 0000002E 41.4939995 -87.0467529    0.11  1350.1 0.0 35062448
   0.13  273.96   99.00 935.517  1373.2 0.0000 0.0000 3.6003 22.24  3433.8 0000002E 41.4943199 -87.0470734    0.14  1374.0 0.0 35062592
   0.27  274.11   99.00 933.581  1376.2 0.0000 0.0000 3.6094 22.46  3443.3 0000002E 41.4944191 -87.0469971    0.28  1377.0 0.0 35063024
   0.45  274.30   99.00 931.649  1379.2 0.0000 0.0000 3.6181 22.74  3456.7 0000002E 41.4945488 -87.0469513    0.46  1380.0 0.0 35063456
   0.65  274.52   99.00 929.721  1385.2 0.0000 0.0000 3.6245 23.01  3471.5 0000002E 41.4946899 -87.0469208    0.66  1386.0 0.0 35063888
   0.77  274.64   99.00 927.796  1391.2 0.0000 0.0000 3.6299 23.28  3483.8 0000002E 41.4948082 -87.0468826    0.78  1392.0 0.0 35064320
   0.89  274.77   99.00 925.876  1394.2 0.0000 0.0000 3.6373 23.52  3492.5 0000002E 41.4948997 -87.0468063    0.90  1395.0 0.0 35064752
   0.90  274.78   99.00 923.960  1397.2 0.0000 0.0000 3.6471 23.75  3499.7 0000002E 41.4949799 -87.0467072    0.91  1398.0 0.0 35065184
   0.96  274.85   99.00 922.047  1400.2 0.0000 0.0000 3.6578 24.01  3510.9 0000002E 41.4950905 -87.0466537    0.97  1401.0 0.0 35065616
   1.10  275.01   99.00 920.139  1402.2 0.0000 0.0000 3.6678 24.33  3522.0 0000002E 41.4952011 -87.0465927    1.12  1403.0 0.0 35066048
   1.23  275.15   99.00 918.235  1406.2 0.0000 0.0000 3.6754 24.63  3533.3 0000002E 41.4953117 -87.0465469    1.25  1407.0 0.0 35066480
   1.33  275.26   99.00 916.334  1412.2 0.0000 0.0000 3.6822 24.88  3542.2 0000002E 41.4953995 -87.0465012    1.35  1413.0 0.0 35066912
   1.39  275.32   99.00 914.438  1417.2 0.0000 0.0000 3.6903 25.06  3549.6 0000002E 41.4954796 -87.0464096    1.41  1418.0 0.0 35067344
   1.45  275.39   99.00 912.545  1420.2 0.0000 0.0000 3.6997 25.23  3558.6 0000002E 41.4955788 -87.0462875    1.47  1421.0 0.0 35067776
   1.48  275.42   99.00 910.657  1423.1 0.0000 0.0000 3.7090 25.42  3572.3 0000002E 41.4957199 -87.0461731    1.50  1424.0 0.0 35068208
   1.51  275.45   99.00 908.772  1427.6 0.0000 0.0000 3.7173 25.61  3583.9 0000002E 41.4958344 -87.0461121    1.53  1428.5 0.0 35069792
   1.56  275.51   99.00 906.891  1432.1 0.0000 0.0000 3.7229 25.81  3595.5 0000002E 41.4959488 -87.0460434    1.58  1433.0 0.0 35070224
   1.57  275.52   99.00 905.014  1436.1 0.0000 0.0000 3.7273 25.96  3602.7 0000002E 41.4960289 -87.0459366    1.59  1437.0 0.0 35070656
   1.59  275.54   99.00 903.141  1440.1 0.0000 0.0000 3.7320 26.06  3609.2 0000002E 41.4961014 -87.0458298    1.61  1441.0 0.0 35071088
   1.59  275.54   99.00 901.272  1445.1 0.0000 0.0000 3.7385 26.20  3618.3 0000002E 41.4962006 -87.0457001    1.61  1446.0 0.0 35071520
   1.60  275.56   99.00 899.407  1448.1 0.0000 0.0000 3.7464 26.37  3632.3 0000002E 41.4963417 -87.0455933    1.62  1449.0 0.0 35071952
   1.61  275.57   99.00 897.545  1451.1 0.0000 0.0000 3.7531 26.52  3644.2 0000002E 41.4964600 -87.0455093    1.63  1452.0 0.0 35072384
   1.65  275.61   99.00 895.688  1457.1 0.0000 0.0000 3.7582 26.65  3655.5 0000002E 41.4965706 -87.0454483    1.67  1458.0 0.0 35072816
   1.74  275.71   99.00 893.834  1462.1 0.0000 0.0000 3.7619 26.71  3663.1 0000002E 41.4966507 -87.0453491    1.76  1463.0 0.0 35073248
   1.78  275.75   99.00 891.984  1465.1 0.0000 0.0000 3.7654 26.72  3668.1 0000002E 41.4967117 -87.0452194    1.80  1466.0 0.0 35073680
   1.79  275.77   99.00 890.138  1470.1 0.0000 0.0000 3.7684 26.74  3677.4 0000002E 41.4968109 -87.0450897    1.81  1471.0 0.0 35074112
   1.77  275.75   99.00 888.296  1473.1 0.0000 0.0000 3.7714 26.78  3690.4 0000002E 41.4969406 -87.0449829    1.79  1474.0 0.0 35074544
   1.75  275.73   99.00 886.457  1477.1 0.0000 0.0000 3.7741 26.83  3702.3 0000002E 41.4970589 -87.0448914    1.77  1478.0 0.0 35074976
   1.73  275.71   99.00 884.748  1484.1 0.0000 0.0000 3.7764 26.88  3712.9 0000002E 41.4971619 -87.0448227    1.75  1485.0 0.0 35075408
   1.70  275.68   99.00 883.158  1490.1 0.0000 0.0000 3.7783 26.87  3719.9 0000002E 41.4972382 -87.0447083    1.72  1491.0 0.0 35075840
   1.67  275.65   99.00 881.648  1494.1 0.0000 0.0000 3.7790 26.85  3727.2 0000002E 41.4973183 -87.0445709    1.69  1495.0 0.0 35076272
   1.66  275.64   99.00 880.226  1499.1 0.0000 0.0000 3.7793 26.83  3737.2 0000002E 41.4974213 -87.0444489    1.68  1500.0 0.0 35076704
   1.64  275.62   99.00 878.933  1502.1 0.0000 0.0000 3.7811 26.82  3747.1 0000002F 41.4975204 -87.0443497    1.66  1503.0 0.0 35077136
   1.65  275.63   99.00 877.757  1506.1 0.0000 0.0000 3.7844 26.83  3756.0 0000002F 41.4976082 -87.0442734    1.67  1507.0 0.0 35077568
   1.63  275.61   99.00 876.690  1511.1 0.0000 0.0000 3.7882 26.79  3768.6 0000002F 41.4977303 -87.0441971    1.65  1512.0 0.0 35080176
   1.64  275.62   99.00 875.720  1520.1 0.0000 0.0000 3.7906 26.69  3778.7 0000002F 41.4978294 -87.0441132    1.66  1521.0 0.0 35080608
   1.63  275.61   99.00 874.867  1528.1 0.0000 0.0000 3.7920 26.59  3789.7 0000002F 41.4979401 -87.0439911    1.65  1529.0 0.0 35081040
   1.61  275.59   99.00 874.150  1532.1 0.0000 0.0000 3.7922 26.49  3799.2 0000002F 41.4980392 -87.0438385    1.63  1533.0 0.0 35081472
   1.59  275.57   99.00 873.520  1537.1 0.0000 0.0000 3.7931 26.41  3808.1 0000002F 41.4981308 -87.0437088    1.61  1538.0 0.0 35081904
   1.56  275.54   99.00 872.851  1543.0 0.0000 0.0000 3.7952 26.35  3814.8 0000002F 41.4981995 -87.0436172    1.58  1544.0 0.0 35082336
   1.51  275.48   99.00 872.203  1550.0 0.0000 0.0000 3.7986 26.29  3824.4 0000002F 41.4982910 -87.0435562    1.53  1551.0 0.0 35082768
   1.49  275.46   99.00 871.584  1555.0 0.0000 0.0000 3.8022 26.22  3832.9 0002002F 41.4983711 -87.0435181    1.51  1556.0 0.0 35083200
   1.45  275.42   99.00 870.985  1558.0 0.0000 0.0000 3.8048 26.14  3845.3 0000002F 41.4984894 -87.0434418    1.47  1559.0 0.0 35083632
   1.42  275.39   99.00 870.397  1566.0 0.0000 0.0000 3.8071 26.03  3856.8 0000002F 41.4986000 -87.0433502    1.44  1567.0 0.0 35084064
   1.40  275.37   99.00 869.691  1574.0 0.0000 0.0000 3.8100 25.94  3866.6 0000002F 41.4986992 -87.0432205    1.42  1575.0 0.0 35084496
   1.37  275.34   99.00 869.005  1577.0 0.0000 0.0000 3.8137 25.88  3875.6 0000002F 41.4987907 -87.0430832    1.39  1578.0 0.0 35084928
   1.33  275.29   99.00 868.350  1583.0 0.0000 0.0000 3.8190 25.80  3883.8 0000002F 41.4988708 -87.0429916    1.35  1584.0 0.0 35085360
   1.31  275.27   99.00 867.694  1589.0 0.0000 0.0000 3.8234 25.68  3892.2 0000002F 41.4989510 -87.0429382    1.33  1590.0 0.0 35085792
   1.28  275.24   99.00 867.005  1592.0 0.0000 0.0000 3.8267 25.53  3904.9 0000002F 41.4990692 -87.0428772    1.30  1593.0 0.0 35086224
   1.25  275.21   99.00 866.331  1609.0 0.0000 0.0000 3.8289 25.37  3926.8 0000002F 41.4992790 -87.0427094    1.27  1610.0 0.0 35086656
   1.19  275.15   99.00 865.706  1613.0 0.0000 0.0000 3.8312 25.21  3935.9 0000002F 41.4993706 -87.0425491    1.21  1614.0 0.0 35087088
   1.16  275.12   99.00 865.081  1617.0 0.0000 0.0000 3.8336 25.09  3943.7 0000102F 41.4994507 -87.0423965    1.18  1618.0 0.0 35087520
   1.13  275.09   99.00 864.462  1622.0 0.0000 0.0000 3.8361 25.01  3950.6 0000002F 41.4995193 -87.0422897    1.15  1623.0 0.0 35087952
   1.14  275.10   99.00 863.847  1628.5 0.0000 0.0000 3.8389 24.97  3958.7 0000002F 41.4995956 -87.0422363    1.16  1629.5 0.0 35088512
   1.12  275.08   99.00 863.234  1635.0 0.0000 0.0000 3.8420 24.92  3966.5 0000002F 41.4996681 -87.0421906    1.14  1636.0 0.0 35088944
   1.09  275.04   99.00 862.759  1638.0 0.0000 0.0000 3.8456 24.87  3977.7 0000002F 41.4997749 -87.0420990    1.11  1639.0 0.0 35089376
   1.06  275.01   99.00 862.295  1641.0 0.0000 0.0000 3.8498 24.81  3989.0 0000002F 41.4998817 -87.0419998    1.08  1642.0 0.0 35089520
   1.04  274.99   99.00 861.842  1646.5 0.0000 0.0000 3.8536 24.75  3999.2 0000002F 41.4999809 -87.0418701    1.06  1647.5 0.0 35089952
   1.02  274.97   99.00 861.410  1652.0 0.0000 0.0000 3.8559 24.72  4009.5 0000002F 41.5000801 -87.0417404    1.04  1653.0 0.0 35090096
   1.00  274.94   99.00 861.013  1654.8 0.0000 0.0000 3.8573 24.70  4017.4 0000002F 41.5001564 -87.0416336    1.01  1655.9 0.0 35090528
   0.97  274.92   99.00 860.652  1657.7 0.0000 0.0000 3.8578 24.71  4024.9 0000002F 41.5002289 -87.0415268    0.99  1658.8 0.0 35090672
   0.96  274.90   99.00 860.291  1660.6 0.0000 0.0000 3.8575 24.74  4032.8 0002002F 41.5003052 -87.0414200    0.98  1661.7 0.0 35091104
   0.94  274.89   99.00 859.932  1663.5 0.0000 0.0000 3.8564 24.80  4040.4 0000002F 41.5003777 -87.0413132    0.96  1664.6 0.0 35091248
   0.93  274.88   99.00 859.583  1666.4 0.0000 0.0000 3.8544 24.88  4048.4 0000002F 41.5004539 -87.0412140    0.95  1667.4 0.0 35091680
   0.92  274.87   99.00 859.244  1669.3 0.0000 0.0000 3.8518 24.98  4056.0 0000002F 41.5005264 -87.0411072    0.94  1670.3 0.0 35091824
   0.91  274.86   99.00 858.889  1672.2 0.0000 0.0000 3.8490 25.09  4064.0 0002002F 41.5006027 -87.0410004    0.93  1673.2 0.0 35092256
   0.90  274.85   99.00 858.518  1675.0 0.0000 0.0000 3.8463 25.22  4071.6 0002002F 41.5006752 -87.0408936    0.92  1676.1 0.0 35092400
   0.89  274.84   99.00 858.142  1677.9 0.0000 0.0000 3.8442 25.35  4079.7 0002002F 41.5007515 -87.0407867    0.91  1679.0 0.0 35092832
   0.87  274.81   99.00 857.760  1682.4 0.0000 0.0000 3.8422 25.46  4090.0 0000002F 41.5008469 -87.0406952    0.89  1683.5 0.0 35093264
   0.85  274.79   99.00 857.372  1686.9 0.0000 0.0000 3.8399 25.55  4099.8 0000002F 41.5009384 -87.0406036    0.87  1688.0 0.0 35093408
   0.84  274.78   99.00 856.979  1691.4 0.0000 0.0000 3.8376 25.61  4112.1 0000002F 41.5010529 -87.0404663    0.86  1692.5 0.0 35093840
   0.83  274.77   99.00 856.584  1695.9 0.0000 0.0000 3.8351 25.67  4124.8 0000002F 41.5011711 -87.0403366    0.85  1697.0 0.0 35093984
   0.81  274.76   99.00 856.189  1699.4 0.0000 0.0000 3.8320 25.76  4132.1 0000002F 41.5012398 -87.0401993    0.84  1700.5 0.0 35094416
   0.80  274.74   99.00 855.792  1702.9 0.0000 0.0000 3.8290 25.84  4139.3 0000002F 41.5013084 -87.0400620    0.82  1704.0 0.0 35094560
   0.78  274.73   99.00 855.401  1706.4 0.0000 0.0000 3.8265 25.90  4148.0 0000002F 41.5013885 -87.0399628    0.81  1707.5 0.0 35094992
   0.77  274.71   99.00 855.015  1709.9 0.0000 0.0000 3.8253 25.93  4156.7 0000002F 41.5014687 -87.0398636    0.79  1711.0 0.0 35095136
   0.75  274.69   99.00 854.633  1712.9 0.0000 0.0000 3.8249 25.93  4165.9 0000002F 41.5015526 -87.0398026    0.77  1714.0 0.0 35095568
   0.74  274.68   99.00 854.257  1715.9 0.0000 0.0000 3.8255 25.91  4175.1 0002002F 41.5016365 -87.0397339    0.76  1717.0 0.0 35095712
   0.72  274.66   99.00 853.885  1718.9 0.0000 0.0000 3.8267 25.90  4184.3 0000002F 41.5017204 -87.0396729    0.74  1720.0 0.0 35096144
   0.71  274.65   99.00 853.519  1722.9 0.0000 0.0000 3.8278 25.93  4192.6 0000002F 41.5017967 -87.0395737    0.73  1724.0 0.0 35096576
   0.69  274.63   99.00 853.148  1726.9 0.0000 0.0000 3.8284 25.97  4201.4 0002002F 41.5018768 -87.0394745    0.72  1728.0 0.0 35097008
   0.68  274.62   99.00 852.772  1730.9 0.0000 0.0000 3.8301 25.98  4209.7 0002002F 41.5019531 -87.0393829    0.70  1732.0 0.0 35097152
   0.68  274.62   99.00 852.387  1734.9 0.0000 0.0000 3.8321 25.95  4218.1 0000002F 41.5020294 -87.0392838    0.70  1736.0 0.0 35097584
   0.66  274.60   99.00 851.992  1737.9 0.0000 0.0000 3.8348 25.90  4229.0 0000002F 41.5021286 -87.0391693    0.68  1739.0 0.0 35098016
   0.65  274.59   99.00 851.578  1740.9 0.0000 0.0000 3.8367 25.87  4242.5 0000002F 41.5022507 -87.0390625    0.67  1742.0 0.0 35098448
   0.63  274.56   99.00 851.164  1744.9 0.0000 0.0000 3.8367 25.88  4253.0 0000002F 41.5023460 -87.0389481    0.65  1746.0 0.0 35098880
   0.62  274.55   99.00 850.770  1748.9 0.0000 0.0000 3.8352 25.93  4263.6 0000002F 41.5024414 -87.0388336    0.64  1750.0 0.0 35099312
   0.60  274.53   99.00 850.395  1752.9 0.0000 0.0000 3.8336 25.96  4269.9 0000002F 41.5024986 -87.0387192    0.62  1754.0 0.0 35099744
   0.57  274.50   99.00 850.030  1756.9 0.0000 0.0000 3.8324 25.97  4276.7 0000002F 41.5025597 -87.0386124    0.59  1758.0 0.0 35100176
   0.54  274.47   99.00 849.675  1761.9 0.0000 0.0000 3.8326 25.96  4299.2 0000002F 41.5027618 -87.0383987    0.56  1763.0 0.0 35100608
   0.52  274.45   99.00 849.338  1765.8 0.0000 0.0000 3.8330 25.96  4311.1 0000002F 41.5028687 -87.0383072    0.54  1767.0 0.0 35101040
   0.49  274.42   99.00 849.022  1767.8 0.0000 0.0000 3.8330 26.00  4323.5 0000002F 41.5029793 -87.0382233    0.51  1769.0 0.0 35101472
   0.47  274.40   99.00 848.705  1769.8 0.0000 0.0000 3.8326 26.05  4332.4 0000002F 41.5030594 -87.0381165    0.49  1771.0 0.0 35101904
   0.45  274.38   99.00 848.369  1772.8 0.0000 0.0000 3.8324 26.08  4339.3 0000002F 41.5031204 -87.0380173    0.47  1774.0 0.0 35102336
   0.42  274.34   99.00 848.024  1774.8 0.0000 0.0000 3.8327 26.07  4347.0 0000002F 41.5031891 -87.0379181    0.44  1776.0 0.0 35102768
   0.39  274.31   99.00 847.688  1775.8 0.0000 0.0000 3.8346 26.03  4357.4 0000002F 41.5032806 -87.0378036    0.41  1777.0 0.0 35103200
   0.38  274.30   99.00 847.358  1777.8 0.0000 0.0000 3.8370 25.98  4369.8 0000002F 41.5033913 -87.0376892    0.40  1779.0 0.0 35103632
   0.36  274.28   99.00 847.013  1781.8 0.0000 0.0000 3.8398 25.96  4383.1 0000002F 41.5035095 -87.0375824    0.38  1783.0 0.0 35104064
   0.33  274.25   99.00 846.649  1787.8 0.0000 0.0000 3.8421 25.97  4393.5 0000002F 41.5036011 -87.0374603    0.35  1789.0 0.0 35108560
   0.32  274.24   99.00 846.275  1792.8 0.0000 0.0000 3.8434 25.99  4402.6 0000002F 41.5036812 -87.0373611    0.34  1794.0 0.0 35108992
   0.30  274.22   99.00 845.864  1796.8 0.0000 0.0000 3.8444 25.97  4409.2 0000002F 41.5037384 -87.0372620    0.32  1798.0 0.0 35109424
   0.29  274.21   99.00 845.405  1800.3 0.0000 0.0000 3.8468 25.90  4420.4 0000002F 41.5038376 -87.0371628    0.31  1801.5 0.0 35109856
   0.26  274.18   99.00 844.936  1803.8 0.0000 0.0000 3.8507 25.79  4432.1 0000002F 41.5039406 -87.0370636    0.28  1805.0 0.0 35110288
   0.25  274.17   99.00 844.487  1807.8 0.0000 0.0000 3.8564 25.69  4446.8 0000002F 41.5040703 -87.0369568    0.27  1809.0 0.0 35110720
   0.23  274.15   99.00 844.066  1811.8 0.0000 0.0000 3.8615 25.61  4459.3 0000002F 41.5041809 -87.0368729    0.25  1813.0 0.0 35111152
   0.25  274.17   99.00 843.656  1817.8 0.0000 0.0000 3.8652 25.56  4471.8 0000002F 41.5042915 -87.0367966    0.27  1819.0 0.0 35111584
   0.24  274.16   99.00 843.236  1823.8 0.0000 0.0000 3.8678 25.50  4479.7 0000002F 41.5043602 -87.0366898    0.26  1825.0 0.0 35112016
   0.24  274.16   99.00 842.811  1826.8 0.0000 0.0000 3.8688 25.41  4485.6 0000002F 41.5044098 -87.0365677    0.26  1828.0 0.0 35112448
   0.23  274.15   99.00 842.401  1828.8 0.0000 0.0000 3.8690 25.30  4496.1 0000002F 41.5045013 -87.0364532    0.25  1830.0 0.0 35112880
   0.21  274.13   99.00 842.019  1831.8 0.0000 0.0000 3.8690 25.17  4507.5 0000002F 41.5046005 -87.0363464    0.23  1833.0 0.0 35113312
   0.20  274.12   99.00 841.657  1835.8 0.0000 0.0000 3.8684 25.04  4518.9 0000002F 41.5046997 -87.0362320    0.22  1837.0 0.0 35113744
   0.18  274.10   99.00 841.324  1840.8 0.0000 0.0000 3.8676 24.92  4528.2 0000002F 41.5047798 -87.0361328    0.20  1842.0 0.0 35114176
   0.18  274.10   99.00 841.009  1844.8 0.0000 0.0000 3.8666 24.80  4536.2 0000002F 41.5048485 -87.0360336    0.20  1846.0 0.0 35114608
   0.17  274.09   99.00 840.686  1846.8 0.0000 0.0000 3.8647 24.68  4542.7 0000002F 41.5049019 -87.0358963    0.19  1848.0 0.0 35115040
   0.17  274.09   99.00 840.343  1847.8 0.0000 0.0000 3.8628 24.53  4550.9 0000002F 41.5049706 -87.0357666    0.19  1849.0 0.0 35115472
   0.17  274.09   99.00 840.010  1849.8 0.0000 0.0000 3.8606 24.37  4561.2 0000002F 41.5050583 -87.0356369    0.19  1851.0 0.0 35115904
   0.18  274.10   99.00 839.678  1852.8 0.0000 0.0000 3.8580 24.19  4575.1 0000002F 41.5051804 -87.0355530    0.20  1854.0 0.0 35116336
   0.17  274.09   99.00 839.345  1856.8 0.0000 0.0000 3.8560 24.02  4587.8 0000002F 41.5052910 -87.0354767    0.19  1858.0 0.0 35116768
   0.17  274.09   99.00 839.022  1860.8 0.0000 0.0000 3.8534 23.86  4597.0 0000002F 41.5053711 -87.0354080    0.19  1862.0 0.0 35117200
   0.17  274.09   99.00 838.690  1864.8 0.0000 0.0000 3.8497 23.72  4602.9 0000002F 41.5054207 -87.0353165    0.19  1866.0 0.0 35117632
   0.17  274.09   99.00 838.339  1866.8 0.0000 0.0000 3.8461 23.57  4609.0 0000002F 41.5054703 -87.0352097    0.19  1868.0 0.0 35118064
   0.17  274.09   99.00 837.969  1870.7 0.0000 0.0000 3.8430 23.40  4617.2 0000002F 41.5055389 -87.0350876    0.19  1872.0 0.0 35118496
   0.18  274.10   99.00 837.585  1875.7 0.0000 0.0000 3.8411 23.24  4628.0 0000002F 41.5056305 -87.0349731    0.20  1877.0 0.0 35118928
   0.17  274.09   99.00 837.196  1878.7 0.0000 0.0000 3.8395 23.10  4641.6 0000002F 41.5057487 -87.0348816    0.19  1880.0 0.0 35119360
   0.16  274.08   99.00 836.822  1881.7 0.0000 0.0000 3.8381 23.00  4654.2 0000002F 41.5058594 -87.0348282    0.18  1883.0 0.0 35119792
   0.16  274.08   99.00 836.462  1884.7 0.0000 0.0000 3.8364 22.93  4665.6 0000002F 41.5059586 -87.0347672    0.18  1886.0 0.0 35120224
   0.15  274.07   99.00 836.088  1888.7 0.0000 0.0000 3.8339 22.88  4673.9 0000002F 41.5060310 -87.0347137    0.17  1890.0 0.0 35120656
   0.14  274.06   99.00 835.719  1893.2 0.0000 0.0000 3.8313 22.84  4680.1 0000002F 41.5060806 -87.0345917    0.16  1894.5 0.0 35121088
   0.15  274.07   99.00 835.364  1897.7 0.0000 0.0000 3.8291 22.75  4686.4 0000002F 41.5061302 -87.0344620    0.17  1899.0 0.0 35121520
   0.14  274.06   99.00 835.005  1900.2 0.0000 0.0000 3.8279 22.66  4697.7 0000002F 41.5062256 -87.0343399    0.16  1901.5 0.0 35121952
   0.14  274.06   99.00 834.636  1902.7 0.0000 0.0000 3.8283 22.56  4709.1 0000002F 41.5063210 -87.0342178    0.16  1904.0 0.0 35122096
   0.15  274.07   99.00 834.258  1906.2 0.0000 0.0000 3.8292 22.49  4721.7 0000002F 41.5064316 -87.0341644    0.17  1907.5 0.0 35122528
   0.16  274.08   99.00 833.876  1909.7 0.0000 0.0000 3.8298 22.45  4733.9 0000002F 41.5065384 -87.0341034    0.18  1911.0 0.0 35122672
   0.17  274.09   99.00 833.494  1913.2 0.0000 0.0000 3.8307 22.43  4740.4 0000002F 41.5065918 -87.0340271    0.19  1914.5 0.0 35123104
   0.17  274.10   99.00 833.117  1916.7 0.0000 0.0000 3.8315 22.39  4746.4 0000002F 41.5066414 -87.0339432    0.20  1918.0 0.0 35123248
   0.17  274.10   99.00 832.725  1920.7 0.0000 0.0000 3.8331 22.33  4754.4 0000002F 41.5067062 -87.0338287    0.20  1922.0 0.0 35123680
   0.17  274.10   99.00 832.320  1924.7 0.0000 0.0000 3.8347 22.26  4762.4 0000002F 41.5067711 -87.0337067    0.20  1926.0 0.0 35123824
   0.16  274.09   99.00 831.910  1929.2 0.0000 0.0000 3.8381 22.17  4774.5 0000002F 41.5068741 -87.0336151    0.19  1930.5 0.0 35124256
   0.15  274.08   99.00 831.496  1933.7 0.0000 0.0000 3.8439 22.07  4787.0 0000002F 41.5069809 -87.0335236    0.18  1935.0 0.0 35124400
   0.15  274.08   99.00 831.096  1937.7 0.0000 0.0000 3.8516 22.00  4794.5 0000002F 41.5070419 -87.0334244    0.18  1939.0 0.0 35124944
   0.15  274.08   99.00 830.711  1941.7 0.0000 0.0000 3.8587 21.93  4801.5 0000002F 41.5070992 -87.0333328    0.18  1943.0 0.0 35125088
   0.15  274.08   99.00 830.334  1945.7 0.0000 0.0000 3.8641 21.86  4809.1 0000002F 41.5071602 -87.0332336    0.18  1947.0 0.0 35125520
   0.17  274.10   99.00 829.968  1949.7 0.0000 0.0000 3.8685 21.76  4816.1 0000002F 41.5072174 -87.0331421    0.20  1951.0 0.0 35125952
   0.18  274.11   99.00 829.602  1953.7 0.0000 0.0000 3.8736 21.66  4823.6 0000002F 41.5072784 -87.0330429    0.21  1955.0 0.0 35126384
   0.17  274.10   99.00 829.235  1955.7 0.0000 0.0000 3.8795 21.55  4834.6 0000002F 41.5073700 -87.0329437    0.20  1957.0 0.0 35126816
   0.17  274.10   99.00 828.860  1957.7 0.0000 0.0000 3.8879 21.49  4845.6 0000002F 41.5074615 -87.0328369    0.20  1959.0 0.0 35127248
   0.16  274.09   99.00 828.504  1960.7 0.0000 0.0000 3.8979 21.46  4854.4 0000002F 41.5075378 -87.0327911    0.19  1962.0 0.0 35127680
   0.16  274.09   99.00 828.157  1963.7 0.0000 0.0000 3.9072 21.46  4862.9 0000002F 41.5076103 -87.0327377    0.19  1965.0 0.0 35128112
   0.14  274.07   99.00 827.829  1968.2 0.0000 0.0000 3.9143 21.45  4869.1 0000002F 41.5076599 -87.0326538    0.17  1969.5 0.0 35128544
   0.14  274.07   99.00 827.510  1972.6 0.0000 0.0000 3.9190 21.44  4875.3 0000002F 41.5077095 -87.0325623    0.17  1974.0 0.0 35128976
   0.14  274.07   99.00 827.173  1977.6 0.0000 0.0000 3.9225 21.41  4884.0 0000002F 41.5077782 -87.0324326    0.17  1979.0 0.0 35129408
   0.14  274.07   99.00 826.808  1979.6 0.0000 0.0000 3.9263 21.39  4895.2 0000002F 41.5078697 -87.0323181    0.17  1981.0 0.0 35129840
   0.14  274.07   99.00 826.433  1982.6 0.0000 0.0000 3.9306 21.38  4904.9 0000402F 41.5079498 -87.0322266    0.17  1984.0 0.0 35130272
  -0.03  273.89   99.00 826.059  1984.6 0.0000 0.0000 3.9352 21.37  4912.9 0000002F 41.5080185 -87.0321732    0.00  1986.0 0.0 35130704
   0.13  274.06   99.00 825.690  1987.6 0.0000 0.0000 3.9402 21.36  4919.4 0000002F 41.5080719 -87.0321121    0.16  1989.0 0.0 35131136
   0.11  274.04   99.00 825.325  1991.6 0.0000 0.0000 3.9451 21.35  4923.5 0000002F 41.5080986 -87.0319824    0.14  1993.0 0.0 35131568
   0.12  274.05   99.00 824.980  1996.6 0.0000 0.0000 3.9493 21.34  4930.4 0000002F 41.5081482 -87.0318375    0.15  1998.0 0.0 35132000
   0.12  274.05   99.00 824.616  2000.6 0.0000 0.0000 3.9520 21.32  4940.5 0000002F 41.5082283 -87.0317001    0.15  2002.0 0.0 35132432
   0.13  274.07   99.00 824.224  2003.6 0.0000 0.0000 3.9537 21.31  4953.7 0000002F 41.5083389 -87.0316086    0.16  2005.0 0.0 35132864
   0.13  274.07   99.00 823.804  2007.6 0.0000 0.0000 3.9547 21.30  4964.2 0000002F 41.5084305 -87.0315628    0.16  2009.0 0.0 35133296
   0.13  274.07   99.00 823.375  2011.6 0.0000 0.0000 3.9546 21.28  4971.6 0000002F 41.5084915 -87.0315018    0.16  2013.0 0.0 35133728
   0.13  274.07   99.00 822.956  2014.6 0.0000 0.0000 3.9530 21.27  4977.7 0000002F 41.5085411 -87.0314331    0.16  2016.0 0.0 35134160
   0.12  274.06   99.00 822.555  2018.6 0.0000 0.0000 3.9511 21.26  4982.3 0000002F 41.5085716 -87.0313110    0.15  2020.0 0.0 35134592
   0.08  274.01   99.00 822.173  2024.6 0.0000 0.0000 3.9493 21.25  4988.2 0000002F 41.5086098 -87.0311432    0.11  2026.0 0.0 35135024
   0.04  273.97   99.00 821.783  2029.6 0.0000 0.0000 3.9479 21.24  4997.4 0000002F 41.5086784 -87.0309906    0.07  2031.0 0.0 35135456
   0.08  274.01   99.00 821.382  2033.6 0.0000 0.0000 3.9473 21.22  5009.9 0000002F 41.5087814 -87.0308838    0.11  2035.0 0.0 35135888
   0.08  274.01   99.00 820.983  2036.6 0.0000 0.0000 3.9472 21.22  5023.6 0000002F 41.5088997 -87.0308228    0.11  2038.0 0.0 35136320
   0.09  274.03   99.00 820.583  2039.6 0.0000 0.0000 3.9461 21.23  5034.0 0000002F 41.5089912 -87.0307922    0.12  2041.0 0.0 35136752
   0.05  273.98   99.00 820.183  2041.6 0.0000 0.0000 3.9431 21.23  5040.8 0000402F 41.5090485 -87.0307465    0.08  2043.0 0.0 35137184
  -0.03  273.90   99.00 819.821  2045.6 0.0000 0.0000 3.9389 21.25  5046.3 0000002F 41.5090904 -87.0306702    0.00  2047.0 0.0 35137616
   0.10  274.04   99.00 819.487  2050.6 0.0000 0.0000 3.9339 21.27  5051.2 0000002F 41.5091209 -87.0305328    0.13  2052.0 0.0 35138048
  -0.03  273.90   99.00 819.181  2054.6 0.0000 0.0000 3.9287 21.28  5058.6 0000002F 41.5091705 -87.0303574    0.00  2056.0 0.0 35138480
   0.00  273.93   99.00 818.884  2057.6 0.0000 0.0000 3.9250 21.29  5067.6 0000002F 41.5092392 -87.0302277    0.03  2059.0 0.0 35138912
   0.07  274.01   99.00 818.587  2061.6 0.0000 0.0000 3.9227 21.31  5080.7 0000002F 41.5093498 -87.0301514    0.10  2063.0 0.0 35139344
   0.09  274.03   99.00 818.272  2063.6 0.0000 0.0000 3.9209 21.33  5092.0 0000002F 41.5094490 -87.0301208    0.12  2065.0 0.0 35139776
   0.07  274.01   99.00 817.966  2065.6 0.0000 0.0000 3.9184 21.31  5101.0 0000002F 41.5095291 -87.0300980    0.10  2067.0 0.0 35140208
   0.08  274.02   99.00 817.679  2066.6 0.0000 0.0000 3.9161 21.25  5107.2 0000002F 41.5095787 -87.0300369    0.11  2068.0 0.0 35140640
   0.10  274.04   99.00 817.411  2068.6 0.0000 0.0000 3.9141 21.14  5114.9 0000002F 41.5096397 -87.0299530    0.13  2070.0 0.0 35141072
   0.09  274.03   99.00 817.143  2071.5 0.0000 0.0000 3.9140 21.01  5123.2 0000002F 41.5097008 -87.0298233    0.12  2073.0 0.0 35143664
   0.11  274.05   99.00 816.874  2075.5 0.0000 0.0000 3.9171 20.87  5134.6 0000002F 41.5097885 -87.0296783    0.14  2077.0 0.0 35144096
   0.10  274.04   99.00 816.606  2078.5 0.0000 0.0000 3.9212 20.74  5147.2 0000002F 41.5098915 -87.0295715    0.13  2080.0 0.0 35144528
   0.11  274.05   99.00 816.329  2081.5 0.0000 0.0000 3.9259 20.63  5159.6 0000002F 41.5099983 -87.0295181    0.14  2083.0 0.0 35144960
   0.12  274.06   99.00 816.033  2083.5 0.0000 0.0000 3.9304 20.52  5168.1 0000002F 41.5100708 -87.0294724    0.15  2085.0 0.0 35145392
   0.06  274.00   99.00 815.719  2086.5 0.0000 0.0000 3.9351 20.40  5174.4 0000002F 41.5101204 -87.0294037    0.09  2088.0 0.0 35145824
   0.12  274.06   99.00 815.387  2090.5 0.0000 0.0000 3.9398 20.24  5181.0 0000002F 41.5101700 -87.0293121    0.15  2092.0 0.0 35146256
   0.12  274.06   99.00 815.073  2092.5 0.0000 0.0000 3.9466 20.07  5189.2 0000002F 41.5102310 -87.0291901    0.15  2094.0 0.0 35146688
   0.12  274.06   99.00 814.777  2095.5 0.0000 0.0000 3.9569 19.91  5199.8 0000002F 41.5103111 -87.0290527    0.15  2097.0 0.0 35147120
   0.12  274.06   99.00 814.499  2098.5 0.0000 0.0000 3.9692 19.78  5211.0 0000002F 41.5103989 -87.0289307    0.15  2100.0 0.0 35147552
   0.13  274.07   99.00 814.230  2102.5 0.0000 0.0000 3.9812 19.68  5223.9 0000002F 41.5105095 -87.0288696    0.16  2104.0 0.0 35147984
   0.13  274.07   99.00 813.978  2107.5 0.0000 0.0000 3.9920 19.62  5234.5 0000002F 41.5106010 -87.0288315    0.16  2109.0 0.0 35148416
   0.13  274.07   99.00 813.754  2109.5 0.0000 0.0000 4.0013 19.58  5241.1 0000402F 41.5106506 -87.0287399    0.16  2111.0 0.0 35148848
  -0.02  273.91   99.00 813.538  2110.6 0.0000 0.0000 4.0086 19.53  5248.8 0000002F 41.5107079 -87.0286331    0.01  2112.1 0.0 35149280
   0.11  274.05   99.00 813.340  2111.6 0.0000 0.0000 4.0151 19.48  5256.4 0000002F 41.5107651 -87.0285339    0.14  2113.1 0.0 35149712
   0.11  274.05   99.00 813.159  2112.7 0.0000 0.0000 4.0218 19.42  5263.7 0000002F 41.5108185 -87.0284271    0.14  2114.2 0.0 35150144
   0.01  273.95   99.00 813.006  2113.8 0.0000 0.0000 4.0283 19.38  5271.3 0000002F 41.5108757 -87.0283279    0.04  2115.3 0.0 35150576
  -0.09  273.84   99.00 812.889  2114.9 0.0000 0.0000 4.0343 19.35  5279.0 0000002F 41.5109329 -87.0282211   -0.06  2116.4 0.0 35151008
   0.10  274.04   99.00 812.781  2115.9 0.0000 0.0000 4.0390 19.34  5286.6 0000002F 41.5109901 -87.0281219    0.13  2117.4 0.0 35151440
   0.11  274.05   99.00 812.672  2117.0 0.0000 0.0000 4.0414 19.32  5294.4 0000402F 41.5110474 -87.0280151    0.14  2118.5 0.0 35151872
  -0.06  273.87   99.00 812.564  2118.1 0.0000 0.0000 4.0424 19.28  5301.7 0000002F 41.5111008 -87.0279083   -0.03  2119.6 0.0 35152304
  -0.23  273.69   99.00 812.456  2119.1 0.0000 0.0000 4.0428 19.22  5309.4 0000002F 41.5111580 -87.0278091   -0.20  2120.6 0.0 35152736
  -0.07  273.86   99.00 812.339  2120.2 0.0000 0.0000 4.0428 19.15  5317.2 0000002F 41.5112152 -87.0277023   -0.04  2121.7 0.0 35153168
   0.09  274.03   99.00 812.213  2121.3 0.0000 0.0000 4.0425 19.08  5324.9 0000002F 41.5112724 -87.0276031    0.12  2122.8 0.0 35153600
   0.09  274.03   99.00 812.075  2122.4 0.0000 0.0000 4.0409 19.03  5332.3 0000002F 41.5113258 -87.0274963    0.12  2123.9 0.0 35154032
   0.09  274.03   99.00 811.923  2123.4 0.0000 0.0000 4.0379 18.98  5340.0 0000002F 41.5113831 -87.0273972    0.12  2124.9 0.0 35154464
   0.09  274.03   99.00 811.758  2124.5 0.0000 0.0000 4.0338 18.91  5347.8 0000002F 41.5114403 -87.0272903    0.11  2126.0 0.0 35154896
   0.08  274.02   99.00 811.581  2126.5 0.0000 0.0000 4.0302 18.82  5356.8 0000002F 41.5115051 -87.0271606    0.11  2128.0 0.0 35155328
   0.07  274.01   99.00 811.390  2128.5 0.0000 0.0000 4.0285 18.73  5365.7 0000002F 41.5115700 -87.0270386    0.10  2130.0 0.0 35155760
   0.07  274.01   99.00 811.186  2131.0 0.0000 0.0000 4.0275 18.66  5374.7 0000002F 41.5116425 -87.0269699    0.10  2132.5 0.0 35156192
   0.06  274.00   99.00 810.969  2133.5 0.0000 0.0000 4.0261 18.62  5384.0 0000002F 41.5117188 -87.0269012    0.09  2135.0 0.0 35156336
   0.06  274.00   99.00 810.739  2136.0 0.0000 0.0000 4.0241 18.59  5389.1 0000002F 41.5117569 -87.0268402    0.09  2137.5 0.0 35156768
   0.05  273.99   99.00 810.491  2138.5 0.0000 0.0000 4.0204 18.56  5394.8 0000002F 41.5117989 -87.0267715    0.08  2140.0 0.0 35156912
   0.05  273.99   99.00 810.234  2141.0 0.0000 0.0000 4.0157 18.52  5401.5 0000002F 41.5118446 -87.0266571    0.08  2142.5 0.0 35157344
   0.04  273.98   99.00 809.968  2143.5 0.0000 0.0000 4.0121 18.46  5408.3 0000002F 41.5118904 -87.0265427    0.07  2145.0 0.0 35157488
   0.04  273.98   99.00 809.697  2146.0 0.0000 0.0000 4.0097 18.39  5418.3 0000002F 41.5119705 -87.0264587    0.07  2147.5 0.0 35157920
   0.04  273.98   99.00 809.422  2148.5 0.0000 0.0000 4.0084 18.34  5428.5 0000002F 41.5120506 -87.0263672    0.07  2150.0 0.0 35158064
   0.06  274.00   99.00 809.143  2151.5 0.0000 0.0000 4.0078 18.30  5435.5 0000002F 41.5121078 -87.0263214    0.09  2153.0 0.0 35158496
   0.07  274.01   99.00 808.850  2154.5 0.0000 0.0000 4.0064 18.26  5442.1 0000002F 41.5121613 -87.0262680    0.10  2156.0 0.0 35158640
   0.06  274.00   99.00 808.552  2157.5 0.0000 0.0000 4.0042 18.20  5447.9 0000002F 41.5121994 -87.0261688    0.09  2159.0 0.0 35159072
   0.05  273.99   99.00 808.250  2160.5 0.0000 0.0000 4.0022 18.13  5454.0 0000002F 41.5122414 -87.0260696    0.08  2162.0 0.0 35159216
   0.03  273.98   99.00 807.939  2163.5 0.0000 0.0000 4.0013 18.03  5463.5 0000002F 41.5123138 -87.0259705    0.06  2165.0 0.0 35159760
   0.02  273.96   99.00 807.619  2166.4 0.0000 0.0000 4.0017 17.94  5473.6 0000402F 41.5123901 -87.0258636    0.05  2168.0 0.0 35159904
  -0.13  273.80   99.00 807.308  2170.4 0.0000 0.0000 4.0028 17.87  5484.8 0000002F 41.5124817 -87.0257874   -0.10  2172.0 0.0 35160336
   0.05  273.99   99.00 807.006  2173.4 0.0000 0.0000 4.0045 17.81  5493.0 0000002F 41.5125504 -87.0257416    0.08  2175.0 0.0 35160768
  -0.07  273.87   99.00 806.705  2176.4 0.0000 0.0000 4.0057 17.77  5497.2 0000002F 41.5125809 -87.0256882   -0.04  2178.0 0.0 35161200
  -0.06  273.88   99.00 806.403  2179.9 0.0000 0.0000 4.0060 17.72  5502.2 0000002F 41.5126114 -87.0255890   -0.03  2181.5 0.0 35161632
   0.05  273.99   99.00 806.102  2183.4 0.0000 0.0000 4.0067 17.65  5507.3 0000002F 41.5126419 -87.0254822    0.08  2185.0 0.0 35162064
   0.05  273.99   99.00 805.801  2185.4 0.0000 0.0000 4.0083 17.57  5515.5 0000002F 41.5126991 -87.0253601    0.08  2187.0 0.0 35162496
   0.05  273.99   99.00 805.509  2187.4 0.0000 0.0000 4.0110 17.49  5525.8 0000002F 41.5127792 -87.0252686    0.08  2189.0 0.0 35162928
