   7.60  281.92  100.00 967.500   244.9 0.0000 0.0000 2.7925 13.00     0.0 0000002F 41.4640007 -87.0385971    7.60   245.0 0.0 31206048
   7.60  281.91   99.00 966.797   250.9 0.0000 0.0000 3.2187 17.49    34.0 0000002F 41.4638786 -87.0389709    7.78   251.0 0.0 31206192
   7.63  281.94   99.00 966.563   252.9 0.0000 0.0000 3.2241 17.70    32.0 0000002F 41.4639359 -87.0389709    7.81   253.0 0.0 31206336
   7.66  281.98   99.00 966.329   254.9 0.0000 0.0000 3.2287 17.88    30.5 0000012F 41.4639893 -87.0389633    7.84   255.0 0.0 31206480
   7.65  281.96   99.00 966.036   257.4 0.0000 0.0000 3.2326 18.02    32.6 0000002F 41.4640274 -87.0389862    7.82   257.5 0.0 31206624
   7.63  281.95   99.00 965.728   259.9 0.0000 0.0000 3.2369 18.11    34.4 0000002F 41.4640617 -87.0390015    7.81   260.0 0.0 31206768
   7.65  281.97   99.00 965.378   261.9 0.0000 0.0000 3.2416 18.17    37.4 0000002F 41.4641190 -87.0390167    7.83   262.0 0.0 31206912
   7.63  281.95   99.00 965.059   264.9 0.0000 0.0000 3.2422 18.24    40.3 0000002F 41.4641800 -87.0390167    7.81   265.0 0.0 31207056
   7.57  281.88   99.00 964.729   267.9 0.0000 0.0000 3.2391 18.32    45.5 0000002F 41.4642410 -87.0390396    7.75   268.0 0.0 31207200
   7.52  281.83   99.00 964.379   270.9 0.0000 0.0000 3.2380 18.38    50.9 0000002F 41.4643097 -87.0390472    7.70   271.0 0.0 31223824
   7.53  281.84   99.00 964.013   273.9 0.0000 0.0000 3.2369 18.46    57.3 0000082F 41.4643898 -87.0390472    7.71   274.0 0.0 31223968
   7.62  281.94   99.00 963.631   277.9 0.0000 0.0000 3.2358 18.53    62.5 0000002F 41.4644508 -87.0390472    7.80   278.0 0.0 31224112
   7.73  282.06   99.00 963.228   280.9 0.0000 0.0000 3.2286 18.57    68.5 0000002F 41.4645195 -87.0390396    7.91   281.0 0.0 31224256
   7.69  282.01   99.00 962.836   283.9 0.0000 0.0000 3.2234 18.59    74.0 0000002F 41.4645805 -87.0390320    7.87   284.0 0.0 31224688
   7.79  282.12   99.00 962.454   287.9 0.0000 0.0000 3.2226 18.70    81.1 0000002F 41.4646530 -87.0390320    7.97   288.0 0.0 31225120
   7.81  282.15   99.00 962.083   291.9 0.0000 0.0000 3.2274 18.86    88.8 0000002F 41.4647293 -87.0390320    7.99   292.0 0.0 31225552
   7.82  282.16   99.00 961.724   295.9 0.0000 0.0000 3.2277 19.01    98.1 0000002F 41.4648247 -87.0390167    8.00   296.0 0.0 31225984
   7.86  282.20   99.00 961.390   299.9 0.0000 0.0000 3.2254 19.11   107.6 0000002F 41.4649200 -87.0390015    8.04   300.0 0.0 31226416
   7.94  282.29   99.00 961.073   301.9 0.0000 0.0000 3.2232 19.21   119.2 0000002F 41.4650269 -87.0390091    8.12   302.0 0.0 31226848
   7.88  282.22   99.00 960.766   303.9 0.0000 0.0000 3.2262 19.36   130.3 0000002F 41.4651299 -87.0390167    8.06   304.0 0.0 31227280
   7.92  282.27   99.00 960.481   305.9 0.0000 0.0000 3.2263 19.52   141.1 0000002F 41.4652328 -87.0390015    8.10   306.0 0.0 31227712
   7.92  282.27   99.00 960.217   307.9 0.0000 0.0000 3.2255 19.63   152.2 0000003F 41.4653397 -87.0389786    8.10   308.0 0.0 31211800
   8.04  282.40   99.00 959.974   309.4 0.0000 0.0000 3.2246 19.74   163.9 0000002F 41.4654503 -87.0389557    8.22   309.5 0.0 31212232
   8.02  282.38   99.00 959.752   310.9 0.0000 0.0000 3.2238 19.85   175.7 0000003F 41.4655609 -87.0389328    8.20   311.0 0.0 31212664
   8.03  282.39   99.00 959.530   312.9 0.0000 0.0000 3.2240 19.97   187.2 0000003F 41.4656677 -87.0389099    8.21   313.0 0.0 31213096
   8.02  282.38   99.00 959.309   314.9 0.0000 0.0000 3.2211 20.04   198.3 0000002F 41.4657707 -87.0388870    8.20   315.0 0.0 31213528
   8.04  282.40   99.00 959.087   316.9 0.0000 0.0000 3.2184 20.08   208.9 0000003F 41.4658699 -87.0388489    8.22   317.0 0.0 31213960
   7.95  282.30   99.00 958.877   318.9 0.0000 0.0000 3.2178 20.18   219.7 0000002F 41.4659691 -87.0388184    8.13   319.0 0.0 31214392
   7.94  282.29   99.00 958.655   320.9 0.0000 0.0000 3.2191 20.33   229.2 0000002F 41.4660568 -87.0387878    8.12   321.0 0.0 31214824
   7.92  282.27   99.00 958.423   322.9 0.0000 0.0000 3.2182 20.48   239.2 0000002F 41.4661484 -87.0387573    8.10   323.0 0.0 31215256
   7.97  282.32   99.00 958.186   324.9 0.0000 0.0000 3.2957 22.62   249.3 0000003F 41.4662399 -87.0387421    8.15   325.0 0.0 31215752
   7.95  282.30   99.00 957.944   326.9 0.0000 0.0000 3.2943 22.68   260.2 0000002F 41.4663391 -87.0387115    8.13   327.0 0.0 31216184
   7.92  282.27   99.00 957.696   327.9 0.0000 0.0000 3.2917 22.75   272.4 0000002F 41.4664497 -87.0386810    8.10   328.0 0.0 31216616
   7.90  282.25   99.00 957.444   330.4 0.0000 0.0000 3.2886 22.82   283.8 0000002F 41.4665527 -87.0386505    8.08   330.5 0.0 31217048
   7.84  282.19   99.00 957.180   332.9 0.0000 0.0000 3.2849 22.88   295.7 0000002F 41.4666595 -87.0386276    8.02   333.0 0.0 31217480
   7.86  282.21   99.00 956.907   335.4 0.0000 0.0000 3.2806 22.94   305.8 0000002F 41.4667511 -87.0385971    8.04   335.5 0.0 31217912
   7.86  282.21   99.00 956.633   337.9 0.0000 0.0000 3.2758 23.00   315.6 0000002F 41.4668388 -87.0385666    8.04   338.0 0.0 31218344
   7.81  282.15   99.00 956.360   340.4 0.0000 0.0000 3.2724 23.12   326.2 0000002F 41.4669342 -87.0385590    7.99   340.5 0.0 31219064
   7.76  282.10   99.00 956.076   342.9 0.0000 0.0000 3.2681 23.23   336.8 0000002F 41.4670296 -87.0385513    7.94   343.0 0.0 31219208
   7.80  282.14   99.00 955.786   345.9 0.0000 0.0000 3.2630 23.32   347.9 0000002F 41.4671288 -87.0385437    7.98   346.0 0.0 31229120
   7.81  282.15   99.00 955.503   348.9 0.0000 0.0000 3.2580 23.42   359.3 0000002F 41.4672318 -87.0385437    7.99   349.0 0.0 31229552
   7.79  282.13   99.00 955.214   350.8 0.0000 0.0000 3.2536 23.54   370.4 0000002F 41.4673309 -87.0385284    7.97   351.0 0.0 31229984
   7.74  282.08   99.00 954.930   352.8 0.0000 0.0000 3.2492 23.70   380.1 0000002F 41.4674187 -87.0385513    7.92   353.0 0.0 31230416
   7.74  282.08   99.00 954.641   354.8 0.0000 0.0000 3.2441 23.88   390.3 0000002F 41.4675102 -87.0385666    7.92   355.0 0.0 31230848
   7.81  282.16   99.00 954.347   357.8 0.0000 0.0000 3.2386 24.05   402.6 0000002F 41.4676208 -87.0385590    7.99   358.0 0.0 31231280
   7.80  282.15   99.00 954.053   359.8 0.0000 0.0000 3.2331 24.25   415.8 0000002F 41.4677391 -87.0385208    7.98   360.0 0.0 31231712
   7.78  282.12   99.00 953.769   362.8 0.0000 0.0000 3.2277 24.45   429.3 0000002F 41.4678612 -87.0385132    7.96   363.0 0.0 31232144
   7.71  282.05   99.00 953.476   364.8 0.0000 0.0000 3.2225 24.65   441.6 0000002F 41.4679718 -87.0385132    7.89   365.0 0.0 31232576
   7.69  282.03   99.00 953.171   367.8 0.0000 0.0000 3.2168 24.84   453.5 0000002F 41.4680786 -87.0385132    7.87   368.0 0.0 31233008
   7.72  282.06   99.00 952.857   370.8 0.0000 0.0000 3.2110 25.03   467.1 0000002F 41.4682007 -87.0384827    7.90   371.0 0.0 31233504
   7.75  282.09   99.00 952.542   373.8 0.0000 0.0000 3.2050 25.24   481.6 0000002F 41.4683304 -87.0384598    7.93   374.0 0.0 31233936
   7.74  282.08   99.00 952.217   375.8 0.0000 0.0000 3.1991 25.44   493.9 0000002F 41.4684410 -87.0384521    7.92   376.0 0.0 31234368
   7.71  282.05   99.00 951.898   378.8 0.0000 0.0000 3.1931 25.66   507.1 0000002F 41.4685593 -87.0384369    7.89   379.0 0.0 31234800
   7.67  282.01   99.00 951.573   381.8 0.0000 0.0000 3.1876 25.88   520.7 0000002F 41.4686813 -87.0384369    7.85   382.0 0.0 31235232
   7.67  282.01   99.00 951.259   384.8 0.0000 0.0000 3.1826 26.12   533.8 0000002F 41.4687996 -87.0384216    7.85   385.0 0.0 31235664
   7.67  282.01   99.00 950.955   387.8 0.0000 0.0000 3.1779 26.37   546.1 0000002F 41.4689102 -87.0384293    7.85   388.0 0.0 31236096
   7.73  282.07   99.00 950.663   390.8 0.0000 0.0000 3.1731 26.60   557.1 0000002F 41.4690094 -87.0384369    7.91   391.0 0.0 31236528
   7.78  282.13   99.00 950.370   393.3 0.0000 0.0000 3.1686 26.82   571.1 0000002F 41.4691353 -87.0384216    7.96   393.5 0.0 31236960
   7.83  282.18   99.00 950.097   395.8 0.0000 0.0000 3.1646 27.02   585.2 0000002F 41.4692612 -87.0384064    8.01   396.0 0.0 31237104
   7.96  282.32   99.00 949.846   397.8 0.0000 0.0000 3.1611 27.22   600.4 0000002F 41.4693985 -87.0384064    8.14   398.0 0.0 31238112
   8.08  282.46   99.00 949.616   399.8 0.0000 0.0000 3.1581 27.42   616.1 0004002F 41.4695396 -87.0383987    8.26   400.0 0.0 31238256
   8.03  282.40   99.00 949.407   401.8 0.0000 0.0000 3.1557 27.61   631.0 0000002F 41.4696732 -87.0384140    8.20   402.0 0.0 31238688
   7.97  282.34   99.00 949.218   403.8 0.0000 0.0000 3.1538 27.79   646.2 0000002F 41.4698105 -87.0384293    8.15   404.0 0.0 31238832
   7.91  282.27   99.00 949.045   404.8 0.0000 0.0000 3.1524 27.98   661.9 0000002F 41.4699516 -87.0383987    8.09   405.0 0.0 31239264
   7.85  282.21   99.00 948.888   405.8 0.0000 0.0000 3.1515 28.16   677.3 0000002F 41.4700890 -87.0383682    8.03   406.0 0.0 31239408
   7.87  282.23   99.00 948.741   406.9 0.0000 0.0000 3.1512 28.33   693.0 0000002F 41.4702301 -87.0383453    8.05   407.0 0.0 31239840
   7.89  282.25   99.00 948.604   407.9 0.0000 0.0000 3.1513 28.50   708.4 0000002F 41.4703674 -87.0383148    8.07   408.0 0.0 31239984
   7.94  282.30   99.00 948.478   408.9 0.0000 0.0000 3.1518 28.67   724.1 0000002F 41.4705086 -87.0382843    8.11   409.1 0.0 31240416
   7.98  282.35   99.00 948.362   409.9 0.0000 0.0000 3.1527 28.83   739.5 0000002F 41.4706459 -87.0382538    8.16   410.1 0.0 31240560
   7.98  282.34   99.00 948.246   410.9 0.0000 0.0000 3.1540 28.99   755.3 0000002F 41.4707870 -87.0382309    8.15   411.1 0.0 31240992
   7.97  282.34   99.00 948.130   411.9 0.0000 0.0000 3.1556 29.14   770.6 0000002F 41.4709244 -87.0382004    8.15   412.1 0.0 31241136
   7.90  282.26   99.00 948.014   412.9 0.0000 0.0000 3.1577 29.30   786.4 0000002F 41.4710655 -87.0381699    8.08   413.1 0.0 31241568
   7.83  282.19   99.00 947.898   413.9 0.0000 0.0000 3.1600 29.44   801.8 0000002F 41.4712029 -87.0381393    8.01   414.1 0.0 31241712
   7.88  282.24   99.00 947.782   414.9 0.0000 0.0000 3.1626 29.59   817.5 0000002F 41.4713440 -87.0381165    8.06   415.1 0.0 31242592
   7.83  282.19   99.00 947.666   416.0 0.0000 0.0000 3.1656 29.72   833.3 0000002F 41.4714851 -87.0380859    8.01   416.1 0.0 31243024
   7.91  282.27   99.00 947.550   417.0 0.0000 0.0000 3.1688 29.86   848.7 0000002F 41.4716225 -87.0380554    8.09   417.2 0.0 31243456
   7.94  282.31   99.00 947.434   418.0 0.0000 0.0000 3.1723 29.99   864.5 0000002F 41.4717636 -87.0380249    8.12   418.2 0.0 31243888
   7.85  282.21   99.00 947.318   419.0 0.0000 0.0000 3.1761 30.11   879.9 0000002F 41.4719009 -87.0379944    8.03   419.2 0.0 31244320
   7.84  282.20   99.00 947.202   420.0 0.0000 0.0000 3.1801 30.23   895.7 0000002F 41.4720421 -87.0379715    8.02   420.2 0.0 31244752
   7.84  282.20   99.00 947.086   421.0 0.0000 0.0000 3.1842 30.34   911.1 0000002F 41.4721794 -87.0379410    8.02   421.2 0.0 31245184
   7.74  282.09   99.00 946.970   422.0 0.0000 0.0000 3.1885 30.45   926.9 0000002F 41.4723206 -87.0379105    7.92   422.2 0.0 31245616
   7.71  282.06   99.00 946.855   423.0 0.0000 0.0000 3.1929 30.55   942.3 0000002F 41.4724579 -87.0378799    7.89   423.2 0.0 31246048
   7.83  282.19   99.00 946.739   424.0 0.0000 0.0000 3.1974 30.65   958.1 0000002F 41.4725990 -87.0378571    8.01   424.2 0.0 31246544
   7.86  282.22   99.00 946.623   425.1 0.0000 0.0000 3.2020 30.75   973.5 0000002F 41.4727364 -87.0378265    8.04   425.2 0.0 31246976
   7.92  282.29   99.00 946.507   426.1 0.0000 0.0000 3.2066 30.84   989.3 0000002F 41.4728775 -87.0377960    8.10   426.3 0.0 31247408
   7.84  282.20   99.00 946.391   427.1 0.0000 0.0000 3.2113 30.93  1005.2 0000002F 41.4730186 -87.0377655    8.02   427.3 0.0 31247840
   7.89  282.25   99.00 946.276   428.1 0.0000 0.0000 3.2160 31.02  1020.5 0000002F 41.4731560 -87.0377426    8.07   428.3 0.0 31248272
   7.94  282.31   99.00 946.160   429.1 0.0000 0.0000 3.2208 31.10  1036.4 0000002F 41.4732971 -87.0377121    8.12   429.3 0.0 31248704
   8.02  282.40   99.00 946.044   430.1 0.0000 0.0000 3.2257 31.19  1051.8 0000002F 41.4734344 -87.0376816    8.20   430.3 0.0 31249136
   8.13  282.52   99.00 945.928   431.1 0.0000 0.0000 3.2306 31.27  1067.6 0000002F 41.4735756 -87.0376511    8.31   431.3 0.0 31249568
   8.17  282.56   99.00 945.813   432.1 0.0000 0.0000 3.2355 31.36  1083.0 0000002F 41.4737129 -87.0376282    8.35   432.3 0.0 31250000
   8.11  282.49   99.00 945.697   433.1 0.0000 0.0000 3.2404 31.44  1098.8 0000002F 41.4738541 -87.0375977    8.29   433.3 0.0 31250496
   8.23  282.63   99.00 945.581   434.2 0.0000 0.0000 3.2454 31.52  1114.3 0000002F 41.4739914 -87.0375671    8.41   434.3 0.0 31250928
   8.14  282.53   99.00 945.465   435.2 0.0000 0.0000 3.2504 31.61  1130.1 0000002F 41.4741325 -87.0375366    8.32   435.4 0.0 31251360
   8.11  282.49   99.00 945.350   436.2 0.0000 0.0000 3.2554 31.69  1145.5 0000002F 41.4742699 -87.0375061    8.29   436.4 0.0 31251792
   8.06  282.44   99.00 945.234   437.2 0.0000 0.0000 3.2604 31.77  1161.3 0000002F 41.4744110 -87.0374832    8.24   437.4 0.0 31252224
   8.11  282.50   99.00 945.118   438.2 0.0000 0.0000 3.2655 31.86  1177.2 0000002F 41.4745522 -87.0374527    8.29   438.4 0.0 31252656
   8.07  282.45   99.00 945.003   439.2 0.0000 0.0000 3.2705 31.94  1192.6 0000002F 41.4746895 -87.0374222    8.25   439.4 0.0 31253088
   8.03  282.40   99.00 944.887   440.2 0.0000 0.0000 3.2756 32.03  1208.5 0000002F 41.4748306 -87.0373917    8.20   440.4 0.0 31253520
   7.98  282.35   99.00 944.772   441.2 0.0000 0.0000 3.2806 32.12  1223.8 0000002F 41.4749680 -87.0373688    8.16   441.4 0.0 31253664
   7.97  282.34   99.00 944.656   442.2 0.0000 0.0000 3.2858 32.21  1239.7 0000002F 41.4751091 -87.0373383    8.15   442.4 0.0 31254384
   7.95  282.32   99.00 944.541   443.3 0.0000 0.0000 3.2909 32.30  1255.1 0000002F 41.4752464 -87.0373077    8.13   443.5 0.0 31255168
   7.96  282.33   99.00 944.425   444.3 0.0000 0.0000 3.2959 32.39  1271.0 0000002F 41.4753876 -87.0372772    8.14   444.5 0.0 31255888
   7.96  282.33   99.00 944.309   445.3 0.0000 0.0000 3.3008 32.48  1286.4 0000002F 41.4755249 -87.0372543    8.14   445.5 0.0 31256032
   7.92  282.29   99.00 944.194   446.3 0.0000 0.0000 3.3057 32.58  1302.2 0000002F 41.4756660 -87.0372238    8.10   446.5 0.0 31256752
   7.88  282.25   99.00 944.078   447.3 0.0000 0.0000 3.3105 32.68  1318.1 0000002F 41.4758072 -87.0371933    8.06   447.5 0.0 31256896
   7.88  282.25   99.00 943.963   448.3 0.0000 0.0000 3.3153 32.77  1333.5 0000102F 41.4759445 -87.0371628    8.06   448.5 0.0 31257616
   7.88  282.25   99.00 943.847   449.3 0.0000 0.0000 3.3200 32.87  1349.4 0000002F 41.4760857 -87.0371323    8.06   449.5 0.0 31257760
   7.87  282.24   99.00 943.732   450.3 0.0000 0.0000 3.3246 32.97  1364.7 0000002F 41.4762230 -87.0371094    8.05   450.5 0.0 31258192
   7.89  282.26   99.00 943.616   451.3 0.0000 0.0000 3.3291 33.07  1380.6 0000002F 41.4763641 -87.0370789    8.07   451.5 0.0 31258624
   7.86  282.23   99.00 943.501   452.4 0.0000 0.0000 3.3336 33.17  1396.0 0000002F 41.4765015 -87.0370483    8.04   452.6 0.0 31259056
   7.91  282.28   99.00 943.386   453.4 0.0000 0.0000 3.3380 33.28  1411.9 0000002F 41.4766426 -87.0370178    8.09   453.6 0.0 31259840
   7.87  282.24   99.00 943.270   454.4 0.0000 0.0000 3.3423 33.38  1427.3 0000002F 41.4767799 -87.0369949    8.05   454.6 0.0 31260272
   7.83  282.19   99.00 943.155   455.4 0.0000 0.0000 3.3466 33.49  1443.2 0000002F 41.4769211 -87.0369644    8.01   455.6 0.0 31260416
   7.78  282.14   99.00 943.039   456.4 0.0000 0.0000 3.3508 33.60  1458.6 0000002F 41.4770584 -87.0369339    7.96   456.6 0.0 31261136
   7.79  282.15   99.00 942.924   457.4 0.0000 0.0000 3.3550 33.71  1474.5 0000002F 41.4771996 -87.0369034    7.97   457.6 0.0 31261568
   7.76  282.12   99.00 942.809   458.4 0.0000 0.0000 3.3591 33.82  1490.3 0000002F 41.4773407 -87.0368805    7.94   458.6 0.0 31262000
   7.88  282.25   99.00 942.693   459.4 0.0000 0.0000 3.3631 33.93  1505.7 0000002F 41.4774780 -87.0368500    8.06   459.6 0.0 31262432
   7.88  282.25   99.00 942.578   460.4 0.0000 0.0000 3.3672 34.04  1521.6 0000002F 41.4776192 -87.0368195    8.06   460.7 0.0 31262864
   7.85  282.22   99.00 942.463   461.5 0.0000 0.0000 3.3712 34.15  1537.0 0000002F 41.4777565 -87.0367889    8.03   461.7 0.0 31263872
   7.83  282.19   99.00 942.347   462.5 0.0000 0.0000 3.3752 34.26  1552.9 0000002F 41.4778976 -87.0367584    8.01   462.7 0.0 31264304
   7.91  282.28   99.00 942.232   463.5 0.0000 0.0000 3.3791 34.37  1568.3 0000002F 41.4780350 -87.0367355    8.09   463.7 0.0 31264736
   7.96  282.34   99.00 942.117   464.5 0.0000 0.0000 3.3831 34.48  1584.2 0000002F 41.4781761 -87.0367050    8.14   464.7 0.0 31265168
   7.92  282.29   99.00 942.002   465.5 0.0000 0.0000 3.3870 34.59  1599.6 0000002F 41.4783134 -87.0366745    8.10   465.7 0.0 31265600
   7.78  282.13   99.00 941.886   466.5 0.0000 0.0000 3.3908 34.71  1615.5 0000002F 41.4784546 -87.0366440    7.95   466.7 0.0 31266032
   7.63  281.98   99.00 941.771   467.5 0.0000 0.0000 3.3947 34.82  1630.9 0000002F 41.4785919 -87.0366211    7.81   467.7 0.0 31266176
   7.63  281.98   99.00 941.656   468.5 0.0000 0.0000 3.3985 34.94  1646.7 0000002F 41.4787331 -87.0365906    7.81   468.7 0.0 31266608
   7.63  281.98   99.00 941.541   469.5 0.0000 0.0000 3.4023 35.05  1662.6 0000002F 41.4788742 -87.0365601    7.81   469.8 0.0 31266752
   7.75  282.10   99.00 941.426   470.6 0.0000 0.0000 3.4061 35.17  1678.1 0000002F 41.4790115 -87.0365295    7.93   470.8 0.0 31267184
   7.86  282.23   99.00 941.310   471.6 0.0000 0.0000 3.4099 35.28  1693.9 0000002F 41.4791527 -87.0365067    8.04   471.8 0.0 31267328
   7.86  282.22   99.00 941.195   472.6 0.0000 0.0000 3.4136 35.40  1709.3 0000002F 41.4792900 -87.0364761    8.03   472.8 0.0 31267760
   7.85  282.22   99.00 941.080   473.6 0.0000 0.0000 3.4173 35.51  1725.2 0000002F 41.4794312 -87.0364456    8.03   473.8 0.0 31267968
   7.96  282.33   99.00 940.965   474.6 0.0000 0.0000 3.4205 35.64  1740.6 0000002F 41.4795685 -87.0364151    8.14   474.8 0.0 31268400
   8.06  282.45   99.00 940.850   475.6 0.0000 0.0000 3.4233 35.77  1756.4 0000002F 41.4797096 -87.0363922    8.24   475.8 0.0 31268544
   7.93  282.30   99.00 940.735   476.6 0.0000 0.0000 3.4259 35.90  1771.9 0000002F 41.4798470 -87.0363617    8.11   476.8 0.0 31268976
   7.80  282.16   99.00 940.620   477.6 0.0000 0.0000 3.4283 36.03  1787.8 0000002F 41.4799881 -87.0363312    7.98   477.8 0.0 31269120
   7.86  282.22   99.00 940.505   478.6 0.0000 0.0000 3.4306 36.17  1803.2 0000002F 41.4801254 -87.0363007    8.03   478.9 0.0 31269552
   7.91  282.28   99.00 940.390   479.7 0.0000 0.0000 3.4326 36.31  1819.1 0000002F 41.4802666 -87.0362701    8.09   479.9 0.0 31269696
   7.82  282.19   99.00 940.274   480.7 0.0000 0.0000 3.4344 36.45  1834.9 0000002F 41.4804077 -87.0362473    8.00   480.9 0.0 31270128
   7.73  282.09   99.00 940.159   481.7 0.0000 0.0000 3.4363 36.60  1850.4 0000002F 41.4805450 -87.0362167    7.91   481.9 0.0 31270272
   7.67  282.02   99.00 940.044   482.7 0.0000 0.0000 3.4381 36.74  1866.2 0000002F 41.4806862 -87.0361862    7.85   482.9 0.0 31270704
   7.85  282.22   99.00 939.929   483.7 0.0000 0.0000 3.4398 36.89  1881.7 0000002F 41.4808235 -87.0361557    8.03   483.9 0.0 31271136
   8.03  282.41   99.00 939.814   484.7 0.0000 0.0000 3.4417 37.05  1897.5 0000002F 41.4809647 -87.0361328    8.21   484.9 0.0 31271568
   7.97  282.35   99.00 939.699   485.7 0.0000 0.0000 3.4436 37.21  1913.0 0000002F 41.4811020 -87.0361023    8.15   485.9 0.0 31272920
   8.12  282.51   99.00 939.574   486.7 0.0000 0.0000 3.4456 37.37  1928.8 0000002F 41.4812431 -87.0360718    8.30   487.0 0.0 31273352
   8.40  282.82   99.00 939.439   487.7 0.0000 0.0000 3.4476 37.53  1944.3 0000002F 41.4813805 -87.0360413    8.58   488.0 0.0 31273784
   8.32  282.73   99.00 939.283   488.8 0.0000 0.0000 3.4498 37.69  1960.1 0000002F 41.4815216 -87.0360184    8.50   489.0 0.0 31274216
   8.24  282.64   99.00 939.107   489.8 0.0000 0.0000 3.4525 37.83  1975.6 0000002F 41.4816589 -87.0359879    8.42   490.0 0.0 31274648
   8.51  282.94   99.00 938.911   490.8 0.0000 0.0000 3.4556 37.95  1991.5 0000002F 41.4818001 -87.0359573    8.69   491.0 0.0 31275080
   8.56  283.00   99.00 938.694   492.8 0.0000 0.0000 3.4588 38.06  2011.7 0000002F 41.4819794 -87.0359116    8.74   493.0 0.0 31275512
   8.55  282.98   99.00 938.452   494.8 0.0000 0.0000 3.4619 38.16  2032.1 0000002F 41.4821587 -87.0358505    8.73   495.0 0.0 31275944
   8.58  283.02   99.00 938.184   497.8 0.0000 0.0000 3.4654 38.26  2050.8 0000002F 41.4823227 -87.0357819    8.76   498.0 0.0 31276376
   8.63  283.07   99.00 937.896   500.8 0.0000 0.0000 3.4691 38.34  2070.0 0000002F 41.4824905 -87.0357132    8.81   501.0 0.0 31276808
   8.70  283.15   99.00 937.587   503.8 0.0000 0.0000 3.4729 38.41  2090.5 0000002F 41.4826698 -87.0356445    8.88   504.0 0.0 31283456
   8.71  283.16   99.00 937.258   506.8 0.0000 0.0000 3.4766 38.46  2111.1 0000012F 41.4828491 -87.0355682    8.89   507.0 0.0 31283888
   8.61  283.05   99.00 936.919   510.3 0.0000 0.0000 3.4804 38.48  2130.4 0000002F 41.4830170 -87.0354919    8.79   510.5 0.0 31284320
   8.68  283.13   99.00 936.575   513.8 0.0000 0.0000 3.4842 38.48  2149.3 0000002F 41.4831810 -87.0354080    8.86   514.0 0.0 31284752
   8.67  283.12   99.00 936.236   516.8 0.0000 0.0000 3.4878 38.46  2169.1 0000002F 41.4833527 -87.0353241    8.85   517.0 0.0 31285184
   8.59  283.03   99.00 935.897   519.8 0.0000 0.0000 3.4914 38.42  2189.4 0000002F 41.4835281 -87.0352402    8.77   520.0 0.0 31285616
   8.57  283.01   99.00 935.559   522.8 0.0000 0.0000 3.4949 38.36  2209.8 0000002F 41.4837036 -87.0351410    8.75   523.0 0.0 31286048
   8.55  282.99   99.00 935.220   525.8 0.0000 0.0000 3.4984 38.30  2230.1 0000002F 41.4838791 -87.0350494    8.73   526.0 0.0 31286480
   8.53  282.97   99.00 934.887   528.3 0.0000 0.0000 3.5016 38.23  2249.6 0000002F 41.4840469 -87.0349579    8.71   528.5 0.0 31286912
   8.49  282.93   99.00 934.559   530.8 0.0000 0.0000 3.5045 38.17  2269.6 0000002F 41.4842186 -87.0348663    8.67   531.0 0.0 31287344
   8.49  282.93   99.00 934.220   533.8 0.0000 0.0000 3.5074 38.12  2288.3 0000002F 41.4843788 -87.0347748    8.67   534.0 0.0 31287776
   8.43  282.86   99.00 933.882   536.8 0.0000 0.0000 3.5104 38.07  2307.0 0000002F 41.4845390 -87.0346832    8.61   537.0 0.0 31288208
   8.42  282.84   99.00 933.539   539.8 0.0000 0.0000 3.5135 38.02  2325.5 0000002F 41.4846992 -87.0346069    8.59   540.0 0.0 31288640
   8.40  282.83   99.00 933.191   542.8 0.0000 0.0000 3.5164 37.96  2344.2 0000002F 41.4848595 -87.0345230    8.58   543.0 0.0 31288784
   8.37  282.80   99.00 932.838   545.7 0.0000 0.0000 3.5192 37.89  2362.7 0000002F 41.4850197 -87.0344467    8.55   546.0 0.0 31289216
   8.39  282.81   99.00 932.480   549.7 0.0000 0.0000 3.5221 37.82  2381.6 0000002F 41.4851799 -87.0343475    8.56   550.0 0.0 31289648
   8.45  282.87   99.00 932.122   552.7 0.0000 0.0000 3.5250 37.75  2401.5 0000002F 41.4853516 -87.0342636    8.62   553.0 0.0 31290080
   8.42  282.84   99.00 931.763   556.2 0.0000 0.0000 3.5278 37.67  2418.9 0000002F 41.4855003 -87.0341797    8.59   556.5 0.0 31290512
   8.39  282.81   99.00 931.406   559.7 0.0000 0.0000 3.5305 37.60  2436.4 0000002F 41.4856491 -87.0340881    8.56   560.0 0.0 31290656
   8.36  282.78   99.00 931.048   562.7 0.0000 0.0000 3.5333 37.52  2454.4 0000002F 41.4858017 -87.0339966    8.53   563.0 0.0 31291088
   8.37  282.79   99.00 930.690   565.7 0.0000 0.0000 3.5360 37.45  2471.7 0000002F 41.4859505 -87.0339203    8.54   566.0 0.0 31291648
   8.35  282.77   99.00 930.343   568.7 0.0000 0.0000 3.5391 37.36  2489.1 0000002F 41.4860992 -87.0338364    8.52   569.0 0.0 31292080
   8.32  282.74   99.00 929.996   571.7 0.0000 0.0000 3.5421 37.27  2507.2 0000002F 41.4862518 -87.0337372    8.49   572.0 0.0 31292512
   8.28  282.69   99.00 929.654   574.7 0.0000 0.0000 3.5455 37.17  2524.6 0000002F 41.4864006 -87.0336609    8.45   575.0 0.0 31292944
   8.22  282.63   99.00 929.317   577.7 0.0000 0.0000 3.5493 37.06  2543.5 0000002F 41.4865608 -87.0335617    8.39   578.0 0.0 31293376
   8.12  282.52   99.00 928.980   580.7 0.0000 0.0000 3.5531 36.93  2563.1 0000002F 41.4867287 -87.0334778    8.29   581.0 0.0 31293808
   8.01  282.40   99.00 928.643   583.7 0.0000 0.0000 3.5570 36.80  2581.9 0000002F 41.4868889 -87.0333862    8.18   584.0 0.0 31294240
   7.98  282.37   99.00 928.307   586.7 0.0000 0.0000 3.5609 36.66  2601.3 0000002F 41.4870529 -87.0332870    8.16   587.0 0.0 31294672
   7.96  282.35   99.00 927.970   589.7 0.0000 0.0000 3.5647 36.53  2621.1 0000002F 41.4872208 -87.0331879    8.13   590.0 0.0 31294816
   7.95  282.34   99.00 927.634   592.7 0.0000 0.0000 3.5684 36.42  2639.9 0000002F 41.4873810 -87.0330963    8.12   593.0 0.0 31295248
   7.96  282.35   99.00 927.287   595.7 0.0000 0.0000 3.5719 36.33  2657.7 0000002F 41.4875298 -87.0329971    8.13   596.0 0.0 31295680
   7.93  282.31   99.00 926.940   598.7 0.0000 0.0000 3.5753 36.25  2674.9 0000002F 41.4876747 -87.0329056    8.10   599.0 0.0 31296112
   7.90  282.28   99.00 926.584   601.7 0.0000 0.0000 3.5787 36.19  2691.7 0000002F 41.4878159 -87.0328140    8.07   602.0 0.0 31296256
   7.93  282.32   99.00 926.227   604.7 0.0000 0.0000 3.5822 36.14  2708.9 0000002F 41.4879608 -87.0327225    8.10   605.0 0.0 31296688
   7.85  282.23   99.00 925.871   607.7 0.0000 0.0000 3.5853 36.10  2726.5 0000002F 41.4881096 -87.0326385    8.02   608.0 0.0 31297120
   7.87  282.25   99.00 925.515   611.7 0.0000 0.0000 3.5880 36.06  2744.1 0000002F 41.4882584 -87.0325470    8.04   612.0 0.0 31297552
   7.81  282.19   99.00 925.163   614.7 0.0000 0.0000 3.5900 36.04  2760.8 0000002F 41.4883995 -87.0324631    7.98   615.0 0.0 31297984
   7.71  282.08   99.00 924.817   618.7 0.0000 0.0000 3.5918 36.05  2778.7 0000002F 41.4885483 -87.0323563    7.88   619.0 0.0 31298416
   7.69  282.06   99.00 924.477   621.7 0.0000 0.0000 3.5930 36.06  2794.9 0000002F 41.4886818 -87.0322571    7.86   622.0 0.0 31298848
   7.69  282.06   99.00 924.141   624.7 0.0000 0.0000 3.5938 36.09  2812.4 0000002F 41.4888306 -87.0321732    7.86   625.0 0.0 31299280
   7.64  282.00   99.00 923.805   627.7 0.0000 0.0000 3.5943 36.14  2829.8 0000002F 41.4889717 -87.0320511    7.81   628.0 0.0 31300352
   7.58  281.94   99.00 923.480   630.2 0.0000 0.0000 3.5944 36.19  2846.8 0000002F 41.4891129 -87.0319519    7.75   630.5 0.0 31300784
   7.52  281.87   99.00 923.155   632.7 0.0000 0.0000 3.5942 36.25  2863.4 0000002F 41.4892502 -87.0318527    7.69   633.0 0.0 31300928
   7.53  281.89   99.00 922.840   635.2 0.0000 0.0000 3.5936 36.32  2880.8 0000002F 41.4893951 -87.0317535    7.70   635.5 0.0 31301360
   7.55  281.91   99.00 922.525   637.7 0.0000 0.0000 3.5927 36.41  2898.1 0000002F 41.4895401 -87.0316620    7.72   638.0 0.0 31301504
   7.53  281.89   99.00 922.210   640.7 0.0000 0.0000 3.5917 36.50  2916.3 0000002F 41.4896927 -87.0315704    7.70   641.0 0.0 31301936
   7.52  281.88   99.00 921.895   643.7 0.0000 0.0000 3.5905 36.60  2935.0 0000002F 41.4898491 -87.0314713    7.69   644.0 0.0 31302080
   7.53  281.89   99.00 921.576   646.7 0.0000 0.0000 3.5892 36.71  2954.1 0000002F 41.4900093 -87.0313721    7.70   647.0 0.0 31302512
   7.54  281.90   99.00 921.246   649.7 0.0000 0.0000 3.5876 36.82  2973.2 0000002F 41.4901695 -87.0312729    7.71   650.0 0.0 31302656
   7.49  281.84   99.00 920.906   652.7 0.0000 0.0000 3.5859 36.95  2992.0 0000002F 41.4903259 -87.0311737    7.66   653.0 0.0 31303088
   7.44  281.79   99.00 920.562   655.7 0.0000 0.0000 3.5841 37.08  3010.4 0000002F 41.4904785 -87.0310669    7.61   656.0 0.0 31303232
   7.40  281.75   99.00 920.207   658.7 0.0000 0.0000 3.5821 37.22  3028.6 0000002F 41.4906311 -87.0309753    7.57   659.0 0.0 31303664
   7.37  281.72   99.00 919.852   661.7 0.0000 0.0000 3.5800 37.34  3046.4 0000002F 41.4907799 -87.0308838    7.54   662.0 0.0 31303808
   7.30  281.65   99.00 919.487   665.2 0.0000 0.0000 3.5777 37.47  3065.8 0000002F 41.4909439 -87.0307922    7.47   665.5 0.0 31304240
   7.24  281.58   99.00 919.112   668.7 0.0000 0.0000 3.5750 37.58  3085.7 0000002F 41.4911118 -87.0307007    7.41   669.0 0.0 31304384
   7.18  281.51   99.00 918.738   671.7 0.0000 0.0000 3.5721 37.69  3104.4 0000002F 41.4912682 -87.0306015    7.35   672.0 0.0 31304816
   7.18  281.51   99.00 918.353   675.7 0.0000 0.0000 3.5692 37.81  3123.9 0000002F 41.4914284 -87.0304871    7.35   676.0 0.0 31305248
   7.19  281.52   99.00 917.968   678.7 0.0000 0.0000 3.5664 37.91  3142.8 0000002F 41.4915886 -87.0304031    7.36   679.0 0.0 31305680
   7.09  281.42   99.00 917.584   682.7 0.0000 0.0000 3.5639 38.02  3161.3 0000002F 41.4917412 -87.0302963    7.26   683.0 0.0 31306112
   7.04  281.36   99.00 917.194   686.7 0.0000 0.0000 3.5615 38.11  3181.0 0000002F 41.4919090 -87.0302124    7.21   687.0 0.0 31306544
   7.11  281.44   99.00 916.800   689.7 0.0000 0.0000 3.5590 38.20  3201.3 0000002F 41.4920807 -87.0301208    7.28   690.0 0.0 31306976
   7.22  281.56   99.00 916.401   693.7 0.0000 0.0000 3.5566 38.29  3222.6 0000002F 41.4922600 -87.0300217    7.39   694.0 0.0 31307408
   7.11  281.44   99.00 916.007   696.7 0.0000 0.0000 3.5540 38.39  3243.3 0000002F 41.4924316 -87.0299072    7.28   697.0 0.0 31307840
   7.12  281.45   99.00 915.613   699.7 0.0000 0.0000 3.5513 38.50  3263.1 0000002F 41.4925995 -87.0298233    7.29   700.0 0.0 31310184
   7.41  281.77   99.00 915.229   703.7 0.0000 0.0000 3.5486 38.60  3282.6 0000002F 41.4927597 -87.0297089    7.58   704.0 0.0 31310616
   7.30  281.65   99.00 914.861   707.7 0.0000 0.0000 3.5460 38.71  3302.9 0000002F 41.4929314 -87.0296173    7.47   708.0 0.0 31311048
   7.29  281.64   99.00 914.498   711.2 0.0000 0.0000 3.5434 38.82  3322.4 0000002F 41.4930954 -87.0295258    7.46   711.5 0.0 31311480
   7.27  281.62   99.00 914.150   714.7 0.0000 0.0000 3.5412 38.93  3341.7 0000002F 41.4932594 -87.0294418    7.44   715.0 0.0 31311912
   7.24  281.58   99.00 913.808   717.6 0.0000 0.0000 3.5392 39.04  3361.9 0000002F 41.4934311 -87.0293579    7.41   718.0 0.0 31312344
   7.15  281.49   99.00 913.465   720.6 0.0000 0.0000 3.5377 39.15  3381.8 0000002F 41.4935989 -87.0292664    7.32   721.0 0.0 31312776
   6.96  281.28   99.00 913.133   723.1 0.0000 0.0000 3.5364 39.28  3401.5 0000002F 41.4937668 -87.0291901    7.13   723.5 0.0 31313208
   7.02  281.35   99.00 912.811   725.6 0.0000 0.0000 3.5352 39.43  3420.7 0000002F 41.4939308 -87.0291138    7.19   726.0 0.0 31313640
   7.00  281.32   99.00 912.494   728.1 0.0000 0.0000 3.5338 39.57  3439.8 0000002F 41.4940910 -87.0290222    7.17   728.5 0.0 31314072
   6.99  281.31   99.00 912.182   730.6 0.0000 0.0000 3.5323 39.72  3458.7 0000002F 41.4942513 -87.0289383    7.16   731.0 0.0 31314504
   6.90  281.22   99.00 911.870   733.6 0.0000 0.0000 3.5308 39.87  3478.4 0000002F 41.4944153 -87.0288391    7.07   734.0 0.0 31314936
   6.85  281.16   99.00 911.558   736.6 0.0000 0.0000 3.5294 40.00  3497.9 0000002F 41.4945793 -87.0287476    7.02   737.0 0.0 31315368
   6.80  281.11   99.00 911.251   739.6 0.0000 0.0000 3.5283 40.13  3519.2 0000002F 41.4947586 -87.0286484    6.97   740.0 0.0 31315800
   6.69  280.99   99.00 910.939   742.6 0.0000 0.0000 3.5274 40.25  3541.0 0000002F 41.4949417 -87.0285492    6.86   743.0 0.0 31316232
   6.68  280.98   99.00 910.632   745.6 0.0000 0.0000 3.5270 40.37  3562.3 0000002F 41.4951210 -87.0284500    6.85   746.0 0.0 31316664
   6.54  280.83   99.00 910.321   748.6 0.0000 0.0000 3.5268 40.49  3583.6 0000002F 41.4953003 -87.0283508    6.71   749.0 0.0 31317096
   6.59  280.88   99.00 910.009   751.6 0.0000 0.0000 3.5269 40.61  3604.8 0000002F 41.4954796 -87.0282593    6.76   752.0 0.0 31317528
   6.47  280.75   99.00 909.697   753.6 0.0000 0.0000 3.5270 40.75  3625.7 0000002F 41.4956589 -87.0281830    6.64   754.0 0.0 31317960
   6.47  280.75   99.00 909.385   756.6 0.0000 0.0000 3.5271 40.89  3647.0 0000002F 41.4958382 -87.0280838    6.64   757.0 0.0 31318520
   6.44  280.72   99.00 909.074   758.6 0.0000 0.0000 3.5270 41.02  3667.2 0000002F 41.4960098 -87.0279999    6.61   759.0 0.0 31318952
   6.31  280.58   99.00 908.762   761.6 0.0000 0.0000 3.5271 41.15  3687.7 0000002F 41.4961815 -87.0279007    6.48   762.0 0.0 31319384
   6.16  280.42   99.00 908.451   764.6 0.0000 0.0000 3.5272 41.26  3707.9 0000002F 41.4963493 -87.0278015    6.33   765.0 0.0 31319816
   6.20  280.46   99.00 908.129   767.6 0.0000 0.0000 3.5276 41.35  3728.7 0000002F 41.4965210 -87.0276871    6.37   768.0 0.0 31320248
   6.16  280.42   99.00 907.797   770.6 0.0000 0.0000 3.5284 41.44  3749.7 0000002F 41.4967003 -87.0276031    6.33   771.0 0.0 31320680
   6.15  280.41   99.00 907.466   773.6 0.0000 0.0000 3.5297 41.53  3772.5 0000002F 41.4968910 -87.0274963    6.32   774.0 0.0 31321112
   6.14  280.40   99.00 907.125   776.6 0.0000 0.0000 3.5312 41.62  3793.5 0000002F 41.4970703 -87.0274124    6.31   777.0 0.0 31321544
   6.23  280.50   99.00 906.783   779.6 0.0000 0.0000 3.5328 41.71  3814.7 0000002F 41.4972496 -87.0273209    6.40   780.0 0.0 31321976
   6.03  280.28   99.00 906.452   783.6 0.0000 0.0000 3.5343 41.81  3836.1 0000002F 41.4974289 -87.0272217    6.20   784.0 0.0 31322408
   5.98  280.23   99.00 906.121   786.6 0.0000 0.0000 3.5354 41.91  3856.5 0000002F 41.4976006 -87.0271301    6.15   787.0 0.0 31322840
   5.94  280.19   99.00 905.790   789.6 0.0000 0.0000 3.5362 41.99  3878.0 0000002F 41.4977798 -87.0270233    6.11   790.0 0.0 31323272
   6.05  280.31   99.00 905.459   792.6 0.0000 0.0000 3.5369 42.06  3898.8 0000002F 41.4979515 -87.0269089    6.22   793.0 0.0 31323704
   5.90  280.14   99.00 905.128   795.6 0.0000 0.0000 3.5372 42.11  3921.5 0000002F 41.4981384 -87.0267868    6.07   796.0 0.0 31324136
   5.87  280.11   99.00 904.797   797.6 0.0000 0.0000 3.5376 42.14  3943.8 0000002F 41.4983292 -87.0267029    6.04   798.0 0.0 31324568
   5.87  280.11   99.00 904.476   800.6 0.0000 0.0000 3.5380 42.15  3965.6 0000002F 41.4985085 -87.0265808    6.04   801.0 0.0 31325000
   5.84  280.08   99.00 904.156   803.6 0.0000 0.0000 3.5385 42.17  3988.1 0000002F 41.4986992 -87.0264893    6.01   804.0 0.0 31325432
   5.82  280.06   98.85 903.835   806.6 0.0000 0.0000 3.5388 42.18  4010.7 0000002F 41.4988899 -87.0263901    5.99   807.0 0.0 31325864
   5.72  279.95   99.00 903.525   809.6 0.0000 0.0000 3.5388 42.19  4031.9 0000002F 41.4990692 -87.0262985    5.89   810.0 0.0 31326936
   5.60  279.82   99.00 903.214   812.6 0.0000 0.0000 3.5387 42.20  4052.6 0000002F 41.4992409 -87.0261917    5.77   813.0 0.0 31327368
   5.64  279.87   99.00 902.894   815.6 0.0000 0.0000 3.5381 42.21  4072.8 0000002F 41.4994087 -87.0260925    5.81   816.0 0.0 31327800
   5.73  279.96   98.88 902.578   818.6 0.0000 0.0000 3.5372 42.21  4094.6 0000002F 41.4995918 -87.0259933    5.90   819.0 0.0 31328232
   5.65  279.87   98.71 902.268   821.6 0.0000 0.0000 3.5360 42.20  4115.3 0000002F 41.4997597 -87.0258713    5.82   822.0 0.0 31328664
   5.76  279.99   98.57 901.963   823.6 0.0000 0.0000 3.5344 42.17  4137.0 0000002F 41.4999390 -87.0257568    5.93   824.0 0.0 31329096
   5.70  279.93   98.42 901.663   826.6 0.0000 0.0000 3.5327 42.13  4158.7 0000002F 41.5001183 -87.0256424    5.87   827.0 0.0 31329528
   5.57  279.78   98.26 901.363   829.6 0.0000 0.0000 3.5313 42.07  4181.7 0000002F 41.5003090 -87.0255280    5.74   830.0 0.0 31329960
   5.56  279.77   98.11 901.063   832.1 0.0000 0.0000 3.5301 42.02  4203.7 0000002F 41.5004959 -87.0254364    5.73   832.5 0.0 31330392
   5.55  279.76   97.96 900.768   834.6 0.0000 0.0000 3.5291 41.97  4225.5 0000002F 41.5006790 -87.0253372    5.72   835.0 0.0 31330536
   5.47  279.68   98.04 900.479   837.1 0.0000 0.0000 3.5283 41.93  4246.2 0000002F 41.5008545 -87.0252533    5.64   837.5 0.0 31330968
   5.39  279.59   98.13 900.184   839.6 0.0000 0.0000 3.5278 41.90  4266.7 0000002F 41.5010300 -87.0251770    5.56   840.0 0.0 31331112
   5.36  279.56   98.21 899.894   842.6 0.0000 0.0000 3.5275 41.87  4286.7 0000002F 41.5011978 -87.0250854    5.53   843.0 0.0 31331544
   5.33  279.53   98.29 899.605   845.6 0.0000 0.0000 3.5271 41.86  4306.9 0000002F 41.5013695 -87.0250015    5.50   846.0 0.0 31331688
   5.38  279.58   98.29 899.310   848.1 0.0000 0.0000 3.5269 41.86  4327.9 0000002F 41.5015450 -87.0249023    5.55   848.5 0.0 31332120
   5.43  279.64   98.30 899.011   850.6 0.0000 0.0000 3.5267 41.85  4348.9 0000002F 41.5017204 -87.0248032    5.60   851.0 0.0 31332264
   5.45  279.66   98.23 898.707   853.1 0.0000 0.0000 3.5267 41.84  4370.4 0000002F 41.5018997 -87.0247040    5.63   853.5 0.0 31332696
   5.48  279.69   98.15 898.397   855.6 0.0000 0.0000 3.5266 41.83  4391.9 0000002F 41.5020790 -87.0245972    5.65   856.0 0.0 31332840
   5.45  279.66   98.00 898.088   858.6 0.0000 0.0000 3.5267 41.82  4413.2 0000002F 41.5022583 -87.0245056    5.63   859.0 0.0 31333272
   5.43  279.63   97.85 897.779   861.6 0.0000 0.0000 3.5268 41.81  4434.7 0000002F 41.5024414 -87.0244217    5.60   862.0 0.0 31333416
   5.35  279.55   97.85 897.466   864.6 0.0000 0.0000 3.5270 41.79  4455.8 0000002F 41.5026207 -87.0243378    5.52   865.0 0.0 31333848
   5.27  279.46   97.86 897.147   867.6 0.0000 0.0000 3.5272 41.77  4476.7 0000002F 41.5028000 -87.0242615    5.44   868.0 0.0 31333992
   5.42  279.62   97.87 896.823   870.6 0.0000 0.0000 3.5270 41.74  4497.7 0000002F 41.5029793 -87.0241776    5.59   871.0 0.0 31334424
   5.47  279.68   97.71 896.495   873.6 0.0000 0.0000 3.5267 41.71  4518.0 0000002F 41.5031509 -87.0240936    5.64   874.0 0.0 31334856
   5.34  279.54   97.87 896.176   876.6 0.0000 0.0000 3.5262 41.66  4538.4 0000002F 41.5033188 -87.0239868    5.51   877.0 0.0 31336440
   5.36  279.56   97.72 895.868   879.5 0.0000 0.0000 3.5255 41.61  4559.9 0000002F 41.5035019 -87.0239029    5.53   880.0 0.0 31336872
   5.22  279.41   97.57 895.570   882.5 0.0000 0.0000 3.5247 41.53  4581.6 0000002F 41.5036812 -87.0237885    5.39   883.0 0.0 31337304
   5.28  279.47   97.74 895.281   885.5 0.0000 0.0000 3.5236 41.44  4603.0 0000002F 41.5038605 -87.0236893    5.45   886.0 0.0 31337736
   5.20  279.39   97.74 895.000   888.5 0.0000 0.0000 3.5227 41.33  4624.6 0000002F 41.5040398 -87.0235825    5.37   889.0 0.0 31338168
   5.08  279.26   97.74 894.726   890.5 0.0000 0.0000 3.5217 41.20  4646.4 0000002F 41.5042191 -87.0234680    5.25   891.0 0.0 31338600
   5.06  279.24   97.90 894.459   892.5 0.0000 0.0000 3.5207 41.05  4669.1 0000002F 41.5044098 -87.0233688    5.23   893.0 0.0 31339032
   4.97  279.14   97.75 894.199   894.5 0.0000 0.0000 3.5196 40.90  4690.7 0000002F 41.5045891 -87.0232620    5.14   895.0 0.0 31339464
   4.90  279.07   97.91 893.946   896.5 0.0000 0.0000 3.5185 40.75  4712.1 0000002F 41.5047684 -87.0231628    5.07   897.0 0.0 31339896
   4.88  279.05   97.99 893.701   898.8 0.0000 0.0000 3.5175 40.61  4732.2 0000002F 41.5049362 -87.0230713    5.06   899.3 0.0 31340328
   4.87  279.04   98.08 893.462   901.1 0.0000 0.0000 3.5165 40.47  4752.6 0000002F 41.5051079 -87.0229797    5.04   901.6 0.0 31340472
   4.85  279.02   98.16 893.214   903.4 0.0000 0.0000 3.5158 40.35  4772.6 0000002F 41.5052757 -87.0228882    5.03   903.9 0.0 31340616
   4.84  279.01   98.24 892.956   905.7 0.0000 0.0000 3.5154 40.24  4792.5 0000002F 41.5054436 -87.0228043    5.01   906.1 0.0 31340760
   4.82  278.99   98.33 892.691   908.0 0.0000 0.0000 3.5155 40.14  4812.5 0000002F 41.5056114 -87.0227127    4.99   908.4 0.0 31340904
   4.81  278.98   98.41 892.421   910.2 0.0000 0.0000 3.5159 40.06  4833.0 0000002F 41.5057831 -87.0226212    4.98   910.7 0.0 31341048
   4.80  278.97   98.57 892.148   912.5 0.0000 0.0000 3.5165 39.99  4853.0 0000002F 41.5059509 -87.0225296    4.97   913.0 0.0 31341480
   4.83  279.01   98.73 891.872   915.5 0.0000 0.0000 3.5175 39.92  4872.9 0000002F 41.5061188 -87.0224457    5.00   916.0 0.0 31341912
   4.79  278.96   98.74 891.593   918.5 0.0000 0.0000 3.5184 39.86  4893.2 0000002F 41.5062904 -87.0223618    4.96   919.0 0.0 31342344
   4.78  278.95   98.74 891.317   921.1 0.0000 0.0000 3.5192 39.80  4912.4 0000002F 41.5064507 -87.0222702    4.95   921.6 0.0 31342776
   4.77  278.94   98.74 891.043   923.7 0.0000 0.0000 3.5198 39.77  4931.9 0000002F 41.5066147 -87.0221863    4.94   924.2 0.0 31342920
   4.75  278.93   98.75 890.766   926.3 0.0000 0.0000 3.5205 39.75  4951.1 0000002F 41.5067749 -87.0220947    4.92   926.8 0.0 31343064
   4.74  278.91   98.75 890.486   928.9 0.0000 0.0000 3.5213 39.76  4970.6 0000002F 41.5069389 -87.0220108    4.91   929.4 0.0 31343208
   4.73  278.90   98.75 890.208   931.5 0.0000 0.0000 3.5222 39.78  4989.8 0000002F 41.5070992 -87.0219193    4.90   932.0 0.0 31343352
   4.78  278.95   98.60 889.941   933.5 0.0000 0.0000 3.5231 39.82  5009.3 0000002F 41.5072632 -87.0218353    4.95   934.0 0.0 31343784
   4.79  278.96   98.60 889.670   935.5 0.0000 0.0000 3.5242 39.86  5029.1 0000002F 41.5074310 -87.0217514    4.96   936.0 0.0 31344344
   4.81  278.98   98.77 889.404   938.2 0.0000 0.0000 3.5255 39.92  5050.0 0000002F 41.5076065 -87.0216599    4.97   938.7 0.0 31344776
   4.82  279.00   98.94 889.145   940.8 0.0000 0.0000 3.5265 39.97  5071.5 0000002F 41.5077858 -87.0215607    4.99   941.3 0.0 31344920
   4.89  279.08   98.94 888.892   943.5 0.0000 0.0000 3.5269 40.02  5092.3 0000002F 41.5079613 -87.0214691    5.06   944.0 0.0 31345352
   4.89  279.07   98.79 888.635   945.5 0.0000 0.0000 3.5268 40.06  5112.6 0000002F 41.5081291 -87.0213699    5.06   946.0 0.0 31345784
   5.04  279.24   98.79 888.378   948.5 0.0000 0.0000 3.5265 40.10  5134.2 0000002F 41.5083084 -87.0212631    5.21   949.0 0.0 31346216
   5.08  279.28   98.63 888.121   950.5 0.0000 0.0000 3.5260 40.13  5155.0 0000002F 41.5084801 -87.0211563    5.25   951.0 0.0 31346648
   4.99  279.18   98.80 887.861   952.5 0.0000 0.0000 3.5249 40.16  5176.6 0000002F 41.5086594 -87.0210495    5.16   953.0 0.0 31347080
   4.92  279.11   98.80 887.598   954.5 0.0000 0.0000 3.5238 40.19  5195.9 0000002F 41.5088196 -87.0209579    5.09   955.0 0.0 31347512
   4.98  279.17   98.80 887.342   957.5 0.0000 0.0000 3.5228 40.23  5216.7 0000002F 41.5089912 -87.0208511    5.15   958.0 0.0 31347944
   5.06  279.26   98.81 887.076   959.5 0.0000 0.0000 3.5220 40.26  5235.8 0000002F 41.5091515 -87.0207672    5.23   960.0 0.0 31348376
   5.08  279.28   99.00 886.809   961.5 0.0000 0.0000 3.5209 40.31  5255.7 0000002F 41.5093193 -87.0206833    5.25   962.0 0.0 31348808
   5.14  279.35   99.00 886.543   964.5 0.0000 0.0000 3.5196 40.35  5276.8 0000002F 41.5094986 -87.0205994    5.31   965.0 0.0 31349240
   5.26  279.48   99.00 886.268   967.5 0.0000 0.0000 3.5183 40.40  5298.6 0000002F 41.5096817 -87.0205002    5.43   968.0 0.0 31349672
   5.42  279.65   99.00 885.983   969.5 0.0000 0.0000 3.5169 40.44  5320.3 0000002F 41.5098610 -87.0203934    5.59   970.0 0.0 31350104
   5.58  279.82   98.99 885.698   972.5 0.0000 0.0000 3.5150 40.48  5341.6 0000002F 41.5100403 -87.0203018    5.75   973.0 0.0 31350536
   5.59  279.84   99.00 885.403   975.5 0.0000 0.0000 3.5126 40.52  5363.0 0000002F 41.5102196 -87.0202026    5.76   976.0 0.0 31350968
   5.74  280.00   99.00 885.108   977.5 0.0000 0.0000 3.5101 40.56  5384.5 0000002F 41.5103989 -87.0201035    5.91   978.0 0.0 31351400
   5.70  279.96   99.00 884.819   980.5 0.0000 0.0000 3.5077 40.60  5406.3 0000002F 41.5105782 -87.0199890    5.87   981.0 0.0 31351832
   5.63  279.88   99.00 884.534   983.5 0.0000 0.0000 3.5052 40.64  5427.7 0000002F 41.5107613 -87.0199127    5.80   984.0 0.0 31352264
   5.60  279.85   99.00 884.240   986.5 0.0000 0.0000 3.5026 40.70  5448.8 0000002F 41.5109406 -87.0198288    5.77   987.0 0.0 31354728
   5.61  279.86   99.00 883.946   989.5 0.0000 0.0000 3.5000 40.77  5469.7 0000002F 41.5111198 -87.0197525    5.78   990.0 0.0 31355160
   5.68  279.94   99.00 883.652   991.5 0.0000 0.0000 3.4979 40.86  5490.2 0000002F 41.5112915 -87.0196609    5.85   992.0 0.0 31355592
   5.69  279.95   98.93 883.348   994.0 0.0000 0.0000 3.4960 40.96  5509.7 0000002F 41.5114594 -87.0195923    5.86   994.5 0.0 31356024
   5.70  279.96   98.86 883.045   996.5 0.0000 0.0000 3.4942 41.07  5529.6 0000002F 41.5116310 -87.0195236    5.87   997.0 0.0 31356168
   5.73  279.99   98.87 882.741   999.5 0.0000 0.0000 3.4925 41.17  5550.1 0000002F 41.5118027 -87.0194321    5.90  1000.0 0.0 31356600
   5.76  280.02   98.87 882.433  1002.5 0.0000 0.0000 3.4908 41.25  5571.0 0000002F 41.5119781 -87.0193405    5.93  1003.0 0.0 31356744
   5.75  280.01   98.93 882.120  1005.5 0.0000 0.0000 3.4893 41.31  5592.6 0000002F 41.5121613 -87.0192490    5.92  1006.0 0.0 31357176
   5.74  280.00   99.00 881.802  1008.5 0.0000 0.0000 3.4879 41.38  5614.8 0000002F 41.5123482 -87.0191574    5.91  1009.0 0.0 31357320
   5.68  279.93   99.00 881.485  1011.5 0.0000 0.0000 3.4868 41.44  5636.7 0000002F 41.5125351 -87.0190735    5.85  1012.0 0.0 31357752
   5.61  279.86   99.00 881.165  1014.5 0.0000 0.0000 3.4863 41.49  5658.4 0000002F 41.5127182 -87.0189819    5.78  1015.0 0.0 31357896
   5.60  279.85   99.00 880.847  1018.0 0.0000 0.0000 3.4862 41.55  5680.1 0000002F 41.5129013 -87.0188904    5.77  1018.5 0.0 31358328
   5.59  279.84   99.00 880.532  1021.5 0.0000 0.0000 3.4866 41.62  5702.0 0000002F 41.5130882 -87.0188065    5.76  1022.0 0.0 31358472
   5.60  279.85   99.00 880.220  1024.0 0.0000 0.0000 3.4873 41.69  5723.9 0000002F 41.5132790 -87.0187378    5.77  1024.5 0.0 31358904
   5.60  279.85   99.00 879.908  1026.4 0.0000 0.0000 3.4882 41.75  5745.7 0000002F 41.5134697 -87.0186768    5.77  1027.0 0.0 31359048
   5.56  279.81   99.00 879.590  1029.2 0.0000 0.0000 3.4893 41.80  5767.6 0000002F 41.5136566 -87.0185928    5.73  1029.8 0.0 31359480
   5.52  279.76   99.00 879.268  1031.9 0.0000 0.0000 3.4904 41.84  5789.9 0000002F 41.5138474 -87.0185089    5.68  1032.5 0.0 31359624
   5.47  279.72   99.00 878.947  1034.7 0.0000 0.0000 3.4913 41.86  5811.7 0000002F 41.5140343 -87.0184326    5.64  1035.3 0.0 31359768
   5.43  279.67   99.00 878.625  1037.4 0.0000 0.0000 3.4920 41.87  5833.6 0000002F 41.5142212 -87.0183487    5.60  1038.0 0.0 31359912
   5.36  279.60   99.00 878.298  1040.4 0.0000 0.0000 3.4926 41.88  5855.1 0000002F 41.5144005 -87.0182495    5.53  1041.0 0.0 31360344
   5.32  279.55   99.00 877.967  1043.9 0.0000 0.0000 3.4933 41.88  5876.4 0000002F 41.5145798 -87.0181580    5.49  1044.5 0.0 31360776
   5.28  279.51   99.00 877.633  1047.4 0.0000 0.0000 3.4941 41.88  5897.7 0000002F 41.5147591 -87.0180664    5.45  1048.0 0.0 31360920
   5.29  279.52   99.00 877.297  1050.9 0.0000 0.0000 3.4948 41.89  5918.4 0000002F 41.5149345 -87.0179825    5.45  1051.5 0.0 31361352
   5.29  279.52   99.00 876.969  1054.4 0.0000 0.0000 3.4955 41.91  5939.1 0000002F 41.5151100 -87.0178986    5.46  1055.0 0.0 31361496
   5.21  279.44   99.00 876.638  1057.4 0.0000 0.0000 3.4957 41.94  5959.7 0000002F 41.5152817 -87.0177994    5.38  1058.0 0.0 31361928
   5.13  279.35   99.00 876.312  1060.4 0.0000 0.0000 3.4956 41.97  5980.0 0000002F 41.5154495 -87.0177002    5.30  1061.0 0.0 31362072
   5.15  279.37   99.00 875.995  1063.4 0.0000 0.0000 3.4953 42.00  6001.6 0000002F 41.5156288 -87.0175934    5.32  1064.0 0.0 31362504
   5.21  279.44   99.00 875.679  1066.4 0.0000 0.0000 3.4947 42.03  6024.5 0000002F 41.5158195 -87.0174866    5.38  1067.0 0.0 31362936
   5.15  279.37   99.00 875.363  1068.4 0.0000 0.0000 3.4942 42.05  6046.2 0000002F 41.5159988 -87.0173798    5.32  1069.0 0.0 31363368
   5.11  279.33   99.00 875.047  1071.4 0.0000 0.0000 3.4939 42.08  6068.9 0000002F 41.5161896 -87.0172806    5.28  1072.0 0.0 31363800
   5.13  279.35   99.00 874.727  1073.9 0.0000 0.0000 3.4938 42.12  6090.2 0000002F 41.5163689 -87.0171890    5.30  1074.5 0.0 31364232
   5.12  279.34   99.00 874.399  1076.4 0.0000 0.0000 3.4940 42.15  6111.5 0000002F 41.5165482 -87.0170975    5.29  1077.0 0.0 31364664
   5.07  279.29   99.00 874.066  1079.9 0.0000 0.0000 3.4944 42.18  6133.0 0000002F 41.5167313 -87.0170135    5.24  1080.5 0.0 31365096
   5.06  279.28   99.00 873.726  1083.4 0.0000 0.0000 3.4950 42.19  6154.1 0000002F 41.5169106 -87.0169296    5.23  1084.0 0.0 31365528
   5.09  279.31   99.00 873.377  1086.9 0.0000 0.0000 3.4958 42.20  6174.8 0000002F 41.5170860 -87.0168457    5.26  1087.5 0.0 31365960
   5.04  279.26   99.00 873.018  1090.4 0.0000 0.0000 3.4965 42.18  6195.3 0000002F 41.5172615 -87.0167694    5.21  1091.0 0.0 31366392
   5.06  279.28   99.00 872.654  1094.1 0.0000 0.0000 3.4970 42.14  6216.8 0000002F 41.5174408 -87.0166702    5.23  1094.7 0.0 31366824
   4.89  279.10   99.00 872.285  1097.7 0.0000 0.0000 3.4977 42.09  6238.3 0000002F 41.5176201 -87.0165710    5.06  1098.3 0.0 31367256
   4.86  279.07   99.00 871.922  1101.4 0.0000 0.0000 3.4983 42.01  6259.8 0000002F 41.5177994 -87.0164719    5.03  1102.0 0.0 31367688
   4.81  279.01   99.00 871.563  1104.4 0.0000 0.0000 3.4995 41.91  6280.9 0000002F 41.5179787 -87.0163879    4.98  1105.0 0.0 31368120
   4.74  278.94   99.00 871.200  1108.4 0.0000 0.0000 3.5010 41.79  6303.6 0000002F 41.5181694 -87.0162888    4.91  1109.0 0.0 31368552
   4.67  278.86   99.00 870.831  1111.4 0.0000 0.0000 3.5030 41.66  6327.3 0000002F 41.5183716 -87.0161972    4.84  1112.0 0.0 31368984
   4.58  278.77   99.00 870.460  1114.4 0.0000 0.0000 3.5053 41.53  6350.5 0000002F 41.5185699 -87.0161133    4.75  1115.0 0.0 31369416
   4.63  278.82   99.00 870.086  1117.4 0.0000 0.0000 3.5077 41.40  6371.8 0000002F 41.5187531 -87.0160370    4.80  1118.0 0.0 31369848
   4.58  278.76   99.00 869.713  1120.4 0.0000 0.0000 3.5103 41.25  6393.7 0000002F 41.5189400 -87.0159531    4.75  1121.0 0.0 31370280
   4.53  278.71   99.00 869.336  1124.4 0.0000 0.0000 3.5126 41.11  6416.2 0000002F 41.5191269 -87.0158463    4.69  1125.0 0.0 31370824
   4.47  278.65   99.00 868.958  1128.4 0.0000 0.0000 3.5148 40.96  6438.3 0000002F 41.5193100 -87.0157394    4.64  1129.0 0.0 31371256
   4.49  278.67   99.00 868.591  1132.4 0.0000 0.0000 3.5167 40.82  6459.4 0000002F 41.5194855 -87.0156403    4.66  1133.0 0.0 31371688
   4.47  278.65   99.00 868.223  1136.4 0.0000 0.0000 3.5185 40.67  6480.4 0000002F 41.5196609 -87.0155411    4.64  1137.0 0.0 31372120
   4.46  278.64   99.00 867.865  1139.9 0.0000 0.0000 3.5203 40.53  6499.9 0000002F 41.5198250 -87.0154572    4.63  1140.5 0.0 31372552
   4.41  278.59   99.00 867.508  1143.4 0.0000 0.0000 3.5221 40.39  6519.4 0000002F 41.5199890 -87.0153732    4.58  1144.0 0.0 31372984
   4.41  278.59   99.00 867.160  1147.4 0.0000 0.0000 3.5240 40.27  6539.1 0000002F 41.5201492 -87.0152664    4.58  1148.0 0.0 31373416
   4.54  278.73   99.00 866.822  1149.4 0.0000 0.0000 3.5262 40.14  6557.8 0000002F 41.5203094 -87.0151978    4.71  1150.0 0.0 31373848
   4.41  278.59   99.00 866.494  1152.4 0.0000 0.0000 3.5288 40.02  6576.7 0000002F 41.5204697 -87.0151215    4.58  1153.0 0.0 31374280
   4.35  278.52   99.00 866.175  1154.4 0.0000 0.0000 3.5313 39.91  6595.8 0000002F 41.5206299 -87.0150375    4.52  1155.0 0.0 31374712
   4.36  278.54   99.00 865.862  1157.4 0.0000 0.0000 3.5337 39.81  6614.9 0000002F 41.5207901 -87.0149536    4.53  1158.0 0.0 31375144
   4.34  278.51   99.00 865.553  1160.4 0.0000 0.0000 3.5357 39.70  6634.5 0000002F 41.5209503 -87.0148468    4.51  1161.0 0.0 31375576
   4.35  278.53   99.00 865.245  1163.4 0.0000 0.0000 3.5377 39.60  6653.6 0000002F 41.5211105 -87.0147629    4.52  1164.0 0.0 31376008
   4.36  278.54   99.00 864.936  1166.3 0.0000 0.0000 3.5397 39.50  6674.5 0000002F 41.5212784 -87.0146408    4.53  1167.0 0.0 31376440
   4.35  278.53   99.00 864.628  1169.3 0.0000 0.0000 3.5416 39.41  6696.7 0000002F 41.5214615 -87.0145264    4.52  1170.0 0.0 31376872
   4.39  278.57   99.00 864.319  1172.3 0.0000 0.0000 3.5435 39.32  6718.2 0000002F 41.5216408 -87.0144272    4.56  1173.0 0.0 31377304
   4.26  278.43   99.00 864.021  1175.3 0.0000 0.0000 3.5456 39.23  6737.9 0000002F 41.5218010 -87.0143204    4.43  1176.0 0.0 31377736
   4.15  278.31   99.00 863.732  1179.3 0.0000 0.0000 3.5480 39.16  6759.2 0000002F 41.5219803 -87.0142288    4.32  1180.0 0.0 31378168
   4.07  278.23   99.00 863.443  1181.3 0.0000 0.0000 3.5507 39.09  6779.3 0000002F 41.5221481 -87.0141373    4.24  1182.0 0.0 31378600
   4.11  278.27   99.00 863.164  1184.3 0.0000 0.0000 3.5532 39.04  6799.6 0000002F 41.5223198 -87.0140533    4.28  1185.0 0.0 31379032
   4.13  278.29   99.00 862.885  1186.3 0.0000 0.0000 3.5560 38.99  6817.3 0000002F 41.5224686 -87.0139771    4.30  1187.0 0.0 31379464
   4.11  278.27   99.00 862.606  1188.3 0.0000 0.0000 3.5590 38.93  6836.4 0000002F 41.5226288 -87.0138931    4.28  1189.0 0.0 31379896
   4.14  278.30   99.00 862.322  1190.3 0.0000 0.0000 3.5619 38.88  6855.7 0000002F 41.5227890 -87.0138016    4.31  1191.0 0.0 31380328
   4.13  278.29   99.00 862.043  1193.3 0.0000 0.0000 3.5646 38.81  6874.9 0000002F 41.5229492 -87.0137100    4.29  1194.0 0.0 31380760
   4.11  278.27   99.00 861.755  1195.3 0.0000 0.0000 3.5677 38.74  6892.6 0000002F 41.5230904 -87.0136032    4.27  1196.0 0.0 31381192
   4.09  278.25   99.00 861.467  1198.3 0.0000 0.0000 3.5710 38.65  6911.7 0000002F 41.5232468 -87.0135040    4.26  1199.0 0.0 31381624
   4.07  278.23   99.00 861.169  1201.3 0.0000 0.0000 3.5744 38.57  6930.5 0000002F 41.5233994 -87.0133972    4.24  1202.0 0.0 31381768
   4.08  278.24   99.00 860.862  1204.8 0.0000 0.0000 3.5778 38.49  6950.8 0000002F 41.5235672 -87.0132980    4.24  1205.5 0.0 31382200
   4.08  278.24   99.00 860.540  1208.3 0.0000 0.0000 3.5812 38.40  6971.5 0000002F 41.5237389 -87.0131989    4.25  1209.0 0.0 31382344
   4.09  278.25   99.00 860.214  1211.3 0.0000 0.0000 3.5847 38.31  6992.6 0000002F 41.5239105 -87.0130844    4.26  1212.0 0.0 31382776
   4.09  278.25   99.00 859.869  1214.3 0.0000 0.0000 3.5887 38.22  7013.3 0000002F 41.5240784 -87.0129700    4.26  1215.0 0.0 31382920
   4.09  278.25   99.00 859.514  1217.3 0.0000 0.0000 3.5929 38.14  7034.0 0000002F 41.5242500 -87.0128708    4.26  1218.0 0.0 31383352
   4.09  278.25   99.00 859.155  1220.3 0.0000 0.0000 3.5974 38.06  7054.7 0000002F 41.5244217 -87.0127716    4.26  1221.0 0.0 31383496
   4.09  278.25   99.00 858.795  1223.8 0.0000 0.0000 3.6022 37.98  7074.2 0000002F 41.5245819 -87.0126724    4.25  1224.5 0.0 31383928
   4.08  278.24   99.00 858.446  1227.3 0.0000 0.0000 3.6075 37.90  7093.2 0000002F 41.5247383 -87.0125732    4.25  1228.0 0.0 31384072
   4.10  278.26   99.00 858.101  1231.3 0.0000 0.0000 3.6128 37.83  7113.3 0000002F 41.5249023 -87.0124664    4.27  1232.0 0.0 31384504
   4.11  278.28   99.00 857.766  1235.3 0.0000 0.0000 3.6182 37.78  7133.6 0000002F 41.5250702 -87.0123672    4.28  1236.0 0.0 31384648
   4.07  278.24   99.00 857.431  1238.8 0.0000 0.0000 3.6236 37.75  7151.5 0000002F 41.5252151 -87.0122681    4.24  1239.5 0.0 31385080
   4.03  278.19   99.00 857.097  1242.3 0.0000 0.0000 3.6292 37.74  7169.4 0000002F 41.5253601 -87.0121689    4.20  1243.0 0.0 31385224
   4.02  278.18   99.00 856.767  1244.8 0.0000 0.0000 3.6342 37.76  7186.4 0000002F 41.5254974 -87.0120697    4.19  1245.5 0.0 31385656
   4.01  278.17   99.00 856.442  1247.3 0.0000 0.0000 3.6386 37.79  7204.1 0000002F 41.5256386 -87.0119629    4.18  1248.0 0.0 31385800
   4.01  278.17   99.00 856.127  1249.3 0.0000 0.0000 3.6425 37.81  7222.4 0000002F 41.5257797 -87.0118332    4.18  1250.0 0.0 31386232
   3.98  278.14   99.00 855.821  1252.3 0.0000 0.0000 3.6464 37.82  7238.8 0000002F 41.5259094 -87.0117264    4.15  1253.0 0.0 31386664
   3.95  278.11   99.00 855.521  1255.3 0.0000 0.0000 3.6501 37.81  7258.7 0000002F 41.5260696 -87.0116119    4.12  1256.0 0.0 31388232
   3.92  278.08   99.00 855.225  1258.3 0.0000 0.0000 3.6537 37.78  7278.2 0000002F 41.5262299 -87.0115128    4.09  1259.0 0.0 31388664
   3.89  278.04   99.00 854.934  1261.3 0.0000 0.0000 3.6572 37.74  7298.3 0000002F 41.5263901 -87.0113907    4.06  1262.0 0.0 31389096
   3.99  278.15   99.00 854.648  1264.3 0.0000 0.0000 3.6610 37.67  7318.2 0000002F 41.5265503 -87.0112762    4.16  1265.0 0.0 31389528
   3.98  278.14   99.00 854.352  1267.3 0.0000 0.0000 3.6649 37.59  7337.3 0000002F 41.5266991 -87.0111465    4.15  1268.0 0.0 31389960
   3.98  278.14   99.00 854.057  1270.3 0.0000 0.0000 3.6686 37.51  7357.6 0000002F 41.5268593 -87.0110168    4.15  1271.0 0.0 31390392
   3.98  278.14   99.00 853.771  1273.3 0.0000 0.0000 3.6722 37.42  7377.1 0000002F 41.5270119 -87.0108871    4.15  1274.0 0.0 31390824
   3.98  278.14   99.00 853.495  1275.3 0.0000 0.0000 3.6759 37.32  7395.0 0000002F 41.5271492 -87.0107574    4.15  1276.0 0.0 31391256
   3.69  277.82   99.00 853.231  1277.3 0.0000 0.0000 3.6797 37.22  7413.3 0000002F 41.5272903 -87.0106277    3.85  1278.0 0.0 31391688
   3.39  277.51   99.00 852.986  1280.3 0.0000 0.0000 3.6835 37.10  7432.0 0000002F 41.5274391 -87.0105133    3.56  1281.0 0.0 31392120
   3.09  277.19   99.00 852.741  1283.3 0.0000 0.0000 3.6870 36.98  7450.3 0000002F 41.5275803 -87.0103836    3.26  1284.0 0.0 31392552
   2.80  276.87   99.00 852.496  1285.3 0.0000 0.0000 3.6908 36.86  7470.8 0000002F 41.5277405 -87.0102463    2.96  1286.0 0.0 31392984
   2.50  276.55   99.00 852.252  1287.3 0.0000 0.0000 3.6951 36.74  7490.1 0000002F 41.5278893 -87.0101089    2.66  1288.0 0.0 31393416
   2.20  276.24   99.00 852.007  1289.3 0.0000 0.0000 3.6998 36.64  7510.2 0000002F 41.5280495 -87.0099869    2.37  1290.0 0.0 31393848
   1.90  275.92   99.00 851.763  1290.3 0.0000 0.0000 3.7044 36.56  7529.9 0000002F 41.5282097 -87.0098801    2.07  1291.0 0.0 31394280
   1.61  275.60   99.00 851.528  1293.3 0.0000 0.0000 3.7089 36.49  7548.0 0000002F 41.5283585 -87.0097885    1.77  1294.0 0.0 31394712
   1.31  275.29   99.00 851.302  1296.2 0.0000 0.0000 3.7131 36.44  7565.7 0000002F 41.5284996 -87.0096817    1.47  1297.0 0.0 31395144
   1.01  274.97   99.00 851.077  1299.2 0.0000 0.0000 3.7166 36.40  7583.2 0000002F 41.5286407 -87.0095825    1.18  1300.0 0.0 31395576
   0.71  274.66   99.00 850.842  1301.2 0.0000 0.0000 3.7194 36.35  7599.5 0000002F 41.5287704 -87.0094833    0.88  1302.0 0.0 31396008
   0.42  274.34   99.00 850.605  1303.2 0.0000 0.0000 3.7214 36.31  7615.5 0000002F 41.5288887 -87.0093536    0.58  1304.0 0.0 31396440
   0.12  274.03   99.00 850.349  1305.2 0.0000 0.0000 3.7228 36.25  7632.0 0000402F 41.5290108 -87.0092163    0.29  1306.0 0.0 31396872
  -0.18  273.71   99.00 850.093  1307.2 0.0000 0.0000 3.7236 36.19  7649.1 0000002F 41.5291405 -87.0090866   -0.01  1308.0 0.0 31397304
  -0.47  273.40   99.00 849.846  1309.2 0.0000 0.0000 3.7241 36.12  7666.2 0000002F 41.5292702 -87.0089569   -0.31  1310.0 0.0 31397736
  -0.77  273.09   99.00 849.600  1312.2 0.0000 0.0000 3.7244 36.04  7684.6 0000002F 41.5294113 -87.0088272   -0.61  1313.0 0.0 31398168
  -1.07  272.77   99.00 849.353  1314.2 0.0000 0.0000 3.7243 35.98  7700.1 0000002F 41.5295296 -87.0087128   -0.90  1315.0 0.0 31398600
  -1.37  272.46   99.00 849.107  1317.2 0.0000 0.0000 3.7243 35.93  7717.2 0000002F 41.5296593 -87.0085831   -1.20  1318.0 0.0 31399032
  -1.66  272.15   99.00 848.851  1320.2 0.0000 0.0000 3.7243 35.86  7734.4 0000002F 41.5297890 -87.0084534   -1.50  1321.0 0.0 31399464
  -1.96  271.84   99.00 848.586  1322.2 0.0000 0.0000 3.7242 35.79  7753.9 0000002F 41.5299416 -87.0083237   -1.80  1323.0 0.0 31399896
  -2.26  271.52   99.00 848.312  1325.2 0.0000 0.0000 3.7239 35.72  7773.5 0000002F 41.5300903 -87.0081787   -2.09  1326.0 0.0 31400328
  -2.55  271.21   99.00 848.037  1327.2 0.0000 0.0000 3.7239 35.65  7792.1 0000002F 41.5302315 -87.0080414   -2.39  1328.0 0.0 31400760
  -2.85  270.90   99.00 847.753  1329.2 0.0000 0.0000 3.7247 35.60  7811.2 0000002F 41.5303802 -87.0079117   -2.69  1330.0 0.0 31401192
  -3.15  270.59   99.00 847.479  1332.2 0.0000 0.0000 3.7259 35.55  7830.2 0000002F 41.5305290 -87.0077896   -2.98  1333.0 0.0 31401624
  -3.45  270.28   99.00 847.205  1335.2 0.0000 0.0000 3.7271 35.53  7848.4 0000002F 41.5306702 -87.0076675   -3.28  1336.0 0.0 31402056
  -3.74  269.97   99.00 846.931  1338.2 0.0000 0.0000 3.7281 35.51  7866.9 0000002F 41.5308189 -87.0075607   -3.58  1339.0 0.0 31402488
  -4.04  269.66   99.00 846.666  1341.2 0.0000 0.0000 3.7294 35.49  7883.7 0000002F 41.5309486 -87.0074463   -3.88  1342.0 0.0 31402920
  -4.34  269.35   99.00 846.392  1344.2 0.0000 0.0000 3.7315 35.48  7901.2 0000002F 41.5310898 -87.0073471   -4.17  1345.0 0.0 31403352
  -4.64  269.04   99.00 846.108  1346.2 0.0000 0.0000 3.7341 35.48  7917.5 0000002F 41.5312195 -87.0072479   -4.47  1347.0 0.0 31403784
  -4.93  268.73   98.82 845.823  1349.2 0.0000 0.0000 3.7369 35.51  7935.1 0000002F 41.5313606 -87.0071487   -4.77  1350.0 0.0 31404216
  -5.23  268.42   98.82 845.536  1351.2 0.0000 0.0000 3.7398 35.55  7950.2 0000002F 41.5314789 -87.0070496   -5.07  1352.0 0.0 31405784
  -5.53  268.11   98.82 845.239  1353.2 0.0000 0.0000 3.7428 35.57  7966.0 0000002F 41.5316010 -87.0069427   -5.36  1354.0 0.0 31406216
  -5.82  267.80   98.66 844.941  1356.2 0.0000 0.0000 3.7457 35.59  7981.7 0000002F 41.5317192 -87.0068207   -5.66  1357.0 0.0 31406648
  -5.65  267.99   98.67 844.622  1359.2 0.0000 0.0000 3.7482 35.62  8001.9 0000002F 41.5318794 -87.0066986   -5.48  1360.0 0.0 31407080
  -5.47  268.17   98.37 844.283  1362.2 0.0000 0.0000 3.7505 35.65  8020.5 0000002F 41.5320206 -87.0065613   -5.30  1363.0 0.0 31407512
  -5.29  268.36   98.52 843.934  1365.2 0.0000 0.0000 3.7529 35.67  8037.7 0000002F 41.5321503 -87.0064316   -5.13  1366.0 0.0 31407944
  -5.11  268.54   98.52 843.564  1369.2 0.0000 0.0000 3.7552 35.67  8054.9 0000002F 41.5322800 -87.0063019   -4.95  1370.0 0.0 31408376
  -4.94  268.73   98.37 843.174  1372.2 0.0000 0.0000 3.7566 35.65  8074.1 0000002F 41.5324287 -87.0061722   -4.77  1373.0 0.0 31408808
  -4.76  268.91   98.53 842.784  1376.2 0.0000 0.0000 3.7581 35.61  8093.0 0000002F 41.5325699 -87.0060272   -4.59  1377.0 0.0 31409240
  -4.58  269.10   98.53 842.394  1380.2 0.0000 0.0000 3.7600 35.55  8111.0 0000002F 41.5326996 -87.0058670   -4.42  1381.0 0.0 31409672
  -4.40  269.28   98.22 842.004  1384.2 0.0000 0.0000 3.7628 35.50  8129.6 0000002F 41.5328407 -87.0057297   -4.24  1385.0 0.0 31410104
  -4.70  268.98   98.23 841.615  1388.2 0.0000 0.0000 3.7659 35.48  8148.6 0000002F 41.5329895 -87.0056076   -4.53  1389.0 0.0 31410536
  -4.99  268.67   98.23 841.239  1392.2 0.0000 0.0000 3.7691 35.50  8166.4 0000002F 41.5331306 -87.0055008   -4.82  1393.0 0.0 31410968
  -5.28  268.37   98.07 840.866  1395.2 0.0000 0.0000 3.7719 35.52  8182.0 0000002F 41.5332451 -87.0053711   -5.12  1396.0 0.0 31411400
  -5.57  268.06   97.91 840.509  1398.2 0.0000 0.0000 3.7748 35.56  8197.9 0000002F 41.5333595 -87.0052338   -5.41  1399.0 0.0 31411544
  -5.87  267.76   98.00 840.157  1401.2 0.0000 0.0000 3.7780 35.63  8215.4 0000002F 41.5334854 -87.0050812   -5.70  1402.0 0.0 31411976
  -6.16  267.46   98.08 839.806  1404.2 0.0000 0.0000 3.7816 35.73  8232.6 0000002F 41.5336113 -87.0049362   -5.99  1405.0 0.0 31412120
  -6.45  267.15   98.01 839.454  1407.2 0.0000 0.0000 3.7858 35.84  8250.1 0000002F 41.5337410 -87.0047989   -6.29  1408.0 0.0 31412552
  -6.74  266.85   97.94 839.108  1410.2 0.0000 0.0000 3.7904 35.95  8267.6 0000002F 41.5338707 -87.0046616   -6.58  1411.0 0.0 31412696
  -7.04  266.55   97.94 838.757  1413.7 0.0000 0.0000 3.7952 36.07  8286.0 0000002F 41.5340118 -87.0045319   -6.87  1414.5 0.0 31413128
  -7.33  266.24   97.94 838.406  1417.2 0.0000 0.0000 3.8004 36.21  8304.0 0000002F 41.5341492 -87.0044022   -7.16  1418.0 0.0 31413272
  -7.62  265.94   98.03 838.055  1421.1 0.0000 0.0000 3.8059 36.35  8321.9 0000002F 41.5342865 -87.0042801   -7.46  1422.0 0.0 31413704
  -7.91  265.64   98.11 837.705  1425.1 0.0000 0.0000 3.8115 36.49  8339.3 0000002F 41.5344200 -87.0041580   -7.75  1426.0 0.0 31413848
  -8.21  265.34   98.12 837.341  1428.6 0.0000 0.0000 3.8169 36.65  8356.2 0000002F 41.5345459 -87.0040283   -8.04  1429.5 0.0 31414280
  -8.50  265.04   98.12 836.955  1432.1 0.0000 0.0000 3.8223 36.82  8372.8 0000002F 41.5346718 -87.0039063   -8.34  1433.0 0.0 31414424
  -8.79  264.74   98.12 836.565  1435.1 0.0000 0.0000 3.8271 36.98  8388.3 0000002F 41.5347862 -87.0037842   -8.63  1436.0 0.0 31414856
  -9.08  264.44   98.12 836.179  1438.1 0.0000 0.0000 3.8316 37.13  8403.7 0000002F 41.5349007 -87.0036621   -8.92  1439.0 0.0 31415000
  -9.38  264.13   97.97 835.803  1441.1 0.0000 0.0000 3.8355 37.27  8420.5 0000002F 41.5350189 -87.0035095   -9.21  1442.0 0.0 31415432
  -9.67  263.83   97.82 835.447  1445.1 0.0000 0.0000 3.8391 37.42  8440.0 0000002F 41.5351601 -87.0033417   -9.51  1446.0 0.0 31415864
  -9.96  263.53   97.82 835.096  1450.1 0.0000 0.0000 3.8423 37.56  8459.8 0000002F 41.5353012 -87.0031662   -9.80  1451.0 0.0 31416296
 -10.25  263.23   97.83 834.749  1454.1 0.0000 0.0000 3.8448 37.66  8478.1 0000002F 41.5354385 -87.0030289  -10.09  1455.0 0.0 31416728
 -10.55  262.93   97.67 834.403  1457.1 0.0000 0.0000 3.8467 37.75  8497.7 0000002F 41.5355797 -87.0028610  -10.38  1458.0 0.0 31417160
 -10.84  262.63   97.68 834.066  1460.1 0.0000 0.0000 3.8478 37.81  8517.8 0000002F 41.5357208 -87.0026779  -10.68  1461.0 0.0 31417592
 -11.13  262.33   97.83 833.730  1462.1 0.0000 0.0000 3.8486 37.86  8538.8 0000002F 41.5358696 -87.0024872  -10.97  1463.0 0.0 31418024
 -11.42  262.03   98.00 833.394  1465.1 0.0000 0.0000 3.8488 37.90  8557.3 0000002F 41.5359993 -87.0023193  -11.26  1466.0 0.0 31418456
 -11.72  261.73   98.00 833.077  1468.1 0.0000 0.0000 3.8485 37.91  8575.5 0000002F 41.5361290 -87.0021591  -11.55  1469.0 0.0 31418888
 -12.01  261.43   97.85 832.760  1471.1 0.0000 0.0000 3.8478 37.93  8593.9 0000002F 41.5362587 -87.0019913  -11.85  1472.0 0.0 31419320
 -12.30  261.13   98.01 832.434  1473.1 0.0000 0.0000 3.8471 37.95  8612.4 0000002F 41.5363884 -87.0018234  -12.14  1474.0 0.0 31419752
 -12.59  260.83   97.87 832.107  1476.1 0.0000 0.0000 3.8464 37.96  8629.8 0000002F 41.5365105 -87.0016632  -12.43  1477.0 0.0 31420184
 -12.89  260.53   97.87 831.769  1480.1 0.0000 0.0000 3.8456 37.97  8647.6 0000002F 41.5366402 -87.0015182  -12.72  1481.0 0.0 31420616
 -13.18  260.24   97.87 831.431  1483.1 0.0000 0.0000 3.8451 37.98  8665.4 0000002F 41.5367699 -87.0013733  -13.02  1484.0 0.0 31421048
 -13.47  259.94   98.03 831.081  1487.1 0.0000 0.0000 3.8453 37.98  8683.6 0000002F 41.5368996 -87.0012131  -13.31  1488.0 0.0 31421480
 -13.76  259.64   97.73 830.731  1491.1 0.0000 0.0000 3.8459 37.96  8701.4 0000002F 41.5370293 -87.0010681  -13.60  1492.0 0.0 31424880
 -14.01  259.39   97.88 830.386  1494.1 0.0000 0.0000 3.8468 37.92  8720.4 0000002F 41.5371704 -87.0009232  -13.84  1495.0 0.0 31425312
 -14.25  259.14   97.89 830.041  1497.1 0.0000 0.0000 3.8481 37.87  8740.6 0000002F 41.5373192 -87.0007629  -14.09  1498.0 0.0 31425744
 -14.50  258.89   97.57 829.714  1500.1 0.0000 0.0000 3.8495 37.82  8759.8 0000002F 41.5374603 -87.0006104  -14.33  1501.0 0.0 31426176
 -14.74  258.64   97.73 829.396  1504.1 0.0000 0.0000 3.8512 37.76  8779.9 0000002F 41.5376091 -87.0004578  -14.58  1505.0 0.0 31426608
 -14.98  258.39   97.74 829.096  1507.1 0.0000 0.0000 3.8531 37.70  8797.7 0000002F 41.5377388 -87.0003128  -14.82  1508.0 0.0 31427040
 -15.23  258.14   97.43 828.815  1509.1 0.0000 0.0000 3.8551 37.64  8816.2 0000002F 41.5378799 -87.0001831  -15.07  1510.0 0.0 31427472
 -15.47  257.89   97.59 828.534  1512.1 0.0000 0.0000 3.8580 37.60  8835.2 0000002F 41.5380211 -87.0000381  -15.31  1513.0 0.0 31427904
 -15.72  257.64   97.76 828.242  1514.1 0.0000 0.0000 3.8616 37.58  8853.6 0000002F 41.5381584 -86.9999008  -15.56  1515.0 0.0 31428336
 -15.96  257.40   97.77 827.950  1516.1 0.0000 0.0000 3.8658 37.58  8871.0 0000002F 41.5382881 -86.9997711  -15.80  1517.0 0.0 31428768
 -15.81  257.55   98.09 827.668  1518.1 0.0000 0.0000 3.8701 37.60  8889.0 0000002F 41.5384216 -86.9996338  -15.65  1519.0 0.0 31429200
 -15.66  257.70   98.25 827.396  1520.1 0.0000 0.0000 3.8748 37.65  8906.6 0000002F 41.5385513 -86.9994965  -15.50  1521.0 0.0 31429632
 -15.51  257.86   98.25 827.118  1523.1 0.0000 0.0000 3.8797 37.73  8924.9 0000002F 41.5386810 -86.9993362  -15.35  1524.0 0.0 31430064
 -15.36  258.01   98.26 826.849  1527.1 0.0000 0.0000 3.8843 37.81  8941.3 0000002F 41.5387993 -86.9991989  -15.20  1528.0 0.0 31430496
 -15.23  258.14   98.42 826.585  1530.1 0.0000 0.0000 3.8883 37.92  8959.4 0000002F 41.5389290 -86.9990463  -15.07  1531.0 0.0 31430928
 -15.10  258.28   98.59 826.311  1533.1 0.0000 0.0000 3.8919 38.04  8977.4 0000002F 41.5390511 -86.9988708  -14.94  1534.0 0.0 31431360
 -14.97  258.41   98.59 826.028  1535.1 0.0000 0.0000 3.8952 38.18  8994.8 0000002F 41.5391693 -86.9987030  -14.80  1536.0 0.0 31431792
 -14.83  258.55   98.60 825.734  1537.1 0.0000 0.0000 3.8983 38.32  9011.1 0000002F 41.5392799 -86.9985428  -14.67  1538.0 0.0 31432224
 -14.70  258.68   98.93 825.431  1539.1 0.0000 0.0000 3.9008 38.47  9028.7 0000002F 41.5393982 -86.9983673  -14.54  1540.0 0.0 31432656
 -14.57  258.82   98.93 825.138  1541.0 0.0000 0.0000 3.9029 38.61  9046.3 0000002F 41.5395203 -86.9982071  -14.41  1542.0 0.0 31433088
 -14.44  258.95   98.77 824.846  1544.0 0.0000 0.0000 3.9047 38.76  9064.2 0000002F 41.5396500 -86.9980621  -14.27  1545.0 0.0 31433520
 -14.30  259.09   98.93 824.554  1547.0 0.0000 0.0000 3.9063 38.91  9081.1 0000002F 41.5397682 -86.9979095  -14.14  1548.0 0.0 31433952
 -14.17  259.22   98.95 824.252  1550.0 0.0000 0.0000 3.9070 39.03  9099.6 0000002F 41.5399017 -86.9977570  -14.01  1551.0 0.0 31434384
 -14.45  258.95   98.95 823.942  1554.0 0.0000 0.0000 3.9070 39.11  9117.5 0000002F 41.5400314 -86.9976120  -14.28  1555.0 0.0 31434816
 -14.72  258.67   98.96 823.633  1557.0 0.0000 0.0000 3.9065 39.17  9135.7 0000002F 41.5401497 -86.9974213  -14.56  1558.0 0.0 31435248
 -14.99  258.39   98.96 823.329  1560.0 0.0000 0.0000 3.9060 39.20  9154.5 0000002F 41.5402718 -86.9972229  -14.83  1561.0 0.0 31435680
 -15.26  258.11   98.97 823.035  1563.0 0.0000 0.0000 3.9054 39.20  9173.8 0000002F 41.5404015 -86.9970322  -15.10  1564.0 0.0 31436112
 -15.54  257.83   99.00 822.741  1566.0 0.0000 0.0000 3.9050 39.17  9193.2 0000002F 41.5405312 -86.9968414  -15.38  1567.0 0.0 31436544
 -15.81  257.56   99.00 822.448  1568.0 0.0000 0.0000 3.9048 39.12  9213.5 0000002F 41.5406685 -86.9966431  -15.65  1569.0 0.0 31436976
 -16.08  257.28   99.00 822.173  1570.0 0.0000 0.0000 3.9051 39.07  9233.4 0000002F 41.5407982 -86.9964371  -15.92  1571.0 0.0 31437408
 -16.36  257.00   99.00 821.909  1571.0 0.0000 0.0000 3.9060 39.00  9254.0 0000002F 41.5409393 -86.9962463  -16.19  1572.0 0.0 31437840
 -16.63  256.72   99.00 821.655  1573.0 0.0000 0.0000 3.9073 38.93  9273.8 0000002F 41.5410805 -86.9960785  -16.47  1574.0 0.0 31438272
 -16.90  256.44   99.00 821.410  1576.0 0.0000 0.0000 3.9090 38.85  9294.7 0000002F 41.5412292 -86.9959030  -16.74  1577.0 0.0 31438704
 -16.73  256.62   99.00 821.173  1579.0 0.0000 0.0000 3.9114 38.78  9314.8 0000002F 41.5413704 -86.9957275  -16.56  1580.0 0.0 31439136
 -16.55  256.80   99.00 820.943  1581.0 0.0000 0.0000 3.9146 38.71  9333.7 0000002F 41.5415001 -86.9955521  -16.39  1582.0 0.0 31439568
 -16.38  256.98   99.00 820.711  1583.0 0.0000 0.0000 3.9184 38.63  9352.8 0000002F 41.5416412 -86.9954071  -16.21  1584.0 0.0 31440000
 -16.20  257.16   99.00 820.466  1585.0 0.0000 0.0000 3.9227 38.55  9371.3 0000002F 41.5417786 -86.9952698  -16.04  1586.0 0.0 31440432
 -16.02  257.34   99.00 820.218  1587.0 0.0000 0.0000 3.9276 38.49  9390.9 0000002F 41.5419197 -86.9951096  -15.86  1588.0 0.0 31440864
 -15.85  257.52   99.00 819.978  1589.0 0.0000 0.0000 3.9329 38.44  9408.9 0000002F 41.5420494 -86.9949646  -15.69  1590.0 0.0 31442432
 -15.67  257.69   99.00 819.752  1591.0 0.0000 0.0000 3.9385 38.40  9427.1 0000002F 41.5421791 -86.9948120  -15.51  1592.0 0.0 31442576
 -15.50  257.87   99.00 819.532  1593.3 0.0000 0.0000 3.9440 38.37  9444.4 0000002F 41.5422974 -86.9946518  -15.34  1594.3 0.0 31443008
 -15.32  258.05   99.00 819.307  1595.5 0.0000 0.0000 3.9491 38.36  9461.3 0000002F 41.5424118 -86.9944916  -15.16  1596.5 0.0 31443152
 -15.15  258.23   99.00 819.077  1597.7 0.0000 0.0000 3.9535 38.36  9478.8 0000002F 41.5425301 -86.9943237  -14.99  1598.8 0.0 31443296
 -14.97  258.41   99.00 818.843  1600.0 0.0000 0.0000 3.9575 38.37  9496.1 0000002F 41.5426483 -86.9941635  -14.81  1601.0 0.0 31443440
 -15.20  258.18   99.00 818.605  1601.5 0.0000 0.0000 3.9610 38.39  9513.4 0000002F 41.5427589 -86.9939804  -15.04  1602.5 0.0 31443872
 -15.42  257.95   99.00 818.366  1603.0 0.0000 0.0000 3.9640 38.41  9530.7 0000002F 41.5428696 -86.9937973  -15.26  1604.0 0.0 31444016
 -15.65  257.72   99.00 818.127  1605.5 0.0000 0.0000 3.9663 38.44  9549.4 0000002F 41.5429916 -86.9936066  -15.49  1606.5 0.0 31444448
 -15.88  257.49   99.00 817.886  1608.0 0.0000 0.0000 3.9680 38.48  9567.5 0000002F 41.5431099 -86.9934235  -15.72  1609.0 0.0 31444592
 -16.10  257.26   99.00 817.642  1610.5 0.0000 0.0000 3.9692 38.54  9584.8 0000002F 41.5432205 -86.9932404  -15.94  1611.5 0.0 31445024
 -16.33  257.03   99.00 817.391  1613.0 0.0000 0.0000 3.9701 38.61  9602.1 0000002F 41.5433311 -86.9930573  -16.17  1614.0 0.0 31445168
 -16.56  256.80   99.00 817.126  1615.5 0.0000 0.0000 3.9707 38.69  9619.8 0000002F 41.5434456 -86.9928741  -16.39  1616.5 0.0 31445600
 -16.78  256.57   99.00 816.845  1618.0 0.0000 0.0000 3.9709 38.77  9637.6 0000002F 41.5435600 -86.9926910  -16.62  1619.0 0.0 31445744
 -16.98  256.37   99.00 816.549  1620.5 0.0000 0.0000 3.9708 38.85  9654.4 0000002F 41.5436707 -86.9925232  -16.81  1621.5 0.0 31446176
 -17.17  256.17   99.00 816.249  1623.0 0.0000 0.0000 3.9703 38.93  9671.5 0000002F 41.5437813 -86.9923477  -17.01  1624.0 0.0 31446320
 -17.36  255.98   99.00 815.933  1626.0 0.0000 0.0000 3.9694 39.00  9688.6 0000002F 41.5438919 -86.9921722  -17.20  1627.0 0.0 31446752
 -17.56  255.78   99.00 815.612  1629.0 0.0000 0.0000 3.9679 39.05  9706.8 0000002F 41.5440102 -86.9919891  -17.40  1630.0 0.0 31447184
 -17.75  255.58   99.00 815.284  1632.0 0.0000 0.0000 3.9662 39.08  9723.9 0000002F 41.5441208 -86.9918137  -17.59  1633.0 0.0 31447616
 -17.63  255.71   99.00 814.929  1636.0 0.0000 0.0000 3.9644 39.12  9742.0 0000002F 41.5442390 -86.9916306  -17.47  1637.0 0.0 31448048
 -17.51  255.83   99.00 814.570  1639.0 0.0000 0.0000 3.9624 39.14  9760.1 0000002F 41.5443611 -86.9914627  -17.34  1640.0 0.0 31448480
 -17.38  255.96   99.00 814.216  1643.0 0.0000 0.0000 3.9604 39.14  9779.2 0000002F 41.5444908 -86.9912872  -17.22  1644.0 0.0 31448912
 -17.26  256.08   99.00 813.871  1646.0 0.0000 0.0000 3.9581 39.13  9798.8 0000002F 41.5446205 -86.9910965  -17.10  1647.0 0.0 31449344
 -17.14  256.21   99.00 813.537  1649.0 0.0000 0.0000 3.9556 39.13  9817.9 0000002F 41.5447502 -86.9909210  -16.98  1650.0 0.0 31449776
 -17.01  256.33   99.00 813.203  1653.0 0.0000 0.0000 3.9532 39.12  9837.2 0000002F 41.5448799 -86.9907379  -16.85  1654.0 0.0 31450208
 -16.89  256.46   99.00 812.888  1655.9 0.0000 0.0000 3.9505 39.11  9857.5 0000002F 41.5450211 -86.9905624  -16.73  1657.0 0.0 31450640
 -17.15  256.19   99.00 812.564  1657.9 0.0000 0.0000 3.9476 39.10  9877.6 0000002F 41.5451584 -86.9903793  -16.99  1659.0 0.0 31451072
 -17.41  255.93   99.00 812.250  1659.9 0.0000 0.0000 3.9444 39.10  9898.4 0000002F 41.5452995 -86.9901886  -17.25  1661.0 0.0 31451504
 -17.67  255.66   99.00 811.946  1661.9 0.0000 0.0000 3.9414 39.11  9918.1 0000002F 41.5454292 -86.9899979  -17.51  1663.0 0.0 31451936
 -17.76  255.57   99.00 811.634  1664.9 0.0000 0.0000 3.9388 39.15  9937.0 0000002F 41.5455513 -86.9898071  -17.60  1666.0 0.0 31452368
 -17.86  255.48   99.00 811.342  1666.9 0.0000 0.0000 3.9360 39.19  9955.8 0000002F 41.5456810 -86.9896393  -17.70  1668.0 0.0 31452800
 -17.95  255.38   99.00 811.049  1670.9 0.0000 0.0000 3.9333 39.23  9973.8 0000002F 41.5457993 -86.9894638  -17.79  1672.0 0.0 31453232
 -18.04  255.29   99.00 810.746  1673.9 0.0000 0.0000 3.9308 39.30  9991.7 0000002F 41.5459213 -86.9893036  -17.88  1675.0 0.0 31453664
 -18.14  255.19   99.00 810.424  1675.9 0.0000 0.0000 3.9291 39.38 10009.1 0000002F 41.5460396 -86.9891434  -17.98  1677.0 0.0 31454096
 -18.23  255.10   99.00 810.092  1678.9 0.0000 0.0000 3.9279 39.47 10026.5 0000002F 41.5461617 -86.9889984  -18.07  1680.0 0.0 31454528
 -18.26  255.07   99.00 809.749  1681.9 0.0000 0.0000 3.9268 39.57 10044.6 0000002F 41.5462914 -86.9888535  -18.09  1683.0 0.0 31454960
 -18.28  255.05   99.00 809.396  1684.9 0.0000 0.0000 3.9256 39.70 10063.2 0000002F 41.5464211 -86.9886932  -18.12  1686.0 0.0 31455392
 -18.31  255.02   99.00 809.053  1687.9 0.0000 0.0000 3.9244 39.87 10081.9 0000002F 41.5465508 -86.9885330  -18.15  1689.0 0.0 31455824
 -18.33  255.00   99.00 808.710  1691.9 0.0000 0.0000 3.9232 40.04 10101.1 0000002F 41.5466805 -86.9883575  -18.17  1693.0 0.0 31456256
 -18.36  254.97   99.00 808.357  1694.9 0.0000 0.0000 3.9218 40.21 10119.7 0000002F 41.5468102 -86.9881973  -18.19  1696.0 0.0 31456688
 -18.38  254.94   99.00 808.012  1698.9 0.0000 0.0000 3.9200 40.38 10140.6 0000002F 41.5469589 -86.9880295  -18.22  1700.0 0.0 31457120
 -18.48  254.85   99.00 807.675  1701.9 0.0000 0.0000 3.9181 40.54 10161.3 0000002F 41.5471039 -86.9878540  -18.32  1703.0 0.0 31457552
 -18.58  254.75   99.00 807.337  1704.9 0.0000 0.0000 3.9161 40.69 10181.9 0000002F 41.5472450 -86.9876709  -18.42  1706.0 0.0 31457696
 -18.68  254.65   99.00 807.000  1707.9 0.0000 0.0000 3.9138 40.81 10202.3 0000002F 41.5473862 -86.9874954  -18.51  1709.0 0.0 31457840
 -18.77  254.55   99.00 806.672  1710.9 0.0000 0.0000 3.9110 40.92 10223.0 0000002F 41.5475311 -86.9873199  -18.61  1712.0 0.0 31457984
 -18.87  254.45   99.00 806.345  1713.9 0.0000 0.0000 3.9085 41.04 10243.0 0000002F 41.5476608 -86.9871216  -18.71  1715.0 0.0 31458416
 -18.97  254.35   99.00 806.028  1716.9 0.0000 0.0000 3.9062 41.16 10263.8 0000002F 41.5477982 -86.9869232  -18.81  1718.0 0.0 31459984
 -19.13  254.19   99.00 805.712  1719.9 0.0000 0.0000 3.9042 41.30 10282.9 0000002F 41.5479317 -86.9867630  -18.97  1721.0 0.0 31460416
 -19.28  254.03   99.00 805.405  1722.9 0.0000 0.0000 3.9018 41.44 10301.6 0000002F 41.5480614 -86.9866028  -19.12  1724.0 0.0 31460848
 -19.44  253.87   99.00 805.108  1725.9 0.0000 0.0000 3.8992 41.59 10320.8 0000003F 41.5481911 -86.9864273  -19.28  1727.0 0.0 31461280
 -19.17  254.14   99.00 804.813  1728.9 0.0000 0.0000 3.8966 41.75 10339.4 0000002F 41.5483093 -86.9862366  -19.01  1730.0 0.0 31461712
 -18.90  254.42   99.00 804.527  1731.9 0.0000 0.0000 3.8941 41.89 10358.9 0000002F 41.5484390 -86.9860535  -18.74  1733.0 0.0 31462144
 -18.63  254.69   99.00 804.233  1734.9 0.0000 0.0000 3.8919 42.02 10379.9 0000002F 41.5485802 -86.9858627  -18.47  1736.0 0.0 31462576
 -18.36  254.96   99.00 803.940  1736.9 0.0000 0.0000 3.8899 42.13 10401.6 0008002F 41.5487289 -86.9856720  -18.20  1738.0 0.0 31463008
 -18.10  255.24   99.00 803.656  1738.9 0.0000 0.0000 3.8883 42.24 10424.4 0000002F 41.5488892 -86.9854813  -17.94  1740.0 0.0 31463440
 -17.83  255.51   99.00 803.373  1741.9 0.0000 0.0000 3.8873 42.35 10447.0 0000002F 41.5490494 -86.9852982  -17.67  1743.0 0.0 31463872
 -17.56  255.78   99.00 803.090  1743.9 0.0000 0.0000 3.8864 42.46 10469.4 0000002F 41.5492096 -86.9851227  -17.40  1745.0 0.0 31464304
 -17.29  256.06   99.00 802.818  1746.9 0.0000 0.0000 3.8858 42.57 10491.2 0000002F 41.5493698 -86.9849625  -17.13  1748.0 0.0 31464736
 -17.02  256.33   99.00 802.546  1749.9 0.0000 0.0000 3.8853 42.68 10512.4 0000002F 41.5495186 -86.9847870  -16.86  1751.0 0.0 31465168
 -16.76  256.59   99.00 802.267  1751.9 0.0000 0.0000 3.8848 42.80 10532.2 0000002F 41.5496597 -86.9846268  -16.61  1753.0 0.0 31465600
 -16.51  256.85   99.00 801.982  1754.9 0.0000 0.0000 3.8843 42.91 10552.1 0000002F 41.5498009 -86.9844666  -16.35  1756.0 0.0 31466032
 -16.25  257.11   99.00 801.700  1757.9 0.0000 0.0000 3.8836 43.02 10571.9 0000002F 41.5499382 -86.9842987  -16.10  1759.0 0.0 31466464
 -16.00  257.37   99.00 801.411  1759.9 0.0000 0.0000 3.8830 43.13 10592.3 0000002F 41.5500793 -86.9841232  -15.84  1761.0 0.0 31466896
 -15.74  257.63   99.00 801.125  1762.8 0.0000 0.0000 3.8826 43.22 10613.3 0000002F 41.5502205 -86.9839325  -15.59  1764.0 0.0 31467328
 -15.49  257.89   99.00 800.843  1765.6 0.0000 0.0000 3.8825 43.30 10635.9 0000002F 41.5503769 -86.9837418  -15.33  1766.8 0.0 31467760
 -15.23  258.15   99.00 800.554  1768.3 0.0000 0.0000 3.8827 43.35 10658.0 0000002F 41.5505295 -86.9835510  -15.08  1769.5 0.0 31467904
 -14.98  258.41   99.00 800.268  1771.1 0.0000 0.0000 3.8833 43.39 10680.1 0000002F 41.5506821 -86.9833603  -14.82  1772.3 0.0 31468048
 -14.72  258.67   99.00 799.985  1773.8 0.0000 0.0000 3.8843 43.43 10702.7 0000002F 41.5508385 -86.9831696  -14.57  1775.0 0.0 31468192
 -14.47  258.93   99.00 799.696  1776.5 0.0000 0.0000 3.8855 43.44 10724.4 0000002F 41.5509949 -86.9830017  -14.31  1777.7 0.0 31468624
 -14.21  259.19   99.00 799.409  1779.2 0.0000 0.0000 3.8870 43.45 10746.1 0000002F 41.5511513 -86.9828339  -14.06  1780.4 0.0 31468768
 -13.96  259.45   99.00 799.123  1781.9 0.0000 0.0000 3.8888 43.44 10767.8 0000002F 41.5513077 -86.9826660  -13.80  1783.1 0.0 31468912
 -13.70  259.71   99.00 798.836  1784.6 0.0000 0.0000 3.8908 43.42 10789.6 0000002F 41.5514641 -86.9824982  -13.55  1785.8 0.0 31469056
 -13.45  259.97   99.00 798.549  1787.3 0.0000 0.0000 3.8931 43.39 10811.3 0000002F 41.5516205 -86.9823303  -13.29  1788.5 0.0 31469200
 -13.19  260.23   99.00 798.259  1790.0 0.0000 0.0000 3.8955 43.36 10832.9 0000002F 41.5517731 -86.9821548  -13.03  1791.2 0.0 31469344
 -12.94  260.49   99.00 797.966  1792.7 0.0000 0.0000 3.8980 43.32 10854.7 0000002F 41.5519295 -86.9819870  -12.78  1793.9 0.0 31469488
 -12.68  260.75   99.00 797.680  1795.4 0.0000 0.0000 3.9004 43.28 10876.4 0000002F 41.5520859 -86.9818192  -12.53  1796.6 0.0 31469632
 -12.43  261.02   99.00 797.401  1798.1 0.0000 0.0000 3.9028 43.24 10898.1 0000002F 41.5522423 -86.9816513  -12.27  1799.3 0.0 31469776
 -12.17  261.28   99.00 797.129  1800.8 0.0000 0.0000 3.9049 43.20 10919.9 0000002F 41.5523987 -86.9814835  -12.01  1802.0 0.0 31469920
 -11.92  261.54   99.00 796.864  1803.8 0.0000 0.0000 3.9067 43.16 10942.3 0000002F 41.5525513 -86.9812851  -11.76  1805.0 0.0 31470352
 -11.66  261.80   99.00 796.607  1806.8 0.0000 0.0000 3.9083 43.13 10964.4 0000002F 41.5527000 -86.9810867  -11.51  1808.0 0.0 31470496
 -11.41  262.06   99.00 796.357  1808.8 0.0000 0.0000 3.9095 43.10 10984.1 0000002F 41.5528297 -86.9809036  -11.25  1810.0 0.0 31470928
 -11.15  262.32   99.00 796.113  1810.8 0.0000 0.0000 3.9103 43.08 11004.0 0000002F 41.5529594 -86.9807129  -10.99  1812.0 0.0 31471360
 -10.90  262.59   99.00 795.878  1812.8 0.0000 0.0000 3.9110 43.05 11023.6 0000002F 41.5530891 -86.9805298  -10.74  1814.0 0.0 31471504
 -11.04  262.45   99.00 795.649  1814.8 0.0000 0.0000 3.9115 43.01 11045.0 0000002F 41.5532303 -86.9803314  -10.88  1816.0 0.0 31471936
 -11.18  262.30   99.00 795.436  1816.8 0.0000 0.0000 3.9119 42.99 11065.2 0010002F 41.5533600 -86.9801331  -11.02  1818.0 0.0 31472368
 -11.31  262.16   99.00 795.237  1818.8 0.0000 0.0000 3.9122 42.96 11084.8 0000002F 41.5534897 -86.9799500  -11.15  1820.0 0.0 31472800
 -11.45  262.02   99.00 795.038  1820.8 0.0000 0.0000 3.9125 42.94 11104.5 0000002F 41.5536194 -86.9797668  -11.29  1822.0 0.0 31473232
 -11.59  261.88   99.00 794.840  1822.8 0.0000 0.0000 3.9129 42.92 11124.2 0000002F 41.5537491 -86.9795837  -11.43  1824.0 0.0 31473664
 -11.30  262.18   99.00 794.649  1824.8 0.0000 0.0000 3.9133 42.90 11145.3 0000002F 41.5538902 -86.9793930  -11.14  1826.0 0.0 31474096
 -11.00  262.48   99.00 794.464  1826.3 0.0000 0.0000 3.9138 42.89 11165.3 0000002F 41.5540237 -86.9792099  -10.84  1827.5 0.0 31474528
 -10.71  262.78   99.00 794.283  1827.8 0.0000 0.0000 3.9145 42.87 11185.8 0000002F 41.5541611 -86.9790268  -10.55  1829.0 0.0 31474960
 -10.41  263.09   99.00 794.108  1829.8 0.0000 0.0000 3.9154 42.85 11206.7 0000002F 41.5543060 -86.9788513  -10.25  1831.0 0.0 31475392
 -10.12  263.39   99.00 793.937  1831.8 0.0000 0.0000 3.9165 42.83 11227.4 0000002F 41.5544510 -86.9786835   -9.96  1833.0 0.0 31475824
  -9.83  263.69   99.00 793.770  1833.3 0.0000 0.0000 3.9178 42.81 11248.9 0000002F 41.5545998 -86.9785004   -9.67  1834.5 0.0 31477392
  -9.53  263.99   99.00 793.609  1834.8 0.0000 0.0000 3.9191 42.79 11270.5 0000002F 41.5547485 -86.9783173   -9.37  1836.0 0.0 31477824
  -9.24  264.30   99.00 793.447  1836.3 0.0000 0.0000 3.9205 42.77 11292.5 0000002F 41.5549011 -86.9781342   -9.08  1837.5 0.0 31478256
  -8.94  264.60   99.00 793.286  1837.8 0.0000 0.0000 3.9221 42.76 11314.4 0000002F 41.5550499 -86.9779434   -8.79  1839.0 0.0 31478400
  -8.65  264.90   99.00 793.129  1839.3 0.0000 0.0000 3.9237 42.77 11335.9 0000002F 41.5551949 -86.9777527   -8.49  1840.5 0.0 31478832
  -8.36  265.21   99.00 792.978  1840.8 0.0000 0.0000 3.9252 42.79 11357.4 0000002F 41.5553398 -86.9775620   -8.20  1842.0 0.0 31479264
  -8.06  265.51   99.00 792.826  1842.3 0.0000 0.0000 3.9267 42.82 11377.3 0000002F 41.5554733 -86.9773865   -7.90  1843.5 0.0 31479696
  -7.77  265.82   99.00 792.674  1843.8 0.0000 0.0000 3.9280 42.85 11397.7 0000002F 41.5556107 -86.9772034   -7.61  1845.0 0.0 31480128
  -7.48  266.12   99.00 792.523  1845.3 0.0000 0.0000 3.9291 42.90 11418.5 0000002F 41.5557480 -86.9770126   -7.32  1846.5 0.0 31480560
  -7.18  266.43   99.00 792.372  1846.8 0.0000 0.0000 3.9300 42.95 11438.9 0000002F 41.5558815 -86.9768219   -7.02  1848.0 0.0 31480992
  -6.89  266.73   99.00 792.217  1848.2 0.0000 0.0000 3.9308 42.99 11459.4 0000002F 41.5560188 -86.9766388   -6.73  1849.4 0.0 31481424
  -6.59  267.04   99.00 792.058  1849.6 0.0000 0.0000 3.9315 43.04 11479.5 0000002F 41.5561523 -86.9764557   -6.44  1850.8 0.0 31481856
  -6.30  267.34   99.00 791.898  1851.0 0.0000 0.0000 3.9319 43.09 11500.3 0000002F 41.5562897 -86.9762650   -6.14  1852.2 0.0 31482288
  -6.01  267.65   99.00 791.739  1852.4 0.0000 0.0000 3.9322 43.15 11520.5 0000002F 41.5564232 -86.9760818   -5.85  1853.6 0.0 31482720
  -5.71  267.95   99.00 791.575  1853.8 0.0000 0.0000 3.9323 43.20 11541.0 0000002F 41.5565605 -86.9758987   -5.55  1855.0 0.0 31483152
  -5.42  268.26   99.00 791.406  1855.8 0.0000 0.0000 3.9323 43.25 11562.5 0000002F 41.5567055 -86.9757080   -5.26  1857.0 0.0 31483584
  -5.13  268.57   99.00 791.241  1857.8 0.0000 0.0000 3.9320 43.30 11584.1 0000002F 41.5568504 -86.9755173   -4.97  1859.0 0.0 31484016
  -4.83  268.87   99.00 791.075  1859.3 0.0000 0.0000 3.9315 43.36 11605.3 0000002F 41.5569916 -86.9753265   -4.67  1860.5 0.0 31484448
