if: Expression Syntax.
then: Command not found.
/anaconda/lib/python3.6/site-packages/metpy/xarray.py:381: MetpyDeprecationWarning: The get_wind_speed function was deprecated in version 0.9. This function has been renamed wind_speed.
  return func(*args, **kwargs)
2019020112
The time resolution is 0.125 days
The time step between forecast hours is 3.0 hours
Got the 850-hPa Heights and TMPK
Got the 500-hPa Heights and AVOR
Got the 300-hPa Heights, UWND, and VWND
Got the MSLPs, 1000-hPa Heights, and SFC Precip
2019-02-01 12:00:00
2019-02-01 15:00:00
2019-02-01 18:00:00
2019-02-01 21:00:00
2019-02-02 00:00:00
2019-02-02 03:00:00
2019-02-02 06:00:00
2019-02-02 09:00:00
2019-02-02 12:00:00
2019-02-02 15:00:00
2019-02-02 18:00:00
2019-02-02 21:00:00
2019-02-03 00:00:00
2019-02-03 03:00:00
2019-02-03 06:00:00
2019-02-03 09:00:00
2019-02-03 12:00:00
2019-02-03 15:00:00
2019-02-03 18:00:00
2019-02-03 21:00:00
2019-02-04 00:00:00
2019-02-04 03:00:00
2019-02-04 06:00:00
2019-02-04 09:00:00
2019-02-04 12:00:00
2019-02-04 15:00:00
2019-02-04 18:00:00
2019-02-04 21:00:00
2019-02-05 00:00:00
2019-02-05 03:00:00
2019-02-05 06:00:00
2019-02-05 09:00:00
2019-02-05 12:00:00
2019-02-05 15:00:00
2019-02-05 18:00:00
2019-02-05 21:00:00
2019-02-06 00:00:00
2019-02-06 03:00:00
2019-02-06 06:00:00
2019-02-06 09:00:00
2019-02-06 12:00:00
2019-02-06 15:00:00
2019-02-06 18:00:00
2019-02-06 21:00:00
2019-02-07 00:00:00
2019-02-07 03:00:00
2019-02-07 06:00:00
2019-02-07 09:00:00
2019-02-07 12:00:00
2019-02-07 15:00:00
2019-02-07 18:00:00
2019-02-07 21:00:00
2019-02-08 00:00:00
2019-02-08 03:00:00
2019-02-08 06:00:00
2019-02-08 09:00:00
2019-02-08 12:00:00
2019-02-08 15:00:00
2019-02-08 18:00:00
2019-02-08 21:00:00
2019-02-09 00:00:00
2019-02-09 03:00:00
2019-02-09 06:00:00
2019-02-09 09:00:00
2019-02-09 12:00:00
2019-02-09 15:00:00
2019-02-09 18:00:00
2019-02-09 21:00:00
2019-02-10 00:00:00
2019-02-10 03:00:00
2019-02-10 06:00:00
2019-02-10 09:00:00
2019-02-10 12:00:00
2019-02-10 15:00:00
2019-02-10 18:00:00
2019-02-10 21:00:00
2019-02-11 00:00:00
2019-02-11 03:00:00
2019-02-11 06:00:00
2019-02-11 09:00:00
2019-02-11 12:00:00
